[2023-12-12 20:23:04.998] [jointLog] [info] setting maxHashResizeThreads to 10
[2023-12-12 20:23:04.998] [jointLog] [info] Fragment incompatibility prior below threshold.  Incompatible fragments will be ignored.
[2023-12-12 20:23:04.998] [jointLog] [info] Usage of --validateMappings implies use of minScoreFraction. Since not explicitly specified, it is being set to 0.65
[2023-12-12 20:23:04.998] [jointLog] [info] Setting consensusSlack to selective-alignment default of 0.35.
[2023-12-12 20:23:04.998] [jointLog] [info] parsing read library format
[2023-12-12 20:23:04.998] [jointLog] [info] There is 1 library.
[2023-12-12 20:23:04.998] [jointLog] [info] Loading pufferfish index
[2023-12-12 20:23:04.998] [jointLog] [info] Loading dense pufferfish index.
[2023-12-12 20:23:14.754] [jointLog] [info] done
[2023-12-12 20:23:14.772] [jointLog] [info] Index contained 147,865 targets
[2023-12-12 20:23:15.225] [jointLog] [info] Number of decoys : 61
[2023-12-12 20:23:15.225] [jointLog] [info] First decoy index : 147,765 
[2023-12-12 20:23:15.574] [jointLog] [info] Automatically detected most likely library type as ISR

[2023-12-12 20:27:39.351] [jointLog] [info] Thread saw mini-batch with a maximum of 6.58% zero probability fragments
[2023-12-12 20:27:39.351] [jointLog] [info] Thread saw mini-batch with a maximum of 6.58% zero probability fragments
[2023-12-12 20:27:39.382] [jointLog] [info] Thread saw mini-batch with a maximum of 6.58% zero probability fragments
[2023-12-12 20:27:39.385] [jointLog] [info] Thread saw mini-batch with a maximum of 6.78% zero probability fragments
[2023-12-12 20:27:39.415] [jointLog] [info] Thread saw mini-batch with a maximum of 6.76% zero probability fragments
[2023-12-12 20:27:39.451] [jointLog] [info] Thread saw mini-batch with a maximum of 6.58% zero probability fragments
[2023-12-12 20:27:39.463] [jointLog] [info] Thread saw mini-batch with a maximum of 6.58% zero probability fragments
[2023-12-12 20:27:39.469] [jointLog] [info] Thread saw mini-batch with a maximum of 6.72% zero probability fragments
[2023-12-12 20:27:39.501] [jointLog] [info] Thread saw mini-batch with a maximum of 6.76% zero probability fragments
[2023-12-12 20:27:39.535] [jointLog] [info] Thread saw mini-batch with a maximum of 6.64% zero probability fragments
[2023-12-12 20:27:39.594] [jointLog] [info] Computed 243,914 rich equivalence classes for further processing
[2023-12-12 20:27:39.594] [jointLog] [info] Counted 32,765,547 total reads in the equivalence classes 
[2023-12-12 20:27:39.597] [jointLog] [info] Number of mappings discarded because of alignment score : 22,571,114
[2023-12-12 20:27:39.597] [jointLog] [info] Number of fragments entirely discarded because of alignment score : 3,848,623
[2023-12-12 20:27:39.597] [jointLog] [info] Number of fragments discarded because they are best-mapped to decoys : 3,093,705
[2023-12-12 20:27:39.597] [jointLog] [info] Number of fragments discarded because they have only dovetail (discordant) mappings to valid targets : 361,614
[2023-12-12 20:27:39.597] [jointLog] [info] Mapping rate = 68.6798%

[2023-12-12 20:27:39.597] [jointLog] [info] finished quantifyLibrary()
[2023-12-12 20:27:39.597] [jointLog] [info] Starting optimizer
[2023-12-12 20:27:39.622] [jointLog] [info] Marked 0 weighted equivalence classes as degenerate
[2023-12-12 20:27:39.627] [jointLog] [info] iteration = 0 | max rel diff. = 7448.78
[2023-12-12 20:27:39.682] [jointLog] [info] iteration 11, adjusting effective lengths to account for biases
[2023-12-12 20:27:39.594] [fileLog] [info] 
At end of round 0
==================
Observed 47707709 total fragments (47707709 in most recent round)

[2023-12-12 20:27:45.684] [jointLog] [info] Computed expected counts (for bias correction)
[2023-12-12 20:27:45.684] [jointLog] [info] processed bias for 0.0% of the transcripts
[2023-12-12 20:27:46.216] [jointLog] [info] processed bias for 10.0% of the transcripts
[2023-12-12 20:27:46.766] [jointLog] [info] processed bias for 20.0% of the transcripts
[2023-12-12 20:27:47.330] [jointLog] [info] processed bias for 30.0% of the transcripts
[2023-12-12 20:27:47.881] [jointLog] [info] processed bias for 40.0% of the transcripts
[2023-12-12 20:27:48.463] [jointLog] [info] processed bias for 50.0% of the transcripts
[2023-12-12 20:27:49.019] [jointLog] [info] processed bias for 60.0% of the transcripts
[2023-12-12 20:27:49.557] [jointLog] [info] processed bias for 70.0% of the transcripts
[2023-12-12 20:27:50.097] [jointLog] [info] processed bias for 80.0% of the transcripts
[2023-12-12 20:27:50.647] [jointLog] [info] processed bias for 90.0% of the transcripts
[2023-12-12 20:27:51.177] [jointLog] [info] processed bias for 100.0% of the transcripts
[2023-12-12 20:27:51.665] [jointLog] [info] iteration = 100 | max rel diff. = 17.0051
[2023-12-12 20:27:52.205] [jointLog] [info] iteration = 200 | max rel diff. = 3.45762
[2023-12-12 20:27:52.745] [jointLog] [info] iteration = 300 | max rel diff. = 0.84429
[2023-12-12 20:27:53.286] [jointLog] [info] iteration = 400 | max rel diff. = 1.31521
[2023-12-12 20:27:53.826] [jointLog] [info] iteration = 500 | max rel diff. = 0.308678
[2023-12-12 20:27:54.369] [jointLog] [info] iteration = 600 | max rel diff. = 0.178478
[2023-12-12 20:27:54.908] [jointLog] [info] iteration = 700 | max rel diff. = 0.101614
[2023-12-12 20:27:55.448] [jointLog] [info] iteration = 800 | max rel diff. = 0.763326
[2023-12-12 20:27:55.988] [jointLog] [info] iteration = 900 | max rel diff. = 0.199615
[2023-12-12 20:27:56.528] [jointLog] [info] iteration = 1,000 | max rel diff. = 0.0595402
[2023-12-12 20:27:57.067] [jointLog] [info] iteration = 1,100 | max rel diff. = 0.123293
[2023-12-12 20:27:57.607] [jointLog] [info] iteration = 1,200 | max rel diff. = 0.0170724
[2023-12-12 20:27:58.145] [jointLog] [info] iteration = 1,300 | max rel diff. = 0.0296155
[2023-12-12 20:27:58.414] [jointLog] [info] iteration = 1,351 | max rel diff. = 0.00719733
[2023-12-12 20:27:58.420] [jointLog] [info] Finished optimizer
[2023-12-12 20:27:58.420] [jointLog] [info] writing output 

