[2023-12-12 19:12:08.652] [jointLog] [info] setting maxHashResizeThreads to 10
[2023-12-12 19:12:08.652] [jointLog] [info] Fragment incompatibility prior below threshold.  Incompatible fragments will be ignored.
[2023-12-12 19:12:08.652] [jointLog] [info] Usage of --validateMappings implies use of minScoreFraction. Since not explicitly specified, it is being set to 0.65
[2023-12-12 19:12:08.652] [jointLog] [info] Setting consensusSlack to selective-alignment default of 0.35.
[2023-12-12 19:12:08.652] [jointLog] [info] parsing read library format
[2023-12-12 19:12:08.652] [jointLog] [info] There is 1 library.
[2023-12-12 19:12:08.652] [jointLog] [info] Loading pufferfish index
[2023-12-12 19:12:08.652] [jointLog] [info] Loading dense pufferfish index.
[2023-12-12 19:12:18.419] [jointLog] [info] done
[2023-12-12 19:12:18.437] [jointLog] [info] Index contained 147,865 targets
[2023-12-12 19:12:18.890] [jointLog] [info] Number of decoys : 61
[2023-12-12 19:12:18.890] [jointLog] [info] First decoy index : 147,765 
[2023-12-12 19:12:19.166] [jointLog] [info] Automatically detected most likely library type as ISR

[2023-12-12 19:15:52.560] [jointLog] [info] Thread saw mini-batch with a maximum of 4.98% zero probability fragments
[2023-12-12 19:15:52.560] [jointLog] [info] Thread saw mini-batch with a maximum of 4.84% zero probability fragments
[2023-12-12 19:15:52.566] [jointLog] [info] Thread saw mini-batch with a maximum of 4.88% zero probability fragments
[2023-12-12 19:15:52.603] [jointLog] [info] Thread saw mini-batch with a maximum of 4.98% zero probability fragments
[2023-12-12 19:15:52.614] [jointLog] [info] Thread saw mini-batch with a maximum of 4.82% zero probability fragments
[2023-12-12 19:15:52.619] [jointLog] [info] Thread saw mini-batch with a maximum of 4.86% zero probability fragments
[2023-12-12 19:15:52.620] [jointLog] [info] Thread saw mini-batch with a maximum of 4.68% zero probability fragments
[2023-12-12 19:15:52.657] [jointLog] [info] Thread saw mini-batch with a maximum of 4.82% zero probability fragments
[2023-12-12 19:15:52.673] [jointLog] [info] Thread saw mini-batch with a maximum of 4.84% zero probability fragments
[2023-12-12 19:15:52.687] [jointLog] [info] Thread saw mini-batch with a maximum of 4.88% zero probability fragments
[2023-12-12 19:15:52.749] [jointLog] [info] Computed 250,575 rich equivalence classes for further processing
[2023-12-12 19:15:52.749] [jointLog] [info] Counted 35,068,465 total reads in the equivalence classes 
[2023-12-12 19:15:52.751] [jointLog] [info] Number of mappings discarded because of alignment score : 16,249,141
[2023-12-12 19:15:52.751] [jointLog] [info] Number of fragments entirely discarded because of alignment score : 2,393,183
[2023-12-12 19:15:52.751] [jointLog] [info] Number of fragments discarded because they are best-mapped to decoys : 1,884,346
[2023-12-12 19:15:52.751] [jointLog] [info] Number of fragments discarded because they have only dovetail (discordant) mappings to valid targets : 182,099
[2023-12-12 19:15:52.751] [jointLog] [info] Mapping rate = 81.1926%

[2023-12-12 19:15:52.751] [jointLog] [info] finished quantifyLibrary()
[2023-12-12 19:15:52.751] [jointLog] [info] Starting optimizer
[2023-12-12 19:15:52.777] [jointLog] [info] Marked 0 weighted equivalence classes as degenerate
[2023-12-12 19:15:52.782] [jointLog] [info] iteration = 0 | max rel diff. = 6958.18
[2023-12-12 19:15:52.837] [jointLog] [info] iteration 11, adjusting effective lengths to account for biases
[2023-12-12 19:15:52.749] [fileLog] [info] 
At end of round 0
==================
Observed 43191693 total fragments (43191693 in most recent round)

[2023-12-12 19:15:58.946] [jointLog] [info] Computed expected counts (for bias correction)
[2023-12-12 19:15:58.946] [jointLog] [info] processed bias for 0.0% of the transcripts
[2023-12-12 19:15:59.451] [jointLog] [info] processed bias for 10.0% of the transcripts
[2023-12-12 19:16:00.035] [jointLog] [info] processed bias for 20.0% of the transcripts
[2023-12-12 19:16:00.618] [jointLog] [info] processed bias for 30.0% of the transcripts
[2023-12-12 19:16:01.177] [jointLog] [info] processed bias for 40.0% of the transcripts
[2023-12-12 19:16:01.675] [jointLog] [info] processed bias for 50.0% of the transcripts
[2023-12-12 19:16:02.239] [jointLog] [info] processed bias for 60.0% of the transcripts
[2023-12-12 19:16:02.788] [jointLog] [info] processed bias for 70.0% of the transcripts
[2023-12-12 19:16:03.319] [jointLog] [info] processed bias for 80.0% of the transcripts
[2023-12-12 19:16:03.910] [jointLog] [info] processed bias for 90.0% of the transcripts
[2023-12-12 19:16:04.518] [jointLog] [info] processed bias for 100.0% of the transcripts
[2023-12-12 19:16:04.521] [jointLog] [info] processed bias for 100.0% of the transcripts
[2023-12-12 19:16:05.011] [jointLog] [info] iteration = 100 | max rel diff. = 18.5211
[2023-12-12 19:16:05.554] [jointLog] [info] iteration = 200 | max rel diff. = 1.67763
[2023-12-12 19:16:06.098] [jointLog] [info] iteration = 300 | max rel diff. = 3.34657
[2023-12-12 19:16:06.643] [jointLog] [info] iteration = 400 | max rel diff. = 10.9825
[2023-12-12 19:16:07.188] [jointLog] [info] iteration = 500 | max rel diff. = 0.408678
[2023-12-12 19:16:07.731] [jointLog] [info] iteration = 600 | max rel diff. = 10.1464
[2023-12-12 19:16:08.276] [jointLog] [info] iteration = 700 | max rel diff. = 0.197542
[2023-12-12 19:16:08.818] [jointLog] [info] iteration = 800 | max rel diff. = 0.0920452
[2023-12-12 19:16:09.020] [jointLog] [info] iteration = 838 | max rel diff. = 0.00971177
[2023-12-12 19:16:09.025] [jointLog] [info] Finished optimizer
[2023-12-12 19:16:09.025] [jointLog] [info] writing output 

