[2023-12-13 00:36:00.211] [jointLog] [info] setting maxHashResizeThreads to 10
[2023-12-13 00:36:00.211] [jointLog] [info] Fragment incompatibility prior below threshold.  Incompatible fragments will be ignored.
[2023-12-13 00:36:00.211] [jointLog] [info] Usage of --validateMappings implies use of minScoreFraction. Since not explicitly specified, it is being set to 0.65
[2023-12-13 00:36:00.211] [jointLog] [info] Setting consensusSlack to selective-alignment default of 0.35.
[2023-12-13 00:36:00.211] [jointLog] [info] parsing read library format
[2023-12-13 00:36:00.211] [jointLog] [info] There is 1 library.
[2023-12-13 00:36:00.211] [jointLog] [info] Loading pufferfish index
[2023-12-13 00:36:00.211] [jointLog] [info] Loading dense pufferfish index.
[2023-12-13 00:36:10.082] [jointLog] [info] done
[2023-12-13 00:36:10.099] [jointLog] [info] Index contained 147,865 targets
[2023-12-13 00:36:10.548] [jointLog] [info] Number of decoys : 61
[2023-12-13 00:36:10.548] [jointLog] [info] First decoy index : 147,765 
[2023-12-13 00:36:10.967] [jointLog] [info] Automatically detected most likely library type as ISR

[2023-12-13 00:40:26.461] [jointLog] [info] Thread saw mini-batch with a maximum of 5.22% zero probability fragments
[2023-12-13 00:40:26.467] [jointLog] [info] Thread saw mini-batch with a maximum of 5.06% zero probability fragments
[2023-12-13 00:40:26.473] [jointLog] [info] Thread saw mini-batch with a maximum of 5.14% zero probability fragments
[2023-12-13 00:40:26.479] [jointLog] [info] Thread saw mini-batch with a maximum of 5.34% zero probability fragments
[2023-12-13 00:40:26.509] [jointLog] [info] Thread saw mini-batch with a maximum of 5.04% zero probability fragments
[2023-12-13 00:40:26.584] [jointLog] [info] Thread saw mini-batch with a maximum of 5.12% zero probability fragments
[2023-12-13 00:40:26.586] [jointLog] [info] Thread saw mini-batch with a maximum of 5.10% zero probability fragments
[2023-12-13 00:40:26.591] [jointLog] [info] Thread saw mini-batch with a maximum of 5.16% zero probability fragments
[2023-12-13 00:40:26.618] [jointLog] [info] Thread saw mini-batch with a maximum of 5.16% zero probability fragments
[2023-12-13 00:40:26.641] [jointLog] [info] Thread saw mini-batch with a maximum of 5.12% zero probability fragments
[2023-12-13 00:40:26.705] [jointLog] [info] Computed 257,460 rich equivalence classes for further processing
[2023-12-13 00:40:26.705] [jointLog] [info] Counted 27,546,223 total reads in the equivalence classes 
[2023-12-13 00:40:26.707] [jointLog] [info] Number of mappings discarded because of alignment score : 14,908,491
[2023-12-13 00:40:26.707] [jointLog] [info] Number of fragments entirely discarded because of alignment score : 3,983,018
[2023-12-13 00:40:26.707] [jointLog] [info] Number of fragments discarded because they are best-mapped to decoys : 3,164,169
[2023-12-13 00:40:26.707] [jointLog] [info] Number of fragments discarded because they have only dovetail (discordant) mappings to valid targets : 279,753
[2023-12-13 00:40:26.707] [jointLog] [info] Mapping rate = 60.3216%

[2023-12-13 00:40:26.707] [jointLog] [info] finished quantifyLibrary()
[2023-12-13 00:40:26.708] [jointLog] [info] Starting optimizer
[2023-12-13 00:40:26.733] [jointLog] [info] Marked 0 weighted equivalence classes as degenerate
[2023-12-13 00:40:26.739] [jointLog] [info] iteration = 0 | max rel diff. = 8331.48
[2023-12-13 00:40:26.795] [jointLog] [info] iteration 11, adjusting effective lengths to account for biases
[2023-12-13 00:40:26.705] [fileLog] [info] 
At end of round 0
==================
Observed 45665590 total fragments (45665590 in most recent round)

[2023-12-13 00:40:33.238] [jointLog] [info] Computed expected counts (for bias correction)
[2023-12-13 00:40:33.238] [jointLog] [info] processed bias for 0.0% of the transcripts
[2023-12-13 00:40:33.763] [jointLog] [info] processed bias for 10.0% of the transcripts
[2023-12-13 00:40:34.319] [jointLog] [info] processed bias for 20.0% of the transcripts
[2023-12-13 00:40:34.895] [jointLog] [info] processed bias for 30.0% of the transcripts
[2023-12-13 00:40:35.482] [jointLog] [info] processed bias for 40.0% of the transcripts
[2023-12-13 00:40:36.060] [jointLog] [info] processed bias for 50.0% of the transcripts
[2023-12-13 00:40:36.640] [jointLog] [info] processed bias for 60.0% of the transcripts
[2023-12-13 00:40:37.208] [jointLog] [info] processed bias for 70.0% of the transcripts
[2023-12-13 00:40:37.813] [jointLog] [info] processed bias for 80.0% of the transcripts
[2023-12-13 00:40:38.344] [jointLog] [info] processed bias for 90.0% of the transcripts
[2023-12-13 00:40:38.851] [jointLog] [info] processed bias for 100.0% of the transcripts
[2023-12-13 00:40:38.852] [jointLog] [info] processed bias for 100.0% of the transcripts
[2023-12-13 00:40:39.356] [jointLog] [info] iteration = 100 | max rel diff. = 10.349
[2023-12-13 00:40:39.908] [jointLog] [info] iteration = 200 | max rel diff. = 18.0606
[2023-12-13 00:40:40.462] [jointLog] [info] iteration = 300 | max rel diff. = 0.40962
[2023-12-13 00:40:41.016] [jointLog] [info] iteration = 400 | max rel diff. = 0.586626
[2023-12-13 00:40:41.569] [jointLog] [info] iteration = 500 | max rel diff. = 0.136329
[2023-12-13 00:40:42.123] [jointLog] [info] iteration = 600 | max rel diff. = 5.51245
[2023-12-13 00:40:42.676] [jointLog] [info] iteration = 700 | max rel diff. = 0.268687
[2023-12-13 00:40:43.229] [jointLog] [info] iteration = 800 | max rel diff. = 0.0891293
[2023-12-13 00:40:43.783] [jointLog] [info] iteration = 900 | max rel diff. = 0.125553
[2023-12-13 00:40:44.341] [jointLog] [info] iteration = 1,000 | max rel diff. = 0.467171
[2023-12-13 00:40:44.895] [jointLog] [info] iteration = 1,100 | max rel diff. = 0.0458293
[2023-12-13 00:40:45.448] [jointLog] [info] iteration = 1,200 | max rel diff. = 0.0363688
[2023-12-13 00:40:46.002] [jointLog] [info] iteration = 1,300 | max rel diff. = 0.0142955
[2023-12-13 00:40:46.554] [jointLog] [info] iteration = 1,400 | max rel diff. = 0.1206
[2023-12-13 00:40:46.847] [jointLog] [info] iteration = 1,454 | max rel diff. = 0.00919018
[2023-12-13 00:40:46.853] [jointLog] [info] Finished optimizer
[2023-12-13 00:40:46.853] [jointLog] [info] writing output 

