[2023-12-12 21:06:27.889] [jointLog] [info] setting maxHashResizeThreads to 10
[2023-12-12 21:06:27.889] [jointLog] [info] Fragment incompatibility prior below threshold.  Incompatible fragments will be ignored.
[2023-12-12 21:06:27.889] [jointLog] [info] Usage of --validateMappings implies use of minScoreFraction. Since not explicitly specified, it is being set to 0.65
[2023-12-12 21:06:27.889] [jointLog] [info] Setting consensusSlack to selective-alignment default of 0.35.
[2023-12-12 21:06:27.889] [jointLog] [info] parsing read library format
[2023-12-12 21:06:27.889] [jointLog] [info] There is 1 library.
[2023-12-12 21:06:27.889] [jointLog] [info] Loading pufferfish index
[2023-12-12 21:06:27.889] [jointLog] [info] Loading dense pufferfish index.
[2023-12-12 21:06:37.656] [jointLog] [info] done
[2023-12-12 21:06:37.675] [jointLog] [info] Index contained 147,865 targets
[2023-12-12 21:06:38.158] [jointLog] [info] Number of decoys : 61
[2023-12-12 21:06:38.158] [jointLog] [info] First decoy index : 147,765 
[2023-12-12 21:06:38.474] [jointLog] [info] Automatically detected most likely library type as ISR

[2023-12-12 21:10:39.388] [jointLog] [info] Thread saw mini-batch with a maximum of 6.28% zero probability fragments
[2023-12-12 21:10:39.388] [jointLog] [info] Thread saw mini-batch with a maximum of 6.62% zero probability fragments
[2023-12-12 21:10:39.388] [jointLog] [info] Thread saw mini-batch with a maximum of 6.32% zero probability fragments
[2023-12-12 21:10:39.388] [jointLog] [info] Thread saw mini-batch with a maximum of 6.08% zero probability fragments
[2023-12-12 21:10:39.425] [jointLog] [info] Thread saw mini-batch with a maximum of 6.18% zero probability fragments
[2023-12-12 21:10:39.448] [jointLog] [info] Thread saw mini-batch with a maximum of 6.20% zero probability fragments
[2023-12-12 21:10:39.477] [jointLog] [info] Thread saw mini-batch with a maximum of 6.18% zero probability fragments
[2023-12-12 21:10:39.507] [jointLog] [info] Thread saw mini-batch with a maximum of 6.16% zero probability fragments
[2023-12-12 21:10:39.514] [jointLog] [info] Thread saw mini-batch with a maximum of 6.14% zero probability fragments
[2023-12-12 21:10:39.520] [jointLog] [info] Thread saw mini-batch with a maximum of 6.26% zero probability fragments
[2023-12-12 21:10:39.577] [jointLog] [info] Computed 233,572 rich equivalence classes for further processing
[2023-12-12 21:10:39.577] [jointLog] [info] Counted 36,872,683 total reads in the equivalence classes 
[2023-12-12 21:10:39.579] [jointLog] [info] Number of mappings discarded because of alignment score : 20,370,337
[2023-12-12 21:10:39.579] [jointLog] [info] Number of fragments entirely discarded because of alignment score : 3,083,673
[2023-12-12 21:10:39.579] [jointLog] [info] Number of fragments discarded because they are best-mapped to decoys : 2,381,329
[2023-12-12 21:10:39.579] [jointLog] [info] Number of fragments discarded because they have only dovetail (discordant) mappings to valid targets : 235,952
[2023-12-12 21:10:39.579] [jointLog] [info] Mapping rate = 75.8945%

[2023-12-12 21:10:39.579] [jointLog] [info] finished quantifyLibrary()
[2023-12-12 21:10:39.579] [jointLog] [info] Starting optimizer
[2023-12-12 21:10:39.604] [jointLog] [info] Marked 0 weighted equivalence classes as degenerate
[2023-12-12 21:10:39.610] [jointLog] [info] iteration = 0 | max rel diff. = 6423.53
[2023-12-12 21:10:39.577] [fileLog] [info] 
At end of round 0
==================
Observed 48584151 total fragments (48584151 in most recent round)

[2023-12-12 21:10:39.664] [jointLog] [info] iteration 11, adjusting effective lengths to account for biases
[2023-12-12 21:10:45.091] [jointLog] [info] Computed expected counts (for bias correction)
[2023-12-12 21:10:45.091] [jointLog] [info] processed bias for 0.0% of the transcripts
[2023-12-12 21:10:45.558] [jointLog] [info] processed bias for 10.0% of the transcripts
[2023-12-12 21:10:46.074] [jointLog] [info] processed bias for 20.0% of the transcripts
[2023-12-12 21:10:46.561] [jointLog] [info] processed bias for 30.0% of the transcripts
[2023-12-12 21:10:47.067] [jointLog] [info] processed bias for 40.0% of the transcripts
[2023-12-12 21:10:47.605] [jointLog] [info] processed bias for 50.0% of the transcripts
[2023-12-12 21:10:48.135] [jointLog] [info] processed bias for 60.0% of the transcripts
[2023-12-12 21:10:48.600] [jointLog] [info] processed bias for 70.0% of the transcripts
[2023-12-12 21:10:49.099] [jointLog] [info] processed bias for 80.0% of the transcripts
[2023-12-12 21:10:49.558] [jointLog] [info] processed bias for 90.0% of the transcripts
[2023-12-12 21:10:50.003] [jointLog] [info] processed bias for 100.0% of the transcripts
[2023-12-12 21:10:50.004] [jointLog] [info] processed bias for 100.0% of the transcripts
[2023-12-12 21:10:50.491] [jointLog] [info] iteration = 100 | max rel diff. = 5.60286
[2023-12-12 21:10:51.026] [jointLog] [info] iteration = 200 | max rel diff. = 11.793
[2023-12-12 21:10:51.561] [jointLog] [info] iteration = 300 | max rel diff. = 1.71522
[2023-12-12 21:10:52.097] [jointLog] [info] iteration = 400 | max rel diff. = 0.260334
[2023-12-12 21:10:52.632] [jointLog] [info] iteration = 500 | max rel diff. = 0.412181
[2023-12-12 21:10:53.167] [jointLog] [info] iteration = 600 | max rel diff. = 4.74529
[2023-12-12 21:10:53.704] [jointLog] [info] iteration = 700 | max rel diff. = 0.174186
[2023-12-12 21:10:54.237] [jointLog] [info] iteration = 800 | max rel diff. = 3.49778
[2023-12-12 21:10:54.775] [jointLog] [info] iteration = 900 | max rel diff. = 0.0810155
[2023-12-12 21:10:55.313] [jointLog] [info] iteration = 1,000 | max rel diff. = 0.164178
[2023-12-12 21:10:55.847] [jointLog] [info] iteration = 1,100 | max rel diff. = 0.144872
[2023-12-12 21:10:56.382] [jointLog] [info] iteration = 1,200 | max rel diff. = 0.101799
[2023-12-12 21:10:56.917] [jointLog] [info] iteration = 1,300 | max rel diff. = 0.151136
[2023-12-12 21:10:57.451] [jointLog] [info] iteration = 1,400 | max rel diff. = 0.173177
[2023-12-12 21:10:57.489] [jointLog] [info] iteration = 1,408 | max rel diff. = 0.00611662
[2023-12-12 21:10:57.494] [jointLog] [info] Finished optimizer
[2023-12-12 21:10:57.494] [jointLog] [info] writing output 

