[2023-12-13 01:05:27.811] [jointLog] [info] setting maxHashResizeThreads to 10
[2023-12-13 01:05:27.811] [jointLog] [info] Fragment incompatibility prior below threshold.  Incompatible fragments will be ignored.
[2023-12-13 01:05:27.811] [jointLog] [info] Usage of --validateMappings implies use of minScoreFraction. Since not explicitly specified, it is being set to 0.65
[2023-12-13 01:05:27.811] [jointLog] [info] Setting consensusSlack to selective-alignment default of 0.35.
[2023-12-13 01:05:27.811] [jointLog] [info] parsing read library format
[2023-12-13 01:05:27.811] [jointLog] [info] There is 1 library.
[2023-12-13 01:05:27.811] [jointLog] [info] Loading pufferfish index
[2023-12-13 01:05:27.811] [jointLog] [info] Loading dense pufferfish index.
[2023-12-13 01:05:37.638] [jointLog] [info] done
[2023-12-13 01:05:37.656] [jointLog] [info] Index contained 147,865 targets
[2023-12-13 01:05:38.113] [jointLog] [info] Number of decoys : 61
[2023-12-13 01:05:38.113] [jointLog] [info] First decoy index : 147,765 
[2023-12-13 01:05:38.716] [jointLog] [info] Automatically detected most likely library type as ISR

[2023-12-13 01:09:56.375] [fileLog] [info] 
At end of round 0
==================
Observed 43368887 total fragments (43368887 in most recent round)

[2023-12-13 01:09:56.114] [jointLog] [info] Thread saw mini-batch with a maximum of 4.24% zero probability fragments
[2023-12-13 01:09:56.140] [jointLog] [info] Thread saw mini-batch with a maximum of 4.08% zero probability fragments
[2023-12-13 01:09:56.169] [jointLog] [info] Thread saw mini-batch with a maximum of 4.02% zero probability fragments
[2023-12-13 01:09:56.173] [jointLog] [info] Thread saw mini-batch with a maximum of 4.02% zero probability fragments
[2023-12-13 01:09:56.182] [jointLog] [info] Thread saw mini-batch with a maximum of 4.02% zero probability fragments
[2023-12-13 01:09:56.199] [jointLog] [info] Thread saw mini-batch with a maximum of 4.22% zero probability fragments
[2023-12-13 01:09:56.265] [jointLog] [info] Thread saw mini-batch with a maximum of 4.02% zero probability fragments
[2023-12-13 01:09:56.275] [jointLog] [info] Thread saw mini-batch with a maximum of 4.22% zero probability fragments
[2023-12-13 01:09:56.282] [jointLog] [info] Thread saw mini-batch with a maximum of 4.12% zero probability fragments
[2023-12-13 01:09:56.317] [jointLog] [info] Thread saw mini-batch with a maximum of 4.20% zero probability fragments
[2023-12-13 01:09:56.375] [jointLog] [info] Computed 214,390 rich equivalence classes for further processing
[2023-12-13 01:09:56.375] [jointLog] [info] Counted 17,407,029 total reads in the equivalence classes 
[2023-12-13 01:09:56.377] [jointLog] [info] Number of mappings discarded because of alignment score : 12,078,999
[2023-12-13 01:09:56.377] [jointLog] [info] Number of fragments entirely discarded because of alignment score : 6,078,773
[2023-12-13 01:09:56.377] [jointLog] [info] Number of fragments discarded because they are best-mapped to decoys : 4,456,530
[2023-12-13 01:09:56.377] [jointLog] [info] Number of fragments discarded because they have only dovetail (discordant) mappings to valid targets : 256,104
[2023-12-13 01:09:56.377] [jointLog] [info] Mapping rate = 40.1371%

[2023-12-13 01:09:56.377] [jointLog] [info] finished quantifyLibrary()
[2023-12-13 01:09:56.377] [jointLog] [info] Starting optimizer
[2023-12-13 01:09:56.402] [jointLog] [info] Marked 0 weighted equivalence classes as degenerate
[2023-12-13 01:09:56.407] [jointLog] [info] iteration = 0 | max rel diff. = 7496.55
[2023-12-13 01:09:56.460] [jointLog] [info] iteration 11, adjusting effective lengths to account for biases
[2023-12-13 01:10:03.000] [jointLog] [info] Computed expected counts (for bias correction)
[2023-12-13 01:10:03.000] [jointLog] [info] processed bias for 0.0% of the transcripts
[2023-12-13 01:10:03.550] [jointLog] [info] processed bias for 10.0% of the transcripts
[2023-12-13 01:10:04.150] [jointLog] [info] processed bias for 20.0% of the transcripts
[2023-12-13 01:10:04.813] [jointLog] [info] processed bias for 30.0% of the transcripts
[2023-12-13 01:10:05.394] [jointLog] [info] processed bias for 40.0% of the transcripts
[2023-12-13 01:10:06.055] [jointLog] [info] processed bias for 50.0% of the transcripts
[2023-12-13 01:10:06.648] [jointLog] [info] processed bias for 60.0% of the transcripts
[2023-12-13 01:10:07.238] [jointLog] [info] processed bias for 70.0% of the transcripts
[2023-12-13 01:10:07.813] [jointLog] [info] processed bias for 80.0% of the transcripts
[2023-12-13 01:10:08.403] [jointLog] [info] processed bias for 90.0% of the transcripts
[2023-12-13 01:10:08.988] [jointLog] [info] processed bias for 100.0% of the transcripts
[2023-12-13 01:10:09.471] [jointLog] [info] iteration = 100 | max rel diff. = 6.86179
[2023-12-13 01:10:10.001] [jointLog] [info] iteration = 200 | max rel diff. = 16.3446
[2023-12-13 01:10:10.530] [jointLog] [info] iteration = 300 | max rel diff. = 1.8286
[2023-12-13 01:10:11.062] [jointLog] [info] iteration = 400 | max rel diff. = 10.3898
[2023-12-13 01:10:11.596] [jointLog] [info] iteration = 500 | max rel diff. = 0.797573
[2023-12-13 01:10:12.126] [jointLog] [info] iteration = 600 | max rel diff. = 0.081049
[2023-12-13 01:10:12.656] [jointLog] [info] iteration = 700 | max rel diff. = 6.24099
[2023-12-13 01:10:13.189] [jointLog] [info] iteration = 800 | max rel diff. = 1.28361
[2023-12-13 01:10:13.720] [jointLog] [info] iteration = 900 | max rel diff. = 1.45165
[2023-12-13 01:10:14.251] [jointLog] [info] iteration = 1,000 | max rel diff. = 0.223461
[2023-12-13 01:10:14.780] [jointLog] [info] iteration = 1,100 | max rel diff. = 0.0139212
[2023-12-13 01:10:15.309] [jointLog] [info] iteration = 1,200 | max rel diff. = 0.0846711
[2023-12-13 01:10:15.473] [jointLog] [info] iteration = 1,232 | max rel diff. = 0.00554327
[2023-12-13 01:10:15.479] [jointLog] [info] Finished optimizer
[2023-12-13 01:10:15.479] [jointLog] [info] writing output 

