[2025-05-02 08:39:31.776] [jointLog] [info] setting maxHashResizeThreads to 15
[2025-05-02 08:39:31.776] [jointLog] [info] Fragment incompatibility prior below threshold.  Incompatible fragments will be ignored.
[2025-05-02 08:39:31.776] [jointLog] [info] Usage of --validateMappings implies use of minScoreFraction. Since not explicitly specified, it is being set to 0.65
[2025-05-02 08:39:31.776] [jointLog] [info] Setting consensusSlack to selective-alignment default of 0.35.
[2025-05-02 08:39:31.776] [jointLog] [info] parsing read library format
[2025-05-02 08:39:31.776] [jointLog] [info] There is 1 library.
[2025-05-02 08:39:31.776] [jointLog] [info] Loading pufferfish index
[2025-05-02 08:39:31.776] [jointLog] [info] Loading dense pufferfish index.
[2025-05-02 08:39:53.571] [jointLog] [info] done
[2025-05-02 08:39:53.590] [jointLog] [info] Index contained 147,865 targets
[2025-05-02 08:39:54.690] [jointLog] [info] Number of decoys : 61
[2025-05-02 08:39:54.690] [jointLog] [info] First decoy index : 147,765 
[2025-05-02 08:43:28.360] [jointLog] [info] Thread saw mini-batch with a maximum of 0.60% zero probability fragments
[2025-05-02 08:43:28.360] [jointLog] [info] Thread saw mini-batch with a maximum of 0.54% zero probability fragments
[2025-05-02 08:43:28.362] [jointLog] [info] Thread saw mini-batch with a maximum of 0.58% zero probability fragments
[2025-05-02 08:43:28.363] [jointLog] [info] Thread saw mini-batch with a maximum of 0.60% zero probability fragments
[2025-05-02 08:43:28.364] [jointLog] [info] Thread saw mini-batch with a maximum of 0.54% zero probability fragments
[2025-05-02 08:43:28.365] [jointLog] [info] Thread saw mini-batch with a maximum of 0.52% zero probability fragments
[2025-05-02 08:43:28.367] [jointLog] [info] Thread saw mini-batch with a maximum of 0.52% zero probability fragments
[2025-05-02 08:43:28.369] [jointLog] [info] Thread saw mini-batch with a maximum of 0.62% zero probability fragments
[2025-05-02 08:43:28.370] [jointLog] [info] Thread saw mini-batch with a maximum of 0.54% zero probability fragments
[2025-05-02 08:43:28.372] [jointLog] [info] Thread saw mini-batch with a maximum of 0.58% zero probability fragments
[2025-05-02 08:43:28.431] [jointLog] [info] Thread saw mini-batch with a maximum of 0.52% zero probability fragments
[2025-05-02 08:43:28.463] [jointLog] [info] Thread saw mini-batch with a maximum of 0.54% zero probability fragments
[2025-05-02 08:43:28.474] [jointLog] [info] Thread saw mini-batch with a maximum of 0.60% zero probability fragments
[2025-05-02 08:43:28.510] [jointLog] [info] Thread saw mini-batch with a maximum of 0.54% zero probability fragments
[2025-05-02 08:43:28.563] [jointLog] [info] Thread saw mini-batch with a maximum of 0.60% zero probability fragments
[2025-05-02 08:43:28.721] [jointLog] [info] Computed 257,367 rich equivalence classes for further processing
[2025-05-02 08:43:28.721] [jointLog] [info] Counted 21,689,007 total reads in the equivalence classes 
[2025-05-02 08:43:28.729] [jointLog] [info] Number of mappings discarded because of alignment score : 9,355,581
[2025-05-02 08:43:28.729] [jointLog] [info] Number of fragments entirely discarded because of alignment score : 1,109,630
[2025-05-02 08:43:28.729] [jointLog] [info] Number of fragments discarded because they are best-mapped to decoys : 811,016
[2025-05-02 08:43:28.729] [jointLog] [info] Number of fragments discarded because they have only dovetail (discordant) mappings to valid targets : 301,690
[2025-05-02 08:43:28.729] [jointLog] [info] Mapping rate = 90.0433%

[2025-05-02 08:43:28.729] [jointLog] [info] finished quantifyLibrary()
[2025-05-02 08:43:28.730] [jointLog] [info] Starting optimizer
[2025-05-02 08:43:28.811] [jointLog] [info] Marked 0 weighted equivalence classes as degenerate
[2025-05-02 08:43:28.825] [jointLog] [info] iteration = 0 | max rel diff. = 6892.18
[2025-05-02 08:43:28.924] [jointLog] [info] iteration 11, adjusting effective lengths to account for biases
[2025-05-02 08:43:28.722] [fileLog] [info] 
At end of round 0
==================
Observed 24087318 total fragments (24087318 in most recent round)

[2025-05-02 08:43:39.995] [jointLog] [info] Computed expected counts (for bias correction)
[2025-05-02 08:43:39.995] [jointLog] [info] processed bias for 0.0% of the transcripts
[2025-05-02 08:43:40.861] [jointLog] [info] processed bias for 10.0% of the transcripts
[2025-05-02 08:43:41.805] [jointLog] [info] processed bias for 20.0% of the transcripts
[2025-05-02 08:43:42.743] [jointLog] [info] processed bias for 30.0% of the transcripts
[2025-05-02 08:43:43.582] [jointLog] [info] processed bias for 40.0% of the transcripts
[2025-05-02 08:43:44.443] [jointLog] [info] processed bias for 50.0% of the transcripts
[2025-05-02 08:43:45.130] [jointLog] [info] processed bias for 60.0% of the transcripts
[2025-05-02 08:43:45.969] [jointLog] [info] processed bias for 70.0% of the transcripts
[2025-05-02 08:43:46.832] [jointLog] [info] processed bias for 80.0% of the transcripts
[2025-05-02 08:43:47.816] [jointLog] [info] processed bias for 90.0% of the transcripts
[2025-05-02 08:43:48.780] [jointLog] [info] processed bias for 100.0% of the transcripts
[2025-05-02 08:43:49.682] [jointLog] [info] iteration = 100 | max rel diff. = 17.3522
[2025-05-02 08:43:50.601] [jointLog] [info] iteration = 200 | max rel diff. = 0.713278
[2025-05-02 08:43:51.717] [jointLog] [info] iteration = 300 | max rel diff. = 2.92398
[2025-05-02 08:43:52.795] [jointLog] [info] iteration = 400 | max rel diff. = 0.183097
[2025-05-02 08:43:53.808] [jointLog] [info] iteration = 500 | max rel diff. = 0.45821
[2025-05-02 08:43:54.763] [jointLog] [info] iteration = 600 | max rel diff. = 0.524205
[2025-05-02 08:43:55.516] [jointLog] [info] iteration = 700 | max rel diff. = 1.36008
[2025-05-02 08:43:56.157] [jointLog] [info] iteration = 800 | max rel diff. = 0.0390053
[2025-05-02 08:43:56.823] [jointLog] [info] iteration = 900 | max rel diff. = 0.10475
[2025-05-02 08:43:57.490] [jointLog] [info] iteration = 1,000 | max rel diff. = 0.0965013
[2025-05-02 08:43:58.135] [jointLog] [info] iteration = 1,100 | max rel diff. = 0.0584662
[2025-05-02 08:43:58.678] [jointLog] [info] iteration = 1,180 | max rel diff. = 0.00907987
[2025-05-02 08:43:58.682] [jointLog] [info] Finished optimizer
[2025-05-02 08:43:58.682] [jointLog] [info] writing output 

