[2023-12-13 00:18:20.456] [jointLog] [info] setting maxHashResizeThreads to 10
[2023-12-13 00:18:20.456] [jointLog] [info] Fragment incompatibility prior below threshold.  Incompatible fragments will be ignored.
[2023-12-13 00:18:20.456] [jointLog] [info] Usage of --validateMappings implies use of minScoreFraction. Since not explicitly specified, it is being set to 0.65
[2023-12-13 00:18:20.456] [jointLog] [info] Setting consensusSlack to selective-alignment default of 0.35.
[2023-12-13 00:18:20.456] [jointLog] [info] parsing read library format
[2023-12-13 00:18:20.456] [jointLog] [info] There is 1 library.
[2023-12-13 00:18:20.456] [jointLog] [info] Loading pufferfish index
[2023-12-13 00:18:20.456] [jointLog] [info] Loading dense pufferfish index.
[2023-12-13 00:18:30.267] [jointLog] [info] done
[2023-12-13 00:18:30.285] [jointLog] [info] Index contained 147,865 targets
[2023-12-13 00:18:30.734] [jointLog] [info] Number of decoys : 61
[2023-12-13 00:18:30.734] [jointLog] [info] First decoy index : 147,765 
[2023-12-13 00:18:31.275] [jointLog] [info] Automatically detected most likely library type as ISR

[2023-12-13 00:24:31.659] [jointLog] [info] Thread saw mini-batch with a maximum of 4.06% zero probability fragments
[2023-12-13 00:24:31.660] [jointLog] [info] Thread saw mini-batch with a maximum of 4.58% zero probability fragments
[2023-12-13 00:24:31.694] [jointLog] [info] Thread saw mini-batch with a maximum of 4.32% zero probability fragments
[2023-12-13 00:24:31.767] [jointLog] [info] Thread saw mini-batch with a maximum of 4.16% zero probability fragments
[2023-12-13 00:24:31.772] [jointLog] [info] Thread saw mini-batch with a maximum of 4.12% zero probability fragments
[2023-12-13 00:24:31.809] [jointLog] [info] Thread saw mini-batch with a maximum of 4.18% zero probability fragments
[2023-12-13 00:24:31.823] [jointLog] [info] Thread saw mini-batch with a maximum of 4.14% zero probability fragments
[2023-12-13 00:24:31.827] [jointLog] [info] Thread saw mini-batch with a maximum of 4.20% zero probability fragments
[2023-12-13 00:24:31.841] [jointLog] [info] Thread saw mini-batch with a maximum of 4.30% zero probability fragments
[2023-12-13 00:24:31.921] [jointLog] [info] Thread saw mini-batch with a maximum of 4.58% zero probability fragments
[2023-12-13 00:24:31.979] [jointLog] [info] Computed 239,839 rich equivalence classes for further processing
[2023-12-13 00:24:31.979] [jointLog] [info] Counted 26,640,073 total reads in the equivalence classes 
[2023-12-13 00:24:31.981] [jointLog] [info] Number of mappings discarded because of alignment score : 15,083,621
[2023-12-13 00:24:31.981] [jointLog] [info] Number of fragments entirely discarded because of alignment score : 8,088,466
[2023-12-13 00:24:31.981] [jointLog] [info] Number of fragments discarded because they are best-mapped to decoys : 6,910,366
[2023-12-13 00:24:31.981] [jointLog] [info] Number of fragments discarded because they have only dovetail (discordant) mappings to valid targets : 378,618
[2023-12-13 00:24:31.981] [jointLog] [info] Mapping rate = 43.8181%

[2023-12-13 00:24:31.981] [jointLog] [info] finished quantifyLibrary()
[2023-12-13 00:24:31.981] [jointLog] [info] Starting optimizer
[2023-12-13 00:24:31.979] [fileLog] [info] 
At end of round 0
==================
Observed 60797014 total fragments (60797014 in most recent round)

[2023-12-13 00:24:33.164] [jointLog] [info] Marked 0 weighted equivalence classes as degenerate
[2023-12-13 00:24:33.169] [jointLog] [info] iteration = 0 | max rel diff. = 8413.66
[2023-12-13 00:24:33.223] [jointLog] [info] iteration 11, adjusting effective lengths to account for biases
[2023-12-13 00:24:39.586] [jointLog] [info] Computed expected counts (for bias correction)
[2023-12-13 00:24:39.586] [jointLog] [info] processed bias for 0.0% of the transcripts
[2023-12-13 00:24:40.173] [jointLog] [info] processed bias for 10.0% of the transcripts
[2023-12-13 00:24:40.789] [jointLog] [info] processed bias for 20.0% of the transcripts
[2023-12-13 00:24:41.417] [jointLog] [info] processed bias for 30.0% of the transcripts
[2023-12-13 00:24:42.001] [jointLog] [info] processed bias for 40.0% of the transcripts
[2023-12-13 00:24:42.610] [jointLog] [info] processed bias for 50.0% of the transcripts
[2023-12-13 00:24:43.162] [jointLog] [info] processed bias for 60.0% of the transcripts
[2023-12-13 00:24:43.742] [jointLog] [info] processed bias for 70.0% of the transcripts
[2023-12-13 00:24:44.335] [jointLog] [info] processed bias for 80.0% of the transcripts
[2023-12-13 00:24:44.871] [jointLog] [info] processed bias for 90.0% of the transcripts
[2023-12-13 00:24:45.419] [jointLog] [info] processed bias for 100.0% of the transcripts
[2023-12-13 00:24:45.911] [jointLog] [info] iteration = 100 | max rel diff. = 17.8141
[2023-12-13 00:24:46.452] [jointLog] [info] iteration = 200 | max rel diff. = 4.33397
[2023-12-13 00:24:46.994] [jointLog] [info] iteration = 300 | max rel diff. = 3.92277
[2023-12-13 00:24:47.538] [jointLog] [info] iteration = 400 | max rel diff. = 2.90995
[2023-12-13 00:24:48.079] [jointLog] [info] iteration = 500 | max rel diff. = 0.455966
[2023-12-13 00:24:48.618] [jointLog] [info] iteration = 600 | max rel diff. = 0.361395
[2023-12-13 00:24:49.158] [jointLog] [info] iteration = 700 | max rel diff. = 0.17092
[2023-12-13 00:24:49.697] [jointLog] [info] iteration = 800 | max rel diff. = 18.1603
[2023-12-13 00:24:50.237] [jointLog] [info] iteration = 900 | max rel diff. = 0.253097
[2023-12-13 00:24:50.780] [jointLog] [info] iteration = 1,000 | max rel diff. = 0.184685
[2023-12-13 00:24:51.320] [jointLog] [info] iteration = 1,100 | max rel diff. = 0.0519213
[2023-12-13 00:24:51.861] [jointLog] [info] iteration = 1,200 | max rel diff. = 0.0506631
[2023-12-13 00:24:52.402] [jointLog] [info] iteration = 1,300 | max rel diff. = 0.0544232
[2023-12-13 00:24:52.943] [jointLog] [info] iteration = 1,400 | max rel diff. = 0.0487607
[2023-12-13 00:24:53.062] [jointLog] [info] iteration = 1,423 | max rel diff. = 0.00670667
[2023-12-13 00:24:53.067] [jointLog] [info] Finished optimizer
[2023-12-13 00:24:53.067] [jointLog] [info] writing output 

