[2024-12-12 16:25:49.561] [jointLog] [info] setting maxHashResizeThreads to 15
[2024-12-12 16:25:49.561] [jointLog] [info] Fragment incompatibility prior below threshold.  Incompatible fragments will be ignored.
[2024-12-12 16:25:49.561] [jointLog] [info] Usage of --validateMappings implies use of minScoreFraction. Since not explicitly specified, it is being set to 0.65
[2024-12-12 16:25:49.561] [jointLog] [info] Setting consensusSlack to selective-alignment default of 0.35.
[2024-12-12 16:25:49.561] [jointLog] [info] parsing read library format
[2024-12-12 16:25:49.561] [jointLog] [info] There is 1 library.
[2024-12-12 16:25:49.561] [jointLog] [info] Loading pufferfish index
[2024-12-12 16:25:49.561] [jointLog] [info] Loading dense pufferfish index.
[2024-12-12 16:25:59.812] [jointLog] [info] done
[2024-12-12 16:25:59.828] [jointLog] [info] Index contained 147,865 targets
[2024-12-12 16:26:00.301] [jointLog] [info] Number of decoys : 61
[2024-12-12 16:26:00.301] [jointLog] [info] First decoy index : 147,765 
[2024-12-12 16:26:38.435] [jointLog] [info] Thread saw mini-batch with a maximum of 1.48% zero probability fragments
[2024-12-12 16:26:38.435] [jointLog] [info] Thread saw mini-batch with a maximum of 1.64% zero probability fragments
[2024-12-12 16:26:38.436] [jointLog] [info] Thread saw mini-batch with a maximum of 1.50% zero probability fragments
[2024-12-12 16:26:38.458] [jointLog] [info] Thread saw mini-batch with a maximum of 1.54% zero probability fragments
[2024-12-12 16:26:38.463] [jointLog] [info] Thread saw mini-batch with a maximum of 1.44% zero probability fragments
[2024-12-12 16:26:38.475] [jointLog] [info] Thread saw mini-batch with a maximum of 1.70% zero probability fragments
[2024-12-12 16:26:38.476] [jointLog] [info] Thread saw mini-batch with a maximum of 1.46% zero probability fragments
[2024-12-12 16:26:38.483] [jointLog] [info] Thread saw mini-batch with a maximum of 1.54% zero probability fragments
[2024-12-12 16:26:38.485] [jointLog] [info] Thread saw mini-batch with a maximum of 1.54% zero probability fragments
[2024-12-12 16:26:38.492] [jointLog] [info] Thread saw mini-batch with a maximum of 1.48% zero probability fragments
[2024-12-12 16:26:38.497] [jointLog] [info] Thread saw mini-batch with a maximum of 1.58% zero probability fragments
[2024-12-12 16:26:38.513] [jointLog] [info] Thread saw mini-batch with a maximum of 1.48% zero probability fragments
[2024-12-12 16:26:38.516] [jointLog] [info] Thread saw mini-batch with a maximum of 1.38% zero probability fragments
[2024-12-12 16:26:38.521] [jointLog] [info] Thread saw mini-batch with a maximum of 1.50% zero probability fragments
[2024-12-12 16:26:38.536] [jointLog] [info] Thread saw mini-batch with a maximum of 1.64% zero probability fragments
[2024-12-12 16:26:38.626] [jointLog] [info] Computed 280,245 rich equivalence classes for further processing
[2024-12-12 16:26:38.626] [jointLog] [info] Counted 21,123,999 total reads in the equivalence classes 
[2024-12-12 16:26:38.632] [jointLog] [info] Number of mappings discarded because of alignment score : 4,542,216
[2024-12-12 16:26:38.632] [jointLog] [info] Number of fragments entirely discarded because of alignment score : 1,129,297
[2024-12-12 16:26:38.632] [jointLog] [info] Number of fragments discarded because they are best-mapped to decoys : 838,463
[2024-12-12 16:26:38.632] [jointLog] [info] Number of fragments discarded because they have only dovetail (discordant) mappings to valid targets : 741,169
[2024-12-12 16:26:38.632] [jointLog] [info] Mapping rate = 90.865%

[2024-12-12 16:26:38.632] [jointLog] [info] finished quantifyLibrary()
[2024-12-12 16:26:38.632] [jointLog] [info] Starting optimizer
[2024-12-12 16:26:38.660] [jointLog] [info] Marked 0 weighted equivalence classes as degenerate
[2024-12-12 16:26:38.664] [jointLog] [info] iteration = 0 | max rel diff. = 8061.36
[2024-12-12 16:26:38.699] [jointLog] [info] iteration 11, adjusting effective lengths to account for biases
[2024-12-12 16:26:38.626] [fileLog] [info] 
At end of round 0
==================
Observed 23247674 total fragments (23247674 in most recent round)

[2024-12-12 16:26:43.095] [jointLog] [info] Computed expected counts (for bias correction)
[2024-12-12 16:26:43.096] [jointLog] [info] processed bias for 0.0% of the transcripts
[2024-12-12 16:26:43.462] [jointLog] [info] processed bias for 10.0% of the transcripts
[2024-12-12 16:26:43.852] [jointLog] [info] processed bias for 20.0% of the transcripts
[2024-12-12 16:26:44.226] [jointLog] [info] processed bias for 30.0% of the transcripts
[2024-12-12 16:26:44.627] [jointLog] [info] processed bias for 40.0% of the transcripts
[2024-12-12 16:26:45.028] [jointLog] [info] processed bias for 50.0% of the transcripts
[2024-12-12 16:26:45.399] [jointLog] [info] processed bias for 60.0% of the transcripts
[2024-12-12 16:26:45.728] [jointLog] [info] processed bias for 70.0% of the transcripts
[2024-12-12 16:26:46.123] [jointLog] [info] processed bias for 80.0% of the transcripts
[2024-12-12 16:26:46.514] [jointLog] [info] processed bias for 90.0% of the transcripts
[2024-12-12 16:26:46.922] [jointLog] [info] processed bias for 100.0% of the transcripts
[2024-12-12 16:26:46.923] [jointLog] [info] processed bias for 100.0% of the transcripts
[2024-12-12 16:26:47.243] [jointLog] [info] iteration = 100 | max rel diff. = 16.3419
[2024-12-12 16:26:47.597] [jointLog] [info] iteration = 200 | max rel diff. = 3.85386
[2024-12-12 16:26:47.951] [jointLog] [info] iteration = 300 | max rel diff. = 7.72245
[2024-12-12 16:26:48.301] [jointLog] [info] iteration = 400 | max rel diff. = 2.18632
[2024-12-12 16:26:48.651] [jointLog] [info] iteration = 500 | max rel diff. = 0.153081
[2024-12-12 16:26:49.001] [jointLog] [info] iteration = 600 | max rel diff. = 0.79008
[2024-12-12 16:26:49.348] [jointLog] [info] iteration = 700 | max rel diff. = 2.84032
[2024-12-12 16:26:49.700] [jointLog] [info] iteration = 800 | max rel diff. = 0.137819
[2024-12-12 16:26:50.060] [jointLog] [info] iteration = 900 | max rel diff. = 2.1037
[2024-12-12 16:26:50.418] [jointLog] [info] iteration = 1,000 | max rel diff. = 0.268682
[2024-12-12 16:26:50.774] [jointLog] [info] iteration = 1,100 | max rel diff. = 0.267396
[2024-12-12 16:26:51.125] [jointLog] [info] iteration = 1,200 | max rel diff. = 0.23931
[2024-12-12 16:26:51.475] [jointLog] [info] iteration = 1,300 | max rel diff. = 6.6973
[2024-12-12 16:26:51.478] [jointLog] [info] iteration = 1,302 | max rel diff. = 0.00308695
[2024-12-12 16:26:51.481] [jointLog] [info] Finished optimizer
[2024-12-12 16:26:51.481] [jointLog] [info] writing output 

