[2023-12-12 18:47:21.701] [jointLog] [info] setting maxHashResizeThreads to 10
[2023-12-12 18:47:21.701] [jointLog] [info] Fragment incompatibility prior below threshold.  Incompatible fragments will be ignored.
[2023-12-12 18:47:21.701] [jointLog] [info] Usage of --validateMappings implies use of minScoreFraction. Since not explicitly specified, it is being set to 0.65
[2023-12-12 18:47:21.701] [jointLog] [info] Setting consensusSlack to selective-alignment default of 0.35.
[2023-12-12 18:47:21.701] [jointLog] [info] parsing read library format
[2023-12-12 18:47:21.701] [jointLog] [info] There is 1 library.
[2023-12-12 18:47:21.701] [jointLog] [info] Loading pufferfish index
[2023-12-12 18:47:21.701] [jointLog] [info] Loading dense pufferfish index.
[2023-12-12 18:47:31.454] [jointLog] [info] done
[2023-12-12 18:47:31.472] [jointLog] [info] Index contained 147,865 targets
[2023-12-12 18:47:31.931] [jointLog] [info] Number of decoys : 61
[2023-12-12 18:47:31.931] [jointLog] [info] First decoy index : 147,765 
[2023-12-12 18:47:32.219] [jointLog] [info] Automatically detected most likely library type as ISR

[2023-12-12 18:51:32.286] [jointLog] [info] Thread saw mini-batch with a maximum of 5.78% zero probability fragments
[2023-12-12 18:51:32.286] [jointLog] [info] Thread saw mini-batch with a maximum of 5.64% zero probability fragments
[2023-12-12 18:51:32.286] [jointLog] [info] Thread saw mini-batch with a maximum of 6.14% zero probability fragments
[2023-12-12 18:51:32.296] [jointLog] [info] Thread saw mini-batch with a maximum of 5.78% zero probability fragments
[2023-12-12 18:51:32.307] [jointLog] [info] Thread saw mini-batch with a maximum of 5.98% zero probability fragments
[2023-12-12 18:51:32.321] [jointLog] [info] Thread saw mini-batch with a maximum of 5.72% zero probability fragments
[2023-12-12 18:51:32.377] [jointLog] [info] Thread saw mini-batch with a maximum of 6.00% zero probability fragments
[2023-12-12 18:51:32.388] [jointLog] [info] Thread saw mini-batch with a maximum of 5.68% zero probability fragments
[2023-12-12 18:51:32.416] [jointLog] [info] Thread saw mini-batch with a maximum of 6.22% zero probability fragments
[2023-12-12 18:51:32.446] [jointLog] [info] Thread saw mini-batch with a maximum of 5.76% zero probability fragments
[2023-12-12 18:51:32.503] [jointLog] [info] Computed 247,535 rich equivalence classes for further processing
[2023-12-12 18:51:32.503] [jointLog] [info] Counted 36,622,173 total reads in the equivalence classes 
[2023-12-12 18:51:32.506] [jointLog] [info] Number of mappings discarded because of alignment score : 17,393,957
[2023-12-12 18:51:32.506] [jointLog] [info] Number of fragments entirely discarded because of alignment score : 3,364,198
[2023-12-12 18:51:32.506] [jointLog] [info] Number of fragments discarded because they are best-mapped to decoys : 2,750,137
[2023-12-12 18:51:32.506] [jointLog] [info] Number of fragments discarded because they have only dovetail (discordant) mappings to valid targets : 167,602
[2023-12-12 18:51:32.506] [jointLog] [info] Mapping rate = 77.2461%

[2023-12-12 18:51:32.506] [jointLog] [info] finished quantifyLibrary()
[2023-12-12 18:51:32.506] [jointLog] [info] Starting optimizer
[2023-12-12 18:51:32.531] [jointLog] [info] Marked 0 weighted equivalence classes as degenerate
[2023-12-12 18:51:32.537] [jointLog] [info] iteration = 0 | max rel diff. = 6566.46
[2023-12-12 18:51:32.592] [jointLog] [info] iteration 11, adjusting effective lengths to account for biases
[2023-12-12 18:51:32.503] [fileLog] [info] 
At end of round 0
==================
Observed 47409728 total fragments (47409728 in most recent round)

[2023-12-12 18:51:38.792] [jointLog] [info] Computed expected counts (for bias correction)
[2023-12-12 18:51:38.792] [jointLog] [info] processed bias for 0.0% of the transcripts
[2023-12-12 18:51:39.342] [jointLog] [info] processed bias for 10.0% of the transcripts
[2023-12-12 18:51:39.947] [jointLog] [info] processed bias for 20.0% of the transcripts
[2023-12-12 18:51:40.534] [jointLog] [info] processed bias for 30.0% of the transcripts
[2023-12-12 18:51:41.135] [jointLog] [info] processed bias for 40.0% of the transcripts
[2023-12-12 18:51:41.744] [jointLog] [info] processed bias for 50.0% of the transcripts
[2023-12-12 18:51:42.279] [jointLog] [info] processed bias for 60.3% of the transcripts
[2023-12-12 18:51:42.771] [jointLog] [info] processed bias for 70.0% of the transcripts
[2023-12-12 18:51:43.314] [jointLog] [info] processed bias for 80.0% of the transcripts
[2023-12-12 18:51:43.867] [jointLog] [info] processed bias for 90.0% of the transcripts
[2023-12-12 18:51:44.442] [jointLog] [info] processed bias for 100.0% of the transcripts
[2023-12-12 18:51:44.934] [jointLog] [info] iteration = 100 | max rel diff. = 13.5131
[2023-12-12 18:51:45.478] [jointLog] [info] iteration = 200 | max rel diff. = 7.05251
[2023-12-12 18:51:46.026] [jointLog] [info] iteration = 300 | max rel diff. = 0.7648
[2023-12-12 18:51:46.573] [jointLog] [info] iteration = 400 | max rel diff. = 4.3436
[2023-12-12 18:51:47.115] [jointLog] [info] iteration = 500 | max rel diff. = 1.49742
[2023-12-12 18:51:47.660] [jointLog] [info] iteration = 600 | max rel diff. = 1.80908
[2023-12-12 18:51:48.203] [jointLog] [info] iteration = 700 | max rel diff. = 0.211446
[2023-12-12 18:51:48.744] [jointLog] [info] iteration = 800 | max rel diff. = 0.0442589
[2023-12-12 18:51:49.287] [jointLog] [info] iteration = 900 | max rel diff. = 0.0486476
[2023-12-12 18:51:49.829] [jointLog] [info] iteration = 1,000 | max rel diff. = 0.0222257
[2023-12-12 18:51:50.371] [jointLog] [info] iteration = 1,100 | max rel diff. = 0.0243105
[2023-12-12 18:51:50.914] [jointLog] [info] iteration = 1,200 | max rel diff. = 0.341688
[2023-12-12 18:51:51.173] [jointLog] [info] iteration = 1,249 | max rel diff. = 0.00903613
[2023-12-12 18:51:51.179] [jointLog] [info] Finished optimizer
[2023-12-12 18:51:51.179] [jointLog] [info] writing output 

