[2025-05-02 08:39:52.785] [jointLog] [info] setting maxHashResizeThreads to 15
[2025-05-02 08:39:52.785] [jointLog] [info] Fragment incompatibility prior below threshold.  Incompatible fragments will be ignored.
[2025-05-02 08:39:52.785] [jointLog] [info] Usage of --validateMappings implies use of minScoreFraction. Since not explicitly specified, it is being set to 0.65
[2025-05-02 08:39:52.785] [jointLog] [info] Setting consensusSlack to selective-alignment default of 0.35.
[2025-05-02 08:39:52.785] [jointLog] [info] parsing read library format
[2025-05-02 08:39:52.785] [jointLog] [info] There is 1 library.
[2025-05-02 08:39:52.785] [jointLog] [info] Loading pufferfish index
[2025-05-02 08:39:52.785] [jointLog] [info] Loading dense pufferfish index.
[2025-05-02 08:40:08.513] [jointLog] [info] done
[2025-05-02 08:40:08.569] [jointLog] [info] Index contained 147,865 targets
[2025-05-02 08:40:09.859] [jointLog] [info] Number of decoys : 61
[2025-05-02 08:40:09.859] [jointLog] [info] First decoy index : 147,765 
[2025-05-02 08:44:13.888] [jointLog] [info] Thread saw mini-batch with a maximum of 0.68% zero probability fragments
[2025-05-02 08:44:13.888] [jointLog] [info] Thread saw mini-batch with a maximum of 0.80% zero probability fragments
[2025-05-02 08:44:13.888] [jointLog] [info] Thread saw mini-batch with a maximum of 0.70% zero probability fragments
[2025-05-02 08:44:13.888] [jointLog] [info] Thread saw mini-batch with a maximum of 0.70% zero probability fragments
[2025-05-02 08:44:13.888] [jointLog] [info] Thread saw mini-batch with a maximum of 0.66% zero probability fragments
[2025-05-02 08:44:13.888] [jointLog] [info] Thread saw mini-batch with a maximum of 0.78% zero probability fragments
[2025-05-02 08:44:13.890] [jointLog] [info] Thread saw mini-batch with a maximum of 0.70% zero probability fragments
[2025-05-02 08:44:13.890] [jointLog] [info] Thread saw mini-batch with a maximum of 0.70% zero probability fragments
[2025-05-02 08:44:13.891] [jointLog] [info] Thread saw mini-batch with a maximum of 0.70% zero probability fragments
[2025-05-02 08:44:13.967] [jointLog] [info] Thread saw mini-batch with a maximum of 0.72% zero probability fragments
[2025-05-02 08:44:13.978] [jointLog] [info] Thread saw mini-batch with a maximum of 0.72% zero probability fragments
[2025-05-02 08:44:14.008] [jointLog] [info] Thread saw mini-batch with a maximum of 0.68% zero probability fragments
[2025-05-02 08:44:14.046] [jointLog] [info] Thread saw mini-batch with a maximum of 0.66% zero probability fragments
[2025-05-02 08:44:14.049] [jointLog] [info] Thread saw mini-batch with a maximum of 0.66% zero probability fragments
[2025-05-02 08:44:14.056] [jointLog] [info] Thread saw mini-batch with a maximum of 0.72% zero probability fragments
[2025-05-02 08:44:14.182] [jointLog] [info] Computed 211,283 rich equivalence classes for further processing
[2025-05-02 08:44:14.182] [jointLog] [info] Counted 22,050,544 total reads in the equivalence classes 
[2025-05-02 08:44:14.190] [jointLog] [info] Number of mappings discarded because of alignment score : 9,074,295
[2025-05-02 08:44:14.190] [jointLog] [info] Number of fragments entirely discarded because of alignment score : 1,073,138
[2025-05-02 08:44:14.190] [jointLog] [info] Number of fragments discarded because they are best-mapped to decoys : 773,400
[2025-05-02 08:44:14.190] [jointLog] [info] Number of fragments discarded because they have only dovetail (discordant) mappings to valid targets : 397,709
[2025-05-02 08:44:14.190] [jointLog] [info] Mapping rate = 89.8028%

[2025-05-02 08:44:14.190] [jointLog] [info] finished quantifyLibrary()
[2025-05-02 08:44:14.190] [jointLog] [info] Starting optimizer
[2025-05-02 08:44:14.238] [jointLog] [info] Marked 0 weighted equivalence classes as degenerate
[2025-05-02 08:44:14.243] [jointLog] [info] iteration = 0 | max rel diff. = 7952.55
[2025-05-02 08:44:14.300] [jointLog] [info] iteration 11, adjusting effective lengths to account for biases
[2025-05-02 08:44:14.182] [fileLog] [info] 
At end of round 0
==================
Observed 24554399 total fragments (24554399 in most recent round)

[2025-05-02 08:44:23.696] [jointLog] [info] Computed expected counts (for bias correction)
[2025-05-02 08:44:23.696] [jointLog] [info] processed bias for 0.1% of the transcripts
[2025-05-02 08:44:24.678] [jointLog] [info] processed bias for 10.0% of the transcripts
[2025-05-02 08:44:25.439] [jointLog] [info] processed bias for 20.0% of the transcripts
[2025-05-02 08:44:26.218] [jointLog] [info] processed bias for 30.0% of the transcripts
[2025-05-02 08:44:26.967] [jointLog] [info] processed bias for 40.0% of the transcripts
[2025-05-02 08:44:27.767] [jointLog] [info] processed bias for 50.0% of the transcripts
[2025-05-02 08:44:28.530] [jointLog] [info] processed bias for 60.1% of the transcripts
[2025-05-02 08:44:29.329] [jointLog] [info] processed bias for 70.0% of the transcripts
[2025-05-02 08:44:30.111] [jointLog] [info] processed bias for 80.0% of the transcripts
[2025-05-02 08:44:30.903] [jointLog] [info] processed bias for 90.0% of the transcripts
[2025-05-02 08:44:31.721] [jointLog] [info] processed bias for 100.0% of the transcripts
[2025-05-02 08:44:32.089] [jointLog] [info] iteration = 100 | max rel diff. = 13.1649
[2025-05-02 08:44:32.996] [jointLog] [info] iteration = 200 | max rel diff. = 16.9137
[2025-05-02 08:44:33.929] [jointLog] [info] iteration = 300 | max rel diff. = 14.2895
[2025-05-02 08:44:34.678] [jointLog] [info] iteration = 400 | max rel diff. = 1.8689
[2025-05-02 08:44:35.547] [jointLog] [info] iteration = 500 | max rel diff. = 1.27537
[2025-05-02 08:44:36.382] [jointLog] [info] iteration = 600 | max rel diff. = 0.231776
[2025-05-02 08:44:37.210] [jointLog] [info] iteration = 700 | max rel diff. = 0.0390711
[2025-05-02 08:44:38.121] [jointLog] [info] iteration = 800 | max rel diff. = 0.0926109
[2025-05-02 08:44:39.113] [jointLog] [info] iteration = 900 | max rel diff. = 0.776878
[2025-05-02 08:44:40.123] [jointLog] [info] iteration = 1,000 | max rel diff. = 0.0732122
[2025-05-02 08:44:40.306] [jointLog] [info] iteration = 1,016 | max rel diff. = 0.00617295
[2025-05-02 08:44:40.311] [jointLog] [info] Finished optimizer
[2025-05-02 08:44:40.311] [jointLog] [info] writing output 

