[2023-12-12 21:53:15.871] [jointLog] [info] setting maxHashResizeThreads to 10
[2023-12-12 21:53:15.871] [jointLog] [info] Fragment incompatibility prior below threshold.  Incompatible fragments will be ignored.
[2023-12-12 21:53:15.871] [jointLog] [info] Usage of --validateMappings implies use of minScoreFraction. Since not explicitly specified, it is being set to 0.65
[2023-12-12 21:53:15.871] [jointLog] [info] Setting consensusSlack to selective-alignment default of 0.35.
[2023-12-12 21:53:15.871] [jointLog] [info] parsing read library format
[2023-12-12 21:53:15.871] [jointLog] [info] There is 1 library.
[2023-12-12 21:53:15.871] [jointLog] [info] Loading pufferfish index
[2023-12-12 21:53:15.871] [jointLog] [info] Loading dense pufferfish index.
[2023-12-12 21:53:25.692] [jointLog] [info] done
[2023-12-12 21:53:25.710] [jointLog] [info] Index contained 147,865 targets
[2023-12-12 21:53:26.160] [jointLog] [info] Number of decoys : 61
[2023-12-12 21:53:26.160] [jointLog] [info] First decoy index : 147,765 
[2023-12-12 21:53:26.540] [jointLog] [info] Automatically detected most likely library type as ISR

[2023-12-12 21:58:20.427] [fileLog] [info] 
At end of round 0
==================
Observed 57381204 total fragments (57381204 in most recent round)

[2023-12-12 21:58:20.199] [jointLog] [info] Thread saw mini-batch with a maximum of 3.94% zero probability fragments
[2023-12-12 21:58:20.199] [jointLog] [info] Thread saw mini-batch with a maximum of 3.72% zero probability fragments
[2023-12-12 21:58:20.204] [jointLog] [info] Thread saw mini-batch with a maximum of 4.02% zero probability fragments
[2023-12-12 21:58:20.224] [jointLog] [info] Thread saw mini-batch with a maximum of 3.74% zero probability fragments
[2023-12-12 21:58:20.227] [jointLog] [info] Thread saw mini-batch with a maximum of 3.70% zero probability fragments
[2023-12-12 21:58:20.231] [jointLog] [info] Thread saw mini-batch with a maximum of 3.64% zero probability fragments
[2023-12-12 21:58:20.273] [jointLog] [info] Thread saw mini-batch with a maximum of 3.66% zero probability fragments
[2023-12-12 21:58:20.293] [jointLog] [info] Thread saw mini-batch with a maximum of 3.66% zero probability fragments
[2023-12-12 21:58:20.324] [jointLog] [info] Thread saw mini-batch with a maximum of 3.82% zero probability fragments
[2023-12-12 21:58:20.366] [jointLog] [info] Thread saw mini-batch with a maximum of 3.66% zero probability fragments
[2023-12-12 21:58:20.427] [jointLog] [info] Computed 217,807 rich equivalence classes for further processing
[2023-12-12 21:58:20.427] [jointLog] [info] Counted 32,690,109 total reads in the equivalence classes 
[2023-12-12 21:58:20.429] [jointLog] [info] Number of mappings discarded because of alignment score : 14,179,645
[2023-12-12 21:58:20.429] [jointLog] [info] Number of fragments entirely discarded because of alignment score : 4,192,317
[2023-12-12 21:58:20.429] [jointLog] [info] Number of fragments discarded because they are best-mapped to decoys : 3,340,206
[2023-12-12 21:58:20.429] [jointLog] [info] Number of fragments discarded because they have only dovetail (discordant) mappings to valid targets : 156,831
[2023-12-12 21:58:20.429] [jointLog] [info] Mapping rate = 56.9701%

[2023-12-12 21:58:20.429] [jointLog] [info] finished quantifyLibrary()
[2023-12-12 21:58:20.429] [jointLog] [info] Starting optimizer
[2023-12-12 21:58:21.601] [jointLog] [info] Marked 0 weighted equivalence classes as degenerate
[2023-12-12 21:58:21.606] [jointLog] [info] iteration = 0 | max rel diff. = 7513.77
[2023-12-12 21:58:21.659] [jointLog] [info] iteration 11, adjusting effective lengths to account for biases
[2023-12-12 21:58:26.576] [jointLog] [info] Computed expected counts (for bias correction)
[2023-12-12 21:58:26.576] [jointLog] [info] processed bias for 0.0% of the transcripts
[2023-12-12 21:58:26.997] [jointLog] [info] processed bias for 10.0% of the transcripts
[2023-12-12 21:58:27.441] [jointLog] [info] processed bias for 20.1% of the transcripts
[2023-12-12 21:58:27.919] [jointLog] [info] processed bias for 30.0% of the transcripts
[2023-12-12 21:58:28.348] [jointLog] [info] processed bias for 40.0% of the transcripts
[2023-12-12 21:58:28.800] [jointLog] [info] processed bias for 50.0% of the transcripts
[2023-12-12 21:58:29.282] [jointLog] [info] processed bias for 60.0% of the transcripts
[2023-12-12 21:58:29.761] [jointLog] [info] processed bias for 70.0% of the transcripts
[2023-12-12 21:58:30.224] [jointLog] [info] processed bias for 80.0% of the transcripts
[2023-12-12 21:58:30.682] [jointLog] [info] processed bias for 90.0% of the transcripts
[2023-12-12 21:58:31.083] [jointLog] [info] processed bias for 100.0% of the transcripts
[2023-12-12 21:58:31.557] [jointLog] [info] iteration = 100 | max rel diff. = 17.9328
[2023-12-12 21:58:32.084] [jointLog] [info] iteration = 200 | max rel diff. = 4.98956
[2023-12-12 21:58:32.608] [jointLog] [info] iteration = 300 | max rel diff. = 0.866151
[2023-12-12 21:58:33.130] [jointLog] [info] iteration = 400 | max rel diff. = 1.33642
[2023-12-12 21:58:33.653] [jointLog] [info] iteration = 500 | max rel diff. = 0.856645
[2023-12-12 21:58:34.179] [jointLog] [info] iteration = 600 | max rel diff. = 0.0923077
[2023-12-12 21:58:34.700] [jointLog] [info] iteration = 700 | max rel diff. = 1.60515
[2023-12-12 21:58:35.223] [jointLog] [info] iteration = 800 | max rel diff. = 0.410576
[2023-12-12 21:58:35.745] [jointLog] [info] iteration = 900 | max rel diff. = 0.0931958
[2023-12-12 21:58:36.270] [jointLog] [info] iteration = 1,000 | max rel diff. = 0.0661314
[2023-12-12 21:58:36.792] [jointLog] [info] iteration = 1,100 | max rel diff. = 0.219707
[2023-12-12 21:58:36.818] [jointLog] [info] iteration = 1,106 | max rel diff. = 0.00730792
[2023-12-12 21:58:36.824] [jointLog] [info] Finished optimizer
[2023-12-12 21:58:36.824] [jointLog] [info] writing output 

