[2023-12-12 19:46:18.236] [jointLog] [info] setting maxHashResizeThreads to 10
[2023-12-12 19:46:18.236] [jointLog] [info] Fragment incompatibility prior below threshold.  Incompatible fragments will be ignored.
[2023-12-12 19:46:18.236] [jointLog] [info] Usage of --validateMappings implies use of minScoreFraction. Since not explicitly specified, it is being set to 0.65
[2023-12-12 19:46:18.236] [jointLog] [info] Setting consensusSlack to selective-alignment default of 0.35.
[2023-12-12 19:46:18.236] [jointLog] [info] parsing read library format
[2023-12-12 19:46:18.236] [jointLog] [info] There is 1 library.
[2023-12-12 19:46:18.236] [jointLog] [info] Loading pufferfish index
[2023-12-12 19:46:18.236] [jointLog] [info] Loading dense pufferfish index.
[2023-12-12 19:46:27.978] [jointLog] [info] done
[2023-12-12 19:46:27.996] [jointLog] [info] Index contained 147,865 targets
[2023-12-12 19:46:28.447] [jointLog] [info] Number of decoys : 61
[2023-12-12 19:46:28.447] [jointLog] [info] First decoy index : 147,765 
[2023-12-12 19:46:28.732] [jointLog] [info] Automatically detected most likely library type as ISR

[2023-12-12 19:50:19.423] [jointLog] [info] Thread saw mini-batch with a maximum of 4.18% zero probability fragments
[2023-12-12 19:50:19.423] [jointLog] [info] Thread saw mini-batch with a maximum of 3.94% zero probability fragments
[2023-12-12 19:50:19.423] [jointLog] [info] Thread saw mini-batch with a maximum of 4.08% zero probability fragments
[2023-12-12 19:50:19.448] [jointLog] [info] Thread saw mini-batch with a maximum of 4.04% zero probability fragments
[2023-12-12 19:50:19.450] [jointLog] [info] Thread saw mini-batch with a maximum of 3.92% zero probability fragments
[2023-12-12 19:50:19.465] [jointLog] [info] Thread saw mini-batch with a maximum of 4.10% zero probability fragments
[2023-12-12 19:50:19.486] [jointLog] [info] Thread saw mini-batch with a maximum of 3.92% zero probability fragments
[2023-12-12 19:50:19.505] [jointLog] [info] Thread saw mini-batch with a maximum of 3.94% zero probability fragments
[2023-12-12 19:50:19.535] [jointLog] [info] Thread saw mini-batch with a maximum of 3.98% zero probability fragments
[2023-12-12 19:50:19.549] [jointLog] [info] Thread saw mini-batch with a maximum of 3.96% zero probability fragments
[2023-12-12 19:50:19.618] [jointLog] [info] Computed 249,829 rich equivalence classes for further processing
[2023-12-12 19:50:19.618] [jointLog] [info] Counted 37,259,756 total reads in the equivalence classes 
[2023-12-12 19:50:19.621] [jointLog] [info] Number of mappings discarded because of alignment score : 14,892,109
[2023-12-12 19:50:19.621] [jointLog] [info] Number of fragments entirely discarded because of alignment score : 2,798,428
[2023-12-12 19:50:19.621] [jointLog] [info] Number of fragments discarded because they are best-mapped to decoys : 2,266,720
[2023-12-12 19:50:19.621] [jointLog] [info] Number of fragments discarded because they have only dovetail (discordant) mappings to valid targets : 175,816
[2023-12-12 19:50:19.621] [jointLog] [info] Mapping rate = 79.088%

[2023-12-12 19:50:19.621] [jointLog] [info] finished quantifyLibrary()
[2023-12-12 19:50:19.621] [jointLog] [info] Starting optimizer
[2023-12-12 19:50:19.654] [jointLog] [info] Marked 0 weighted equivalence classes as degenerate
[2023-12-12 19:50:19.659] [jointLog] [info] iteration = 0 | max rel diff. = 6409.95
[2023-12-12 19:50:19.714] [jointLog] [info] iteration 11, adjusting effective lengths to account for biases
[2023-12-12 19:50:19.618] [fileLog] [info] 
At end of round 0
==================
Observed 47111774 total fragments (47111774 in most recent round)

[2023-12-12 19:50:25.415] [jointLog] [info] Computed expected counts (for bias correction)
[2023-12-12 19:50:25.415] [jointLog] [info] processed bias for 0.0% of the transcripts
[2023-12-12 19:50:25.892] [jointLog] [info] processed bias for 10.0% of the transcripts
[2023-12-12 19:50:26.412] [jointLog] [info] processed bias for 20.0% of the transcripts
[2023-12-12 19:50:26.948] [jointLog] [info] processed bias for 30.0% of the transcripts
[2023-12-12 19:50:27.479] [jointLog] [info] processed bias for 40.0% of the transcripts
[2023-12-12 19:50:28.026] [jointLog] [info] processed bias for 50.0% of the transcripts
[2023-12-12 19:50:28.563] [jointLog] [info] processed bias for 60.0% of the transcripts
[2023-12-12 19:50:29.085] [jointLog] [info] processed bias for 70.0% of the transcripts
[2023-12-12 19:50:29.617] [jointLog] [info] processed bias for 80.1% of the transcripts
[2023-12-12 19:50:30.156] [jointLog] [info] processed bias for 90.0% of the transcripts
[2023-12-12 19:50:30.623] [jointLog] [info] processed bias for 100.0% of the transcripts
[2023-12-12 19:50:30.624] [jointLog] [info] processed bias for 100.0% of the transcripts
[2023-12-12 19:50:31.117] [jointLog] [info] iteration = 100 | max rel diff. = 7.44613
[2023-12-12 19:50:31.661] [jointLog] [info] iteration = 200 | max rel diff. = 0.748345
[2023-12-12 19:50:32.211] [jointLog] [info] iteration = 300 | max rel diff. = 0.747457
[2023-12-12 19:50:32.752] [jointLog] [info] iteration = 400 | max rel diff. = 0.296142
[2023-12-12 19:50:33.294] [jointLog] [info] iteration = 500 | max rel diff. = 0.748948
[2023-12-12 19:50:33.837] [jointLog] [info] iteration = 600 | max rel diff. = 0.135849
[2023-12-12 19:50:34.380] [jointLog] [info] iteration = 700 | max rel diff. = 0.0933554
[2023-12-12 19:50:34.921] [jointLog] [info] iteration = 800 | max rel diff. = 0.08016
[2023-12-12 19:50:35.462] [jointLog] [info] iteration = 900 | max rel diff. = 0.0951551
[2023-12-12 19:50:36.006] [jointLog] [info] iteration = 1,000 | max rel diff. = 0.0950784
[2023-12-12 19:50:36.547] [jointLog] [info] iteration = 1,100 | max rel diff. = 0.0199892
[2023-12-12 19:50:37.094] [jointLog] [info] iteration = 1,200 | max rel diff. = 0.0146641
[2023-12-12 19:50:37.639] [jointLog] [info] iteration = 1,300 | max rel diff. = 0.0333192
[2023-12-12 19:50:37.807] [jointLog] [info] iteration = 1,332 | max rel diff. = 0.00643966
[2023-12-12 19:50:37.813] [jointLog] [info] Finished optimizer
[2023-12-12 19:50:37.813] [jointLog] [info] writing output 

