[2023-12-12 21:28:17.993] [jointLog] [info] setting maxHashResizeThreads to 10
[2023-12-12 21:28:17.993] [jointLog] [info] Fragment incompatibility prior below threshold.  Incompatible fragments will be ignored.
[2023-12-12 21:28:17.993] [jointLog] [info] Usage of --validateMappings implies use of minScoreFraction. Since not explicitly specified, it is being set to 0.65
[2023-12-12 21:28:17.993] [jointLog] [info] Setting consensusSlack to selective-alignment default of 0.35.
[2023-12-12 21:28:17.993] [jointLog] [info] parsing read library format
[2023-12-12 21:28:17.993] [jointLog] [info] There is 1 library.
[2023-12-12 21:28:17.993] [jointLog] [info] Loading pufferfish index
[2023-12-12 21:28:17.993] [jointLog] [info] Loading dense pufferfish index.
[2023-12-12 21:28:27.753] [jointLog] [info] done
[2023-12-12 21:28:27.770] [jointLog] [info] Index contained 147,865 targets
[2023-12-12 21:28:28.226] [jointLog] [info] Number of decoys : 61
[2023-12-12 21:28:28.226] [jointLog] [info] First decoy index : 147,765 
[2023-12-12 21:28:28.498] [jointLog] [info] Automatically detected most likely library type as ISR

[2023-12-12 21:33:14.230] [jointLog] [info] Thread saw mini-batch with a maximum of 5.56% zero probability fragments
[2023-12-12 21:33:14.230] [jointLog] [info] Thread saw mini-batch with a maximum of 5.34% zero probability fragments
[2023-12-12 21:33:14.240] [jointLog] [info] Thread saw mini-batch with a maximum of 5.36% zero probability fragments
[2023-12-12 21:33:14.253] [jointLog] [info] Thread saw mini-batch with a maximum of 5.44% zero probability fragments
[2023-12-12 21:33:14.267] [jointLog] [info] Thread saw mini-batch with a maximum of 5.26% zero probability fragments
[2023-12-12 21:33:14.286] [jointLog] [info] Thread saw mini-batch with a maximum of 5.38% zero probability fragments
[2023-12-12 21:33:14.319] [jointLog] [info] Thread saw mini-batch with a maximum of 5.40% zero probability fragments
[2023-12-12 21:33:14.345] [jointLog] [info] Thread saw mini-batch with a maximum of 5.42% zero probability fragments
[2023-12-12 21:33:14.360] [jointLog] [info] Thread saw mini-batch with a maximum of 5.46% zero probability fragments
[2023-12-12 21:33:14.362] [jointLog] [info] Thread saw mini-batch with a maximum of 5.34% zero probability fragments
[2023-12-12 21:33:14.421] [jointLog] [info] Computed 235,318 rich equivalence classes for further processing
[2023-12-12 21:33:14.421] [jointLog] [info] Counted 41,229,004 total reads in the equivalence classes 
[2023-12-12 21:33:14.424] [jointLog] [info] Number of mappings discarded because of alignment score : 23,494,404
[2023-12-12 21:33:14.424] [jointLog] [info] Number of fragments entirely discarded because of alignment score : 3,686,007
[2023-12-12 21:33:14.424] [jointLog] [info] Number of fragments discarded because they are best-mapped to decoys : 2,766,013
[2023-12-12 21:33:14.424] [jointLog] [info] Number of fragments discarded because they have only dovetail (discordant) mappings to valid targets : 310,182
[2023-12-12 21:33:14.424] [jointLog] [info] Mapping rate = 73.2712%

[2023-12-12 21:33:14.424] [jointLog] [info] finished quantifyLibrary()
[2023-12-12 21:33:14.424] [jointLog] [info] Starting optimizer
[2023-12-12 21:33:14.449] [jointLog] [info] Marked 0 weighted equivalence classes as degenerate
[2023-12-12 21:33:14.454] [jointLog] [info] iteration = 0 | max rel diff. = 4885.07
[2023-12-12 21:33:14.509] [jointLog] [info] iteration 11, adjusting effective lengths to account for biases
[2023-12-12 21:33:14.422] [fileLog] [info] 
At end of round 0
==================
Observed 56269026 total fragments (56269026 in most recent round)

[2023-12-12 21:33:20.006] [jointLog] [info] Computed expected counts (for bias correction)
[2023-12-12 21:33:20.006] [jointLog] [info] processed bias for 0.0% of the transcripts
[2023-12-12 21:33:20.474] [jointLog] [info] processed bias for 10.0% of the transcripts
[2023-12-12 21:33:20.985] [jointLog] [info] processed bias for 20.0% of the transcripts
[2023-12-12 21:33:21.457] [jointLog] [info] processed bias for 30.0% of the transcripts
[2023-12-12 21:33:21.958] [jointLog] [info] processed bias for 40.0% of the transcripts
[2023-12-12 21:33:22.471] [jointLog] [info] processed bias for 50.0% of the transcripts
[2023-12-12 21:33:22.981] [jointLog] [info] processed bias for 60.0% of the transcripts
[2023-12-12 21:33:23.503] [jointLog] [info] processed bias for 70.0% of the transcripts
[2023-12-12 21:33:23.962] [jointLog] [info] processed bias for 80.0% of the transcripts
[2023-12-12 21:33:24.451] [jointLog] [info] processed bias for 90.0% of the transcripts
[2023-12-12 21:33:25.014] [jointLog] [info] processed bias for 100.0% of the transcripts
[2023-12-12 21:33:25.502] [jointLog] [info] iteration = 100 | max rel diff. = 17.7246
[2023-12-12 21:33:26.039] [jointLog] [info] iteration = 200 | max rel diff. = 2.46143
[2023-12-12 21:33:26.576] [jointLog] [info] iteration = 300 | max rel diff. = 5.76269
[2023-12-12 21:33:27.113] [jointLog] [info] iteration = 400 | max rel diff. = 9.64025
[2023-12-12 21:33:27.649] [jointLog] [info] iteration = 500 | max rel diff. = 0.563088
[2023-12-12 21:33:28.186] [jointLog] [info] iteration = 600 | max rel diff. = 1.65832
[2023-12-12 21:33:28.721] [jointLog] [info] iteration = 700 | max rel diff. = 0.0867812
[2023-12-12 21:33:29.260] [jointLog] [info] iteration = 800 | max rel diff. = 0.176439
[2023-12-12 21:33:29.797] [jointLog] [info] iteration = 900 | max rel diff. = 0.036681
[2023-12-12 21:33:30.335] [jointLog] [info] iteration = 1,000 | max rel diff. = 0.0175253
[2023-12-12 21:33:30.872] [jointLog] [info] iteration = 1,100 | max rel diff. = 0.866845
[2023-12-12 21:33:31.414] [jointLog] [info] iteration = 1,200 | max rel diff. = 0.0467611
[2023-12-12 21:33:31.887] [jointLog] [info] iteration = 1,289 | max rel diff. = 0.00534218
[2023-12-12 21:33:31.893] [jointLog] [info] Finished optimizer
[2023-12-12 21:33:31.893] [jointLog] [info] writing output 

