[2023-12-13 00:13:02.995] [jointLog] [info] setting maxHashResizeThreads to 10
[2023-12-13 00:13:02.995] [jointLog] [info] Fragment incompatibility prior below threshold.  Incompatible fragments will be ignored.
[2023-12-13 00:13:02.995] [jointLog] [info] Usage of --validateMappings implies use of minScoreFraction. Since not explicitly specified, it is being set to 0.65
[2023-12-13 00:13:02.995] [jointLog] [info] Setting consensusSlack to selective-alignment default of 0.35.
[2023-12-13 00:13:02.995] [jointLog] [info] parsing read library format
[2023-12-13 00:13:02.995] [jointLog] [info] There is 1 library.
[2023-12-13 00:13:02.995] [jointLog] [info] Loading pufferfish index
[2023-12-13 00:13:02.995] [jointLog] [info] Loading dense pufferfish index.
[2023-12-13 00:13:12.827] [jointLog] [info] done
[2023-12-13 00:13:12.845] [jointLog] [info] Index contained 147,865 targets
[2023-12-13 00:13:13.295] [jointLog] [info] Number of decoys : 61
[2023-12-13 00:13:13.295] [jointLog] [info] First decoy index : 147,765 
[2023-12-13 00:13:13.799] [jointLog] [info] Automatically detected most likely library type as ISR

[2023-12-13 00:18:01.037] [jointLog] [info] Thread saw mini-batch with a maximum of 3.36% zero probability fragments
[2023-12-13 00:18:01.070] [jointLog] [info] Thread saw mini-batch with a maximum of 3.48% zero probability fragments
[2023-12-13 00:18:01.098] [jointLog] [info] Thread saw mini-batch with a maximum of 3.42% zero probability fragments
[2023-12-13 00:18:01.121] [jointLog] [info] Thread saw mini-batch with a maximum of 3.38% zero probability fragments
[2023-12-13 00:18:01.122] [jointLog] [info] Thread saw mini-batch with a maximum of 3.46% zero probability fragments
[2023-12-13 00:18:01.145] [jointLog] [info] Thread saw mini-batch with a maximum of 3.52% zero probability fragments
[2023-12-13 00:18:01.168] [jointLog] [info] Thread saw mini-batch with a maximum of 3.28% zero probability fragments
[2023-12-13 00:18:01.183] [jointLog] [info] Thread saw mini-batch with a maximum of 3.30% zero probability fragments
[2023-12-13 00:18:01.232] [jointLog] [info] Thread saw mini-batch with a maximum of 3.54% zero probability fragments
[2023-12-13 00:18:01.251] [jointLog] [info] Thread saw mini-batch with a maximum of 3.46% zero probability fragments
[2023-12-13 00:18:01.310] [jointLog] [info] Computed 217,836 rich equivalence classes for further processing
[2023-12-13 00:18:01.310] [jointLog] [info] Counted 21,209,663 total reads in the equivalence classes 
[2023-12-13 00:18:01.312] [jointLog] [info] Number of mappings discarded because of alignment score : 10,741,503
[2023-12-13 00:18:01.312] [jointLog] [info] Number of fragments entirely discarded because of alignment score : 5,782,272
[2023-12-13 00:18:01.312] [jointLog] [info] Number of fragments discarded because they are best-mapped to decoys : 4,860,466
[2023-12-13 00:18:01.312] [jointLog] [info] Number of fragments discarded because they have only dovetail (discordant) mappings to valid targets : 254,035
[2023-12-13 00:18:01.312] [jointLog] [info] Mapping rate = 41.174%

[2023-12-13 00:18:01.312] [jointLog] [info] finished quantifyLibrary()
[2023-12-13 00:18:01.312] [jointLog] [info] Starting optimizer
[2023-12-13 00:18:01.337] [jointLog] [info] Marked 0 weighted equivalence classes as degenerate
[2023-12-13 00:18:01.342] [jointLog] [info] iteration = 0 | max rel diff. = 8170.49
[2023-12-13 00:18:01.395] [jointLog] [info] iteration 11, adjusting effective lengths to account for biases
[2023-12-13 00:18:01.310] [fileLog] [info] 
At end of round 0
==================
Observed 51512233 total fragments (51512233 in most recent round)

[2023-12-13 00:18:07.441] [jointLog] [info] Computed expected counts (for bias correction)
[2023-12-13 00:18:07.441] [jointLog] [info] processed bias for 0.0% of the transcripts
[2023-12-13 00:18:07.955] [jointLog] [info] processed bias for 10.0% of the transcripts
[2023-12-13 00:18:08.525] [jointLog] [info] processed bias for 20.0% of the transcripts
[2023-12-13 00:18:09.097] [jointLog] [info] processed bias for 30.0% of the transcripts
[2023-12-13 00:18:09.621] [jointLog] [info] processed bias for 40.0% of the transcripts
[2023-12-13 00:18:10.204] [jointLog] [info] processed bias for 50.0% of the transcripts
[2023-12-13 00:18:10.780] [jointLog] [info] processed bias for 60.0% of the transcripts
[2023-12-13 00:18:11.354] [jointLog] [info] processed bias for 70.0% of the transcripts
[2023-12-13 00:18:11.841] [jointLog] [info] processed bias for 80.0% of the transcripts
[2023-12-13 00:18:12.387] [jointLog] [info] processed bias for 90.0% of the transcripts
[2023-12-13 00:18:12.939] [jointLog] [info] processed bias for 100.0% of the transcripts
[2023-12-13 00:18:13.415] [jointLog] [info] iteration = 100 | max rel diff. = 10.1993
[2023-12-13 00:18:13.940] [jointLog] [info] iteration = 200 | max rel diff. = 9.15987
[2023-12-13 00:18:14.464] [jointLog] [info] iteration = 300 | max rel diff. = 0.313784
[2023-12-13 00:18:14.990] [jointLog] [info] iteration = 400 | max rel diff. = 5.62695
[2023-12-13 00:18:15.514] [jointLog] [info] iteration = 500 | max rel diff. = 0.490463
[2023-12-13 00:18:16.038] [jointLog] [info] iteration = 600 | max rel diff. = 0.183327
[2023-12-13 00:18:16.570] [jointLog] [info] iteration = 700 | max rel diff. = 1.13215
[2023-12-13 00:18:17.097] [jointLog] [info] iteration = 800 | max rel diff. = 0.253001
[2023-12-13 00:18:17.622] [jointLog] [info] iteration = 900 | max rel diff. = 0.187541
[2023-12-13 00:18:18.150] [jointLog] [info] iteration = 1,000 | max rel diff. = 0.0431747
[2023-12-13 00:18:18.387] [jointLog] [info] iteration = 1,046 | max rel diff. = 0.00972753
[2023-12-13 00:18:18.393] [jointLog] [info] Finished optimizer
[2023-12-13 00:18:18.393] [jointLog] [info] writing output 

