[2023-12-12 17:45:28.372] [jointLog] [info] setting maxHashResizeThreads to 10
[2023-12-12 17:45:28.372] [jointLog] [info] Fragment incompatibility prior below threshold.  Incompatible fragments will be ignored.
[2023-12-12 17:45:28.372] [jointLog] [info] Usage of --validateMappings implies use of minScoreFraction. Since not explicitly specified, it is being set to 0.65
[2023-12-12 17:45:28.372] [jointLog] [info] Setting consensusSlack to selective-alignment default of 0.35.
[2023-12-12 17:45:28.372] [jointLog] [info] parsing read library format
[2023-12-12 17:45:28.372] [jointLog] [info] There is 1 library.
[2023-12-12 17:45:28.372] [jointLog] [info] Loading pufferfish index
[2023-12-12 17:45:28.372] [jointLog] [info] Loading dense pufferfish index.
[2023-12-12 17:45:38.127] [jointLog] [info] done
[2023-12-12 17:45:38.144] [jointLog] [info] Index contained 147,865 targets
[2023-12-12 17:45:38.595] [jointLog] [info] Number of decoys : 61
[2023-12-12 17:45:38.595] [jointLog] [info] First decoy index : 147,765 
[2023-12-12 17:45:39.013] [jointLog] [info] Automatically detected most likely library type as ISR

[2023-12-12 17:49:38.463] [jointLog] [info] Thread saw mini-batch with a maximum of 4.58% zero probability fragments
[2023-12-12 17:49:38.479] [jointLog] [info] Thread saw mini-batch with a maximum of 4.62% zero probability fragments
[2023-12-12 17:49:38.488] [jointLog] [info] Thread saw mini-batch with a maximum of 4.72% zero probability fragments
[2023-12-12 17:49:38.518] [jointLog] [info] Thread saw mini-batch with a maximum of 4.52% zero probability fragments
[2023-12-12 17:49:38.523] [jointLog] [info] Thread saw mini-batch with a maximum of 4.58% zero probability fragments
[2023-12-12 17:49:38.563] [jointLog] [info] Thread saw mini-batch with a maximum of 4.64% zero probability fragments
[2023-12-12 17:49:38.579] [jointLog] [info] Thread saw mini-batch with a maximum of 4.46% zero probability fragments
[2023-12-12 17:49:38.606] [jointLog] [info] Thread saw mini-batch with a maximum of 4.66% zero probability fragments
[2023-12-12 17:49:38.628] [jointLog] [info] Thread saw mini-batch with a maximum of 4.62% zero probability fragments
[2023-12-12 17:49:38.655] [jointLog] [info] Thread saw mini-batch with a maximum of 4.60% zero probability fragments
[2023-12-12 17:49:38.715] [jointLog] [info] Computed 221,202 rich equivalence classes for further processing
[2023-12-12 17:49:38.715] [jointLog] [info] Counted 23,859,905 total reads in the equivalence classes 
[2023-12-12 17:49:38.718] [jointLog] [info] Number of mappings discarded because of alignment score : 11,769,988
[2023-12-12 17:49:38.718] [jointLog] [info] Number of fragments entirely discarded because of alignment score : 4,356,001
[2023-12-12 17:49:38.718] [jointLog] [info] Number of fragments discarded because they are best-mapped to decoys : 3,586,617
[2023-12-12 17:49:38.718] [jointLog] [info] Number of fragments discarded because they have only dovetail (discordant) mappings to valid targets : 232,342
[2023-12-12 17:49:38.718] [jointLog] [info] Mapping rate = 55.9678%

[2023-12-12 17:49:38.718] [jointLog] [info] finished quantifyLibrary()
[2023-12-12 17:49:38.718] [jointLog] [info] Starting optimizer
[2023-12-12 17:49:38.716] [fileLog] [info] 
At end of round 0
==================
Observed 42631469 total fragments (42631469 in most recent round)

[2023-12-12 17:49:39.891] [jointLog] [info] Marked 0 weighted equivalence classes as degenerate
[2023-12-12 17:49:39.896] [jointLog] [info] iteration = 0 | max rel diff. = 8409.79
[2023-12-12 17:49:39.950] [jointLog] [info] iteration 11, adjusting effective lengths to account for biases
[2023-12-12 17:49:45.620] [jointLog] [info] Computed expected counts (for bias correction)
[2023-12-12 17:49:45.620] [jointLog] [info] processed bias for 0.0% of the transcripts
[2023-12-12 17:49:46.108] [jointLog] [info] processed bias for 10.0% of the transcripts
[2023-12-12 17:49:46.670] [jointLog] [info] processed bias for 20.0% of the transcripts
[2023-12-12 17:49:47.231] [jointLog] [info] processed bias for 30.0% of the transcripts
[2023-12-12 17:49:47.758] [jointLog] [info] processed bias for 40.0% of the transcripts
[2023-12-12 17:49:48.329] [jointLog] [info] processed bias for 50.0% of the transcripts
[2023-12-12 17:49:48.856] [jointLog] [info] processed bias for 60.0% of the transcripts
[2023-12-12 17:49:49.367] [jointLog] [info] processed bias for 70.0% of the transcripts
[2023-12-12 17:49:49.844] [jointLog] [info] processed bias for 80.0% of the transcripts
[2023-12-12 17:49:50.363] [jointLog] [info] processed bias for 90.0% of the transcripts
[2023-12-12 17:49:50.818] [jointLog] [info] processed bias for 100.0% of the transcripts
[2023-12-12 17:49:51.299] [jointLog] [info] iteration = 100 | max rel diff. = 19.2323
[2023-12-12 17:49:51.828] [jointLog] [info] iteration = 200 | max rel diff. = 8.16448
[2023-12-12 17:49:52.355] [jointLog] [info] iteration = 300 | max rel diff. = 0.780701
[2023-12-12 17:49:52.880] [jointLog] [info] iteration = 400 | max rel diff. = 0.291407
[2023-12-12 17:49:53.407] [jointLog] [info] iteration = 500 | max rel diff. = 0.166595
[2023-12-12 17:49:53.934] [jointLog] [info] iteration = 600 | max rel diff. = 0.0711104
[2023-12-12 17:49:54.462] [jointLog] [info] iteration = 700 | max rel diff. = 5.66575
[2023-12-12 17:49:54.990] [jointLog] [info] iteration = 800 | max rel diff. = 0.132285
[2023-12-12 17:49:55.518] [jointLog] [info] iteration = 900 | max rel diff. = 0.0933867
[2023-12-12 17:49:56.045] [jointLog] [info] iteration = 1,000 | max rel diff. = 1.10656
[2023-12-12 17:49:56.572] [jointLog] [info] iteration = 1,100 | max rel diff. = 0.0729204
[2023-12-12 17:49:57.099] [jointLog] [info] iteration = 1,200 | max rel diff. = 0.0200821
[2023-12-12 17:49:57.627] [jointLog] [info] iteration = 1,300 | max rel diff. = 0.0774455
[2023-12-12 17:49:58.155] [jointLog] [info] iteration = 1,400 | max rel diff. = 0.0361886
[2023-12-12 17:49:58.274] [jointLog] [info] iteration = 1,423 | max rel diff. = 0.00900557
[2023-12-12 17:49:58.279] [jointLog] [info] Finished optimizer
[2023-12-12 17:49:58.279] [jointLog] [info] writing output 

