[2025-05-02 08:35:01.922] [jointLog] [info] setting maxHashResizeThreads to 15
[2025-05-02 08:35:01.922] [jointLog] [info] Fragment incompatibility prior below threshold.  Incompatible fragments will be ignored.
[2025-05-02 08:35:01.922] [jointLog] [info] Usage of --validateMappings implies use of minScoreFraction. Since not explicitly specified, it is being set to 0.65
[2025-05-02 08:35:01.922] [jointLog] [info] Setting consensusSlack to selective-alignment default of 0.35.
[2025-05-02 08:35:01.922] [jointLog] [info] parsing read library format
[2025-05-02 08:35:01.922] [jointLog] [info] There is 1 library.
[2025-05-02 08:35:01.925] [jointLog] [info] Loading pufferfish index
[2025-05-02 08:35:01.925] [jointLog] [info] Loading dense pufferfish index.
[2025-05-02 08:35:37.102] [jointLog] [info] done
[2025-05-02 08:35:37.120] [jointLog] [info] Index contained 147,865 targets
[2025-05-02 08:35:37.617] [jointLog] [info] Number of decoys : 61
[2025-05-02 08:35:37.617] [jointLog] [info] First decoy index : 147,765 
[2025-05-02 08:39:30.613] [jointLog] [info] Thread saw mini-batch with a maximum of 0.58% zero probability fragments
[2025-05-02 08:39:30.613] [jointLog] [info] Thread saw mini-batch with a maximum of 0.60% zero probability fragments
[2025-05-02 08:39:30.613] [jointLog] [info] Thread saw mini-batch with a maximum of 0.62% zero probability fragments
[2025-05-02 08:39:30.614] [jointLog] [info] Thread saw mini-batch with a maximum of 0.64% zero probability fragments
[2025-05-02 08:39:30.615] [jointLog] [info] Thread saw mini-batch with a maximum of 0.62% zero probability fragments
[2025-05-02 08:39:30.615] [jointLog] [info] Thread saw mini-batch with a maximum of 0.72% zero probability fragments
[2025-05-02 08:39:30.615] [jointLog] [info] Thread saw mini-batch with a maximum of 0.64% zero probability fragments
[2025-05-02 08:39:30.616] [jointLog] [info] Thread saw mini-batch with a maximum of 0.62% zero probability fragments
[2025-05-02 08:39:30.616] [jointLog] [info] Thread saw mini-batch with a maximum of 0.60% zero probability fragments
[2025-05-02 08:39:30.617] [jointLog] [info] Thread saw mini-batch with a maximum of 0.60% zero probability fragments
[2025-05-02 08:39:30.636] [jointLog] [info] Thread saw mini-batch with a maximum of 0.72% zero probability fragments
[2025-05-02 08:39:30.675] [jointLog] [info] Thread saw mini-batch with a maximum of 0.64% zero probability fragments
[2025-05-02 08:39:30.722] [jointLog] [info] Thread saw mini-batch with a maximum of 0.60% zero probability fragments
[2025-05-02 08:39:30.760] [jointLog] [info] Thread saw mini-batch with a maximum of 0.62% zero probability fragments
[2025-05-02 08:39:30.806] [jointLog] [info] Thread saw mini-batch with a maximum of 0.62% zero probability fragments
[2025-05-02 08:39:30.925] [jointLog] [info] Computed 244,911 rich equivalence classes for further processing
[2025-05-02 08:39:30.925] [jointLog] [info] Counted 24,630,746 total reads in the equivalence classes 
[2025-05-02 08:39:30.933] [jointLog] [info] Number of mappings discarded because of alignment score : 9,082,592
[2025-05-02 08:39:30.933] [jointLog] [info] Number of fragments entirely discarded because of alignment score : 1,224,221
[2025-05-02 08:39:30.933] [jointLog] [info] Number of fragments discarded because they are best-mapped to decoys : 883,985
[2025-05-02 08:39:30.933] [jointLog] [info] Number of fragments discarded because they have only dovetail (discordant) mappings to valid targets : 433,955
[2025-05-02 08:39:30.933] [jointLog] [info] Mapping rate = 90.1216%

[2025-05-02 08:39:30.933] [jointLog] [info] finished quantifyLibrary()
[2025-05-02 08:39:30.933] [jointLog] [info] Starting optimizer
[2025-05-02 08:39:30.980] [jointLog] [info] Marked 0 weighted equivalence classes as degenerate
[2025-05-02 08:39:30.988] [jointLog] [info] iteration = 0 | max rel diff. = 8401
[2025-05-02 08:39:30.926] [fileLog] [info] 
At end of round 0
==================
Observed 27330558 total fragments (27330558 in most recent round)

[2025-05-02 08:39:31.053] [jointLog] [info] iteration 11, adjusting effective lengths to account for biases
[2025-05-02 08:39:38.466] [jointLog] [info] Computed expected counts (for bias correction)
[2025-05-02 08:39:38.466] [jointLog] [info] processed bias for 0.0% of the transcripts
[2025-05-02 08:39:39.046] [jointLog] [info] processed bias for 10.0% of the transcripts
[2025-05-02 08:39:39.617] [jointLog] [info] processed bias for 20.0% of the transcripts
[2025-05-02 08:39:40.264] [jointLog] [info] processed bias for 30.0% of the transcripts
[2025-05-02 08:39:40.883] [jointLog] [info] processed bias for 40.0% of the transcripts
[2025-05-02 08:39:41.478] [jointLog] [info] processed bias for 50.0% of the transcripts
[2025-05-02 08:39:42.060] [jointLog] [info] processed bias for 60.0% of the transcripts
[2025-05-02 08:39:42.682] [jointLog] [info] processed bias for 70.0% of the transcripts
[2025-05-02 08:39:43.276] [jointLog] [info] processed bias for 80.0% of the transcripts
[2025-05-02 08:39:43.874] [jointLog] [info] processed bias for 90.0% of the transcripts
[2025-05-02 08:39:44.469] [jointLog] [info] processed bias for 100.0% of the transcripts
[2025-05-02 08:39:44.981] [jointLog] [info] iteration = 100 | max rel diff. = 15.8024
[2025-05-02 08:39:45.532] [jointLog] [info] iteration = 200 | max rel diff. = 5.98984
[2025-05-02 08:39:46.018] [jointLog] [info] iteration = 300 | max rel diff. = 0.641589
[2025-05-02 08:39:46.513] [jointLog] [info] iteration = 400 | max rel diff. = 1.8935
[2025-05-02 08:39:47.022] [jointLog] [info] iteration = 500 | max rel diff. = 12.314
[2025-05-02 08:39:47.505] [jointLog] [info] iteration = 600 | max rel diff. = 0.132815
[2025-05-02 08:39:47.996] [jointLog] [info] iteration = 700 | max rel diff. = 0.0714218
[2025-05-02 08:39:48.519] [jointLog] [info] iteration = 800 | max rel diff. = 0.161367
[2025-05-02 08:39:49.104] [jointLog] [info] iteration = 900 | max rel diff. = 0.0670084
[2025-05-02 08:39:49.638] [jointLog] [info] iteration = 1,000 | max rel diff. = 0.130602
[2025-05-02 08:39:50.220] [jointLog] [info] iteration = 1,100 | max rel diff. = 0.0306249
[2025-05-02 08:39:50.768] [jointLog] [info] iteration = 1,200 | max rel diff. = 0.438574
[2025-05-02 08:39:50.915] [jointLog] [info] iteration = 1,228 | max rel diff. = 0.00706799
[2025-05-02 08:39:50.919] [jointLog] [info] Finished optimizer
[2025-05-02 08:39:50.919] [jointLog] [info] writing output 

