[2023-12-12 23:03:16.503] [jointLog] [info] setting maxHashResizeThreads to 10
[2023-12-12 23:03:16.503] [jointLog] [info] Fragment incompatibility prior below threshold.  Incompatible fragments will be ignored.
[2023-12-12 23:03:16.503] [jointLog] [info] Usage of --validateMappings implies use of minScoreFraction. Since not explicitly specified, it is being set to 0.65
[2023-12-12 23:03:16.503] [jointLog] [info] Setting consensusSlack to selective-alignment default of 0.35.
[2023-12-12 23:03:16.503] [jointLog] [info] parsing read library format
[2023-12-12 23:03:16.503] [jointLog] [info] There is 1 library.
[2023-12-12 23:03:16.503] [jointLog] [info] Loading pufferfish index
[2023-12-12 23:03:16.503] [jointLog] [info] Loading dense pufferfish index.
[2023-12-12 23:03:26.305] [jointLog] [info] done
[2023-12-12 23:03:26.323] [jointLog] [info] Index contained 147,865 targets
[2023-12-12 23:03:26.773] [jointLog] [info] Number of decoys : 61
[2023-12-12 23:03:26.773] [jointLog] [info] First decoy index : 147,765 
[2023-12-12 23:03:27.036] [jointLog] [info] Automatically detected most likely library type as ISR

[2023-12-12 23:07:24.374] [jointLog] [info] Thread saw mini-batch with a maximum of 4.76% zero probability fragments
[2023-12-12 23:07:24.374] [jointLog] [info] Thread saw mini-batch with a maximum of 4.52% zero probability fragments
[2023-12-12 23:07:24.374] [jointLog] [info] Thread saw mini-batch with a maximum of 4.60% zero probability fragments
[2023-12-12 23:07:24.374] [jointLog] [info] Thread saw mini-batch with a maximum of 4.60% zero probability fragments
[2023-12-12 23:07:24.394] [jointLog] [info] Thread saw mini-batch with a maximum of 4.82% zero probability fragments
[2023-12-12 23:07:24.410] [jointLog] [info] Thread saw mini-batch with a maximum of 4.88% zero probability fragments
[2023-12-12 23:07:24.428] [jointLog] [info] Thread saw mini-batch with a maximum of 4.52% zero probability fragments
[2023-12-12 23:07:24.459] [jointLog] [info] Thread saw mini-batch with a maximum of 4.68% zero probability fragments
[2023-12-12 23:07:24.462] [jointLog] [info] Thread saw mini-batch with a maximum of 4.62% zero probability fragments
[2023-12-12 23:07:24.502] [jointLog] [info] Thread saw mini-batch with a maximum of 4.52% zero probability fragments
[2023-12-12 23:07:24.570] [jointLog] [info] Computed 212,876 rich equivalence classes for further processing
[2023-12-12 23:07:24.570] [jointLog] [info] Counted 39,187,927 total reads in the equivalence classes 
[2023-12-12 23:07:24.572] [jointLog] [info] Number of mappings discarded because of alignment score : 19,206,879
[2023-12-12 23:07:24.572] [jointLog] [info] Number of fragments entirely discarded because of alignment score : 1,893,313
[2023-12-12 23:07:24.572] [jointLog] [info] Number of fragments discarded because they are best-mapped to decoys : 1,378,958
[2023-12-12 23:07:24.572] [jointLog] [info] Number of fragments discarded because they have only dovetail (discordant) mappings to valid targets : 128,218
[2023-12-12 23:07:24.572] [jointLog] [info] Mapping rate = 80.5373%

[2023-12-12 23:07:24.572] [jointLog] [info] finished quantifyLibrary()
[2023-12-12 23:07:24.572] [jointLog] [info] Starting optimizer
[2023-12-12 23:07:24.605] [jointLog] [info] Marked 0 weighted equivalence classes as degenerate
[2023-12-12 23:07:24.611] [jointLog] [info] iteration = 0 | max rel diff. = 5729.96
[2023-12-12 23:07:24.666] [jointLog] [info] iteration 11, adjusting effective lengths to account for biases
[2023-12-12 23:07:24.570] [fileLog] [info] 
At end of round 0
==================
Observed 48658129 total fragments (48658129 in most recent round)

[2023-12-12 23:07:29.619] [jointLog] [info] Computed expected counts (for bias correction)
[2023-12-12 23:07:29.619] [jointLog] [info] processed bias for 0.0% of the transcripts
[2023-12-12 23:07:30.048] [jointLog] [info] processed bias for 10.0% of the transcripts
[2023-12-12 23:07:30.492] [jointLog] [info] processed bias for 20.0% of the transcripts
[2023-12-12 23:07:30.983] [jointLog] [info] processed bias for 30.0% of the transcripts
[2023-12-12 23:07:31.449] [jointLog] [info] processed bias for 40.0% of the transcripts
[2023-12-12 23:07:31.916] [jointLog] [info] processed bias for 50.0% of the transcripts
[2023-12-12 23:07:32.380] [jointLog] [info] processed bias for 60.0% of the transcripts
[2023-12-12 23:07:32.811] [jointLog] [info] processed bias for 70.0% of the transcripts
[2023-12-12 23:07:33.261] [jointLog] [info] processed bias for 80.0% of the transcripts
[2023-12-12 23:07:33.681] [jointLog] [info] processed bias for 90.0% of the transcripts
[2023-12-12 23:07:34.137] [jointLog] [info] processed bias for 100.0% of the transcripts
[2023-12-12 23:07:34.139] [jointLog] [info] processed bias for 100.0% of the transcripts
[2023-12-12 23:07:34.629] [jointLog] [info] iteration = 100 | max rel diff. = 3.60637
[2023-12-12 23:07:35.169] [jointLog] [info] iteration = 200 | max rel diff. = 2.74251
[2023-12-12 23:07:35.713] [jointLog] [info] iteration = 300 | max rel diff. = 1.81725
[2023-12-12 23:07:36.255] [jointLog] [info] iteration = 400 | max rel diff. = 1.02861
[2023-12-12 23:07:36.795] [jointLog] [info] iteration = 500 | max rel diff. = 0.122599
[2023-12-12 23:07:37.335] [jointLog] [info] iteration = 600 | max rel diff. = 0.0951157
[2023-12-12 23:07:37.875] [jointLog] [info] iteration = 700 | max rel diff. = 0.0645336
[2023-12-12 23:07:38.415] [jointLog] [info] iteration = 800 | max rel diff. = 0.116538
[2023-12-12 23:07:38.954] [jointLog] [info] iteration = 900 | max rel diff. = 3.63255
[2023-12-12 23:07:39.019] [jointLog] [info] iteration = 913 | max rel diff. = 0.00853505
[2023-12-12 23:07:39.025] [jointLog] [info] Finished optimizer
[2023-12-12 23:07:39.025] [jointLog] [info] writing output 

