[2023-12-12 22:50:23.923] [jointLog] [info] setting maxHashResizeThreads to 10
[2023-12-12 22:50:23.923] [jointLog] [info] Fragment incompatibility prior below threshold.  Incompatible fragments will be ignored.
[2023-12-12 22:50:23.923] [jointLog] [info] Usage of --validateMappings implies use of minScoreFraction. Since not explicitly specified, it is being set to 0.65
[2023-12-12 22:50:23.923] [jointLog] [info] Setting consensusSlack to selective-alignment default of 0.35.
[2023-12-12 22:50:23.923] [jointLog] [info] parsing read library format
[2023-12-12 22:50:23.923] [jointLog] [info] There is 1 library.
[2023-12-12 22:50:23.923] [jointLog] [info] Loading pufferfish index
[2023-12-12 22:50:23.923] [jointLog] [info] Loading dense pufferfish index.
[2023-12-12 22:50:33.690] [jointLog] [info] done
[2023-12-12 22:50:33.707] [jointLog] [info] Index contained 147,865 targets
[2023-12-12 22:50:34.156] [jointLog] [info] Number of decoys : 61
[2023-12-12 22:50:34.156] [jointLog] [info] First decoy index : 147,765 
[2023-12-12 22:50:34.426] [jointLog] [info] Automatically detected most likely library type as ISR

[2023-12-12 22:53:37.090] [jointLog] [info] Thread saw mini-batch with a maximum of 4.56% zero probability fragments
[2023-12-12 22:53:37.090] [jointLog] [info] Thread saw mini-batch with a maximum of 4.52% zero probability fragments
[2023-12-12 22:53:37.090] [jointLog] [info] Thread saw mini-batch with a maximum of 4.46% zero probability fragments
[2023-12-12 22:53:37.090] [jointLog] [info] Thread saw mini-batch with a maximum of 4.54% zero probability fragments
[2023-12-12 22:53:37.096] [jointLog] [info] Thread saw mini-batch with a maximum of 4.64% zero probability fragments
[2023-12-12 22:53:37.135] [jointLog] [info] Thread saw mini-batch with a maximum of 4.64% zero probability fragments
[2023-12-12 22:53:37.148] [jointLog] [info] Thread saw mini-batch with a maximum of 4.60% zero probability fragments
[2023-12-12 22:53:37.167] [jointLog] [info] Thread saw mini-batch with a maximum of 4.56% zero probability fragments
[2023-12-12 22:53:37.172] [jointLog] [info] Thread saw mini-batch with a maximum of 4.58% zero probability fragments
[2023-12-12 22:53:37.197] [jointLog] [info] Thread saw mini-batch with a maximum of 4.40% zero probability fragments
[2023-12-12 22:53:37.261] [jointLog] [info] Computed 201,088 rich equivalence classes for further processing
[2023-12-12 22:53:37.261] [jointLog] [info] Counted 30,594,444 total reads in the equivalence classes 
[2023-12-12 22:53:37.264] [jointLog] [info] Number of mappings discarded because of alignment score : 11,922,421
[2023-12-12 22:53:37.264] [jointLog] [info] Number of fragments entirely discarded because of alignment score : 1,716,710
[2023-12-12 22:53:37.264] [jointLog] [info] Number of fragments discarded because they are best-mapped to decoys : 1,286,712
[2023-12-12 22:53:37.264] [jointLog] [info] Number of fragments discarded because they have only dovetail (discordant) mappings to valid targets : 105,253
[2023-12-12 22:53:37.264] [jointLog] [info] Mapping rate = 78.6636%

[2023-12-12 22:53:37.264] [jointLog] [info] finished quantifyLibrary()
[2023-12-12 22:53:37.264] [jointLog] [info] Starting optimizer
[2023-12-12 22:53:37.288] [jointLog] [info] Marked 0 weighted equivalence classes as degenerate
[2023-12-12 22:53:37.294] [jointLog] [info] iteration = 0 | max rel diff. = 7885.53
[2023-12-12 22:53:37.346] [jointLog] [info] iteration 11, adjusting effective lengths to account for biases
[2023-12-12 22:53:37.261] [fileLog] [info] 
At end of round 0
==================
Observed 38892776 total fragments (38892776 in most recent round)

[2023-12-12 22:53:42.275] [jointLog] [info] Computed expected counts (for bias correction)
[2023-12-12 22:53:42.275] [jointLog] [info] processed bias for 0.0% of the transcripts
[2023-12-12 22:53:42.681] [jointLog] [info] processed bias for 10.0% of the transcripts
[2023-12-12 22:53:43.110] [jointLog] [info] processed bias for 20.0% of the transcripts
[2023-12-12 22:53:43.592] [jointLog] [info] processed bias for 30.0% of the transcripts
[2023-12-12 22:53:44.029] [jointLog] [info] processed bias for 40.0% of the transcripts
[2023-12-12 22:53:44.536] [jointLog] [info] processed bias for 50.0% of the transcripts
[2023-12-12 22:53:44.973] [jointLog] [info] processed bias for 60.0% of the transcripts
[2023-12-12 22:53:45.434] [jointLog] [info] processed bias for 70.0% of the transcripts
[2023-12-12 22:53:45.926] [jointLog] [info] processed bias for 80.0% of the transcripts
[2023-12-12 22:53:46.370] [jointLog] [info] processed bias for 90.0% of the transcripts
[2023-12-12 22:53:46.787] [jointLog] [info] processed bias for 100.0% of the transcripts
[2023-12-12 22:53:47.256] [jointLog] [info] iteration = 100 | max rel diff. = 2.86128
[2023-12-12 22:53:47.769] [jointLog] [info] iteration = 200 | max rel diff. = 3.8939
[2023-12-12 22:53:48.283] [jointLog] [info] iteration = 300 | max rel diff. = 0.302011
[2023-12-12 22:53:48.796] [jointLog] [info] iteration = 400 | max rel diff. = 6.04095
[2023-12-12 22:53:49.310] [jointLog] [info] iteration = 500 | max rel diff. = 0.373169
[2023-12-12 22:53:49.823] [jointLog] [info] iteration = 600 | max rel diff. = 0.173264
[2023-12-12 22:53:50.340] [jointLog] [info] iteration = 700 | max rel diff. = 0.385605
[2023-12-12 22:53:50.861] [jointLog] [info] iteration = 800 | max rel diff. = 0.0911252
[2023-12-12 22:53:51.383] [jointLog] [info] iteration = 900 | max rel diff. = 0.0923007
[2023-12-12 22:53:51.898] [jointLog] [info] iteration = 1,000 | max rel diff. = 0.0160861
[2023-12-12 22:53:52.411] [jointLog] [info] iteration = 1,100 | max rel diff. = 0.0650278
[2023-12-12 22:53:52.924] [jointLog] [info] iteration = 1,200 | max rel diff. = 0.0298851
[2023-12-12 22:53:53.436] [jointLog] [info] iteration = 1,300 | max rel diff. = 0.0198216
[2023-12-12 22:53:53.915] [jointLog] [info] iteration = 1,394 | max rel diff. = 0.00609689
[2023-12-12 22:53:53.920] [jointLog] [info] Finished optimizer
[2023-12-12 22:53:53.920] [jointLog] [info] writing output 

