[2023-12-12 16:36:51.463] [jointLog] [info] setting maxHashResizeThreads to 10
[2023-12-12 16:36:51.463] [jointLog] [info] Fragment incompatibility prior below threshold.  Incompatible fragments will be ignored.
[2023-12-12 16:36:51.463] [jointLog] [info] Usage of --validateMappings implies use of minScoreFraction. Since not explicitly specified, it is being set to 0.65
[2023-12-12 16:36:51.463] [jointLog] [info] Setting consensusSlack to selective-alignment default of 0.35.
[2023-12-12 16:36:51.463] [jointLog] [info] parsing read library format
[2023-12-12 16:36:51.463] [jointLog] [info] There is 1 library.
[2023-12-12 16:36:51.463] [jointLog] [info] Loading pufferfish index
[2023-12-12 16:36:51.463] [jointLog] [info] Loading dense pufferfish index.
[2023-12-12 16:37:01.165] [jointLog] [info] done
[2023-12-12 16:37:01.182] [jointLog] [info] Index contained 147,865 targets
[2023-12-12 16:37:01.631] [jointLog] [info] Number of decoys : 61
[2023-12-12 16:37:01.631] [jointLog] [info] First decoy index : 147,765 
[2023-12-12 16:37:01.924] [jointLog] [info] Automatically detected most likely library type as ISR

[2023-12-12 16:41:45.206] [jointLog] [info] Thread saw mini-batch with a maximum of 5.02% zero probability fragments
[2023-12-12 16:41:45.206] [jointLog] [info] Thread saw mini-batch with a maximum of 5.00% zero probability fragments
[2023-12-12 16:41:45.206] [jointLog] [info] Thread saw mini-batch with a maximum of 5.28% zero probability fragments
[2023-12-12 16:41:45.216] [jointLog] [info] Thread saw mini-batch with a maximum of 5.50% zero probability fragments
[2023-12-12 16:41:45.231] [jointLog] [info] Thread saw mini-batch with a maximum of 5.10% zero probability fragments
[2023-12-12 16:41:45.248] [jointLog] [info] Thread saw mini-batch with a maximum of 5.02% zero probability fragments
[2023-12-12 16:41:45.260] [jointLog] [info] Thread saw mini-batch with a maximum of 5.08% zero probability fragments
[2023-12-12 16:41:45.271] [jointLog] [info] Thread saw mini-batch with a maximum of 5.02% zero probability fragments
[2023-12-12 16:41:45.322] [jointLog] [info] Thread saw mini-batch with a maximum of 5.04% zero probability fragments
[2023-12-12 16:41:45.323] [jointLog] [info] Thread saw mini-batch with a maximum of 5.04% zero probability fragments
[2023-12-12 16:41:45.401] [jointLog] [info] Computed 267,480 rich equivalence classes for further processing
[2023-12-12 16:41:45.401] [jointLog] [info] Counted 42,836,262 total reads in the equivalence classes 
[2023-12-12 16:41:45.403] [jointLog] [info] Number of mappings discarded because of alignment score : 18,624,330
[2023-12-12 16:41:45.403] [jointLog] [info] Number of fragments entirely discarded because of alignment score : 4,248,129
[2023-12-12 16:41:45.403] [jointLog] [info] Number of fragments discarded because they are best-mapped to decoys : 3,248,819
[2023-12-12 16:41:45.403] [jointLog] [info] Number of fragments discarded because they have only dovetail (discordant) mappings to valid targets : 204,463
[2023-12-12 16:41:45.403] [jointLog] [info] Mapping rate = 73.5479%

[2023-12-12 16:41:45.403] [jointLog] [info] finished quantifyLibrary()
[2023-12-12 16:41:45.403] [jointLog] [info] Starting optimizer
[2023-12-12 16:41:45.429] [jointLog] [info] Marked 0 weighted equivalence classes as degenerate
[2023-12-12 16:41:45.435] [jointLog] [info] iteration = 0 | max rel diff. = 4133.99
[2023-12-12 16:41:45.491] [jointLog] [info] iteration 11, adjusting effective lengths to account for biases
[2023-12-12 16:41:45.401] [fileLog] [info] 
At end of round 0
==================
Observed 58242681 total fragments (58242681 in most recent round)

[2023-12-12 16:41:51.071] [jointLog] [info] Computed expected counts (for bias correction)
[2023-12-12 16:41:51.071] [jointLog] [info] processed bias for 0.0% of the transcripts
[2023-12-12 16:41:51.570] [jointLog] [info] processed bias for 10.0% of the transcripts
[2023-12-12 16:41:52.111] [jointLog] [info] processed bias for 20.0% of the transcripts
[2023-12-12 16:41:52.573] [jointLog] [info] processed bias for 30.0% of the transcripts
[2023-12-12 16:41:53.075] [jointLog] [info] processed bias for 40.0% of the transcripts
[2023-12-12 16:41:53.613] [jointLog] [info] processed bias for 50.0% of the transcripts
[2023-12-12 16:41:54.158] [jointLog] [info] processed bias for 60.0% of the transcripts
[2023-12-12 16:41:54.654] [jointLog] [info] processed bias for 70.0% of the transcripts
[2023-12-12 16:41:55.161] [jointLog] [info] processed bias for 80.0% of the transcripts
[2023-12-12 16:41:55.674] [jointLog] [info] processed bias for 90.0% of the transcripts
[2023-12-12 16:41:56.164] [jointLog] [info] processed bias for 100.0% of the transcripts
[2023-12-12 16:41:56.165] [jointLog] [info] processed bias for 100.0% of the transcripts
[2023-12-12 16:41:56.669] [jointLog] [info] iteration = 100 | max rel diff. = 8.11449
[2023-12-12 16:41:57.224] [jointLog] [info] iteration = 200 | max rel diff. = 4.53303
[2023-12-12 16:41:57.779] [jointLog] [info] iteration = 300 | max rel diff. = 0.652669
[2023-12-12 16:41:58.332] [jointLog] [info] iteration = 400 | max rel diff. = 5.23972
[2023-12-12 16:41:58.890] [jointLog] [info] iteration = 500 | max rel diff. = 1.89972
[2023-12-12 16:41:59.449] [jointLog] [info] iteration = 600 | max rel diff. = 0.26777
[2023-12-12 16:42:00.006] [jointLog] [info] iteration = 700 | max rel diff. = 0.0703207
[2023-12-12 16:42:00.561] [jointLog] [info] iteration = 800 | max rel diff. = 0.100079
[2023-12-12 16:42:01.117] [jointLog] [info] iteration = 900 | max rel diff. = 0.137515
[2023-12-12 16:42:01.672] [jointLog] [info] iteration = 1,000 | max rel diff. = 0.693145
[2023-12-12 16:42:02.226] [jointLog] [info] iteration = 1,100 | max rel diff. = 18.9829
[2023-12-12 16:42:02.783] [jointLog] [info] iteration = 1,200 | max rel diff. = 0.0248029
[2023-12-12 16:42:03.260] [jointLog] [info] iteration = 1,287 | max rel diff. = 0.00450932
[2023-12-12 16:42:03.266] [jointLog] [info] Finished optimizer
[2023-12-12 16:42:03.266] [jointLog] [info] writing output 

