[2025-05-02 08:35:01.922] [jointLog] [info] setting maxHashResizeThreads to 15
[2025-05-02 08:35:01.922] [jointLog] [info] Fragment incompatibility prior below threshold.  Incompatible fragments will be ignored.
[2025-05-02 08:35:01.922] [jointLog] [info] Usage of --validateMappings implies use of minScoreFraction. Since not explicitly specified, it is being set to 0.65
[2025-05-02 08:35:01.922] [jointLog] [info] Setting consensusSlack to selective-alignment default of 0.35.
[2025-05-02 08:35:01.922] [jointLog] [info] parsing read library format
[2025-05-02 08:35:01.922] [jointLog] [info] There is 1 library.
[2025-05-02 08:35:01.925] [jointLog] [info] Loading pufferfish index
[2025-05-02 08:35:01.925] [jointLog] [info] Loading dense pufferfish index.
[2025-05-02 08:35:37.102] [jointLog] [info] done
[2025-05-02 08:35:37.120] [jointLog] [info] Index contained 147,865 targets
[2025-05-02 08:35:37.622] [jointLog] [info] Number of decoys : 61
[2025-05-02 08:35:37.622] [jointLog] [info] First decoy index : 147,765 
[2025-05-02 08:39:04.896] [jointLog] [info] Thread saw mini-batch with a maximum of 0.60% zero probability fragments
[2025-05-02 08:39:04.896] [jointLog] [info] Thread saw mini-batch with a maximum of 0.62% zero probability fragments
[2025-05-02 08:39:04.896] [jointLog] [info] Thread saw mini-batch with a maximum of 0.64% zero probability fragments
[2025-05-02 08:39:04.896] [jointLog] [info] Thread saw mini-batch with a maximum of 0.58% zero probability fragments
[2025-05-02 08:39:04.898] [jointLog] [info] Thread saw mini-batch with a maximum of 0.68% zero probability fragments
[2025-05-02 08:39:04.899] [jointLog] [info] Thread saw mini-batch with a maximum of 0.62% zero probability fragments
[2025-05-02 08:39:04.900] [jointLog] [info] Thread saw mini-batch with a maximum of 0.62% zero probability fragments
[2025-05-02 08:39:04.900] [jointLog] [info] Thread saw mini-batch with a maximum of 0.62% zero probability fragments
[2025-05-02 08:39:04.901] [jointLog] [info] Thread saw mini-batch with a maximum of 0.68% zero probability fragments
[2025-05-02 08:39:04.908] [jointLog] [info] Thread saw mini-batch with a maximum of 0.64% zero probability fragments
[2025-05-02 08:39:04.938] [jointLog] [info] Thread saw mini-batch with a maximum of 0.58% zero probability fragments
[2025-05-02 08:39:04.965] [jointLog] [info] Thread saw mini-batch with a maximum of 0.62% zero probability fragments
[2025-05-02 08:39:04.968] [jointLog] [info] Thread saw mini-batch with a maximum of 0.72% zero probability fragments
[2025-05-02 08:39:05.055] [jointLog] [info] Thread saw mini-batch with a maximum of 0.62% zero probability fragments
[2025-05-02 08:39:05.070] [jointLog] [info] Thread saw mini-batch with a maximum of 0.62% zero probability fragments
[2025-05-02 08:39:05.167] [jointLog] [info] Computed 220,135 rich equivalence classes for further processing
[2025-05-02 08:39:05.167] [jointLog] [info] Counted 23,324,973 total reads in the equivalence classes 
[2025-05-02 08:39:05.174] [jointLog] [info] Number of mappings discarded because of alignment score : 8,504,816
[2025-05-02 08:39:05.174] [jointLog] [info] Number of fragments entirely discarded because of alignment score : 1,112,598
[2025-05-02 08:39:05.174] [jointLog] [info] Number of fragments discarded because they are best-mapped to decoys : 796,651
[2025-05-02 08:39:05.174] [jointLog] [info] Number of fragments discarded because they have only dovetail (discordant) mappings to valid targets : 369,495
[2025-05-02 08:39:05.174] [jointLog] [info] Mapping rate = 89.9136%

[2025-05-02 08:39:05.174] [jointLog] [info] finished quantifyLibrary()
[2025-05-02 08:39:05.174] [jointLog] [info] Starting optimizer
[2025-05-02 08:39:05.203] [jointLog] [info] Marked 0 weighted equivalence classes as degenerate
[2025-05-02 08:39:05.210] [jointLog] [info] iteration = 0 | max rel diff. = 8386.62
[2025-05-02 08:39:05.167] [fileLog] [info] 
At end of round 0
==================
Observed 25941529 total fragments (25941529 in most recent round)

[2025-05-02 08:39:05.270] [jointLog] [info] iteration 11, adjusting effective lengths to account for biases
[2025-05-02 08:39:13.525] [jointLog] [info] Computed expected counts (for bias correction)
[2025-05-02 08:39:13.525] [jointLog] [info] processed bias for 0.0% of the transcripts
[2025-05-02 08:39:14.346] [jointLog] [info] processed bias for 10.0% of the transcripts
[2025-05-02 08:39:15.062] [jointLog] [info] processed bias for 20.0% of the transcripts
[2025-05-02 08:39:15.925] [jointLog] [info] processed bias for 30.0% of the transcripts
[2025-05-02 08:39:16.864] [jointLog] [info] processed bias for 40.0% of the transcripts
[2025-05-02 08:39:17.810] [jointLog] [info] processed bias for 50.0% of the transcripts
[2025-05-02 08:39:18.641] [jointLog] [info] processed bias for 60.0% of the transcripts
[2025-05-02 08:39:19.645] [jointLog] [info] processed bias for 70.0% of the transcripts
[2025-05-02 08:39:20.749] [jointLog] [info] processed bias for 80.0% of the transcripts
[2025-05-02 08:39:21.848] [jointLog] [info] processed bias for 90.0% of the transcripts
[2025-05-02 08:39:22.505] [jointLog] [info] processed bias for 100.0% of the transcripts
[2025-05-02 08:39:22.519] [jointLog] [info] processed bias for 100.0% of the transcripts
[2025-05-02 08:39:23.032] [jointLog] [info] iteration = 100 | max rel diff. = 14.5344
[2025-05-02 08:39:23.646] [jointLog] [info] iteration = 200 | max rel diff. = 2.95261
[2025-05-02 08:39:24.236] [jointLog] [info] iteration = 300 | max rel diff. = 1.55715
[2025-05-02 08:39:24.810] [jointLog] [info] iteration = 400 | max rel diff. = 8.77572
[2025-05-02 08:39:25.356] [jointLog] [info] iteration = 500 | max rel diff. = 2.25332
[2025-05-02 08:39:25.874] [jointLog] [info] iteration = 600 | max rel diff. = 0.0917925
[2025-05-02 08:39:26.397] [jointLog] [info] iteration = 700 | max rel diff. = 0.365034
[2025-05-02 08:39:26.811] [jointLog] [info] iteration = 800 | max rel diff. = 4.06423
[2025-05-02 08:39:27.762] [jointLog] [info] iteration = 900 | max rel diff. = 2.53321
[2025-05-02 08:39:28.644] [jointLog] [info] iteration = 1,000 | max rel diff. = 0.0840709
[2025-05-02 08:39:29.598] [jointLog] [info] iteration = 1,100 | max rel diff. = 2.49435
[2025-05-02 08:39:30.191] [jointLog] [info] iteration = 1,165 | max rel diff. = 0.00981407
[2025-05-02 08:39:30.195] [jointLog] [info] Finished optimizer
[2025-05-02 08:39:30.195] [jointLog] [info] writing output 

