[2023-12-12 19:24:18.520] [jointLog] [info] setting maxHashResizeThreads to 10
[2023-12-12 19:24:18.520] [jointLog] [info] Fragment incompatibility prior below threshold.  Incompatible fragments will be ignored.
[2023-12-12 19:24:18.520] [jointLog] [info] Usage of --validateMappings implies use of minScoreFraction. Since not explicitly specified, it is being set to 0.65
[2023-12-12 19:24:18.521] [jointLog] [info] Setting consensusSlack to selective-alignment default of 0.35.
[2023-12-12 19:24:18.521] [jointLog] [info] parsing read library format
[2023-12-12 19:24:18.521] [jointLog] [info] There is 1 library.
[2023-12-12 19:24:18.521] [jointLog] [info] Loading pufferfish index
[2023-12-12 19:24:18.521] [jointLog] [info] Loading dense pufferfish index.
[2023-12-12 19:24:28.271] [jointLog] [info] done
[2023-12-12 19:24:28.289] [jointLog] [info] Index contained 147,865 targets
[2023-12-12 19:24:28.738] [jointLog] [info] Number of decoys : 61
[2023-12-12 19:24:28.738] [jointLog] [info] First decoy index : 147,765 
[2023-12-12 19:24:29.065] [jointLog] [info] Automatically detected most likely library type as ISR

[2023-12-12 19:28:08.679] [jointLog] [info] Thread saw mini-batch with a maximum of 4.74% zero probability fragments
[2023-12-12 19:28:08.679] [jointLog] [info] Thread saw mini-batch with a maximum of 4.84% zero probability fragments
[2023-12-12 19:28:08.679] [jointLog] [info] Thread saw mini-batch with a maximum of 4.86% zero probability fragments
[2023-12-12 19:28:08.679] [jointLog] [info] Thread saw mini-batch with a maximum of 4.92% zero probability fragments
[2023-12-12 19:28:08.713] [jointLog] [info] Thread saw mini-batch with a maximum of 4.88% zero probability fragments
[2023-12-12 19:28:08.752] [jointLog] [info] Thread saw mini-batch with a maximum of 4.80% zero probability fragments
[2023-12-12 19:28:08.752] [jointLog] [info] Thread saw mini-batch with a maximum of 4.62% zero probability fragments
[2023-12-12 19:28:08.790] [jointLog] [info] Thread saw mini-batch with a maximum of 4.76% zero probability fragments
[2023-12-12 19:28:08.797] [jointLog] [info] Thread saw mini-batch with a maximum of 4.94% zero probability fragments
[2023-12-12 19:28:08.810] [jointLog] [info] Thread saw mini-batch with a maximum of 4.74% zero probability fragments
[2023-12-12 19:28:08.874] [jointLog] [info] Computed 231,610 rich equivalence classes for further processing
[2023-12-12 19:28:08.874] [jointLog] [info] Counted 31,565,403 total reads in the equivalence classes 
[2023-12-12 19:28:08.877] [jointLog] [info] Number of mappings discarded because of alignment score : 14,598,330
[2023-12-12 19:28:08.877] [jointLog] [info] Number of fragments entirely discarded because of alignment score : 3,009,969
[2023-12-12 19:28:08.877] [jointLog] [info] Number of fragments discarded because they are best-mapped to decoys : 2,506,946
[2023-12-12 19:28:08.877] [jointLog] [info] Number of fragments discarded because they have only dovetail (discordant) mappings to valid targets : 160,612
[2023-12-12 19:28:08.877] [jointLog] [info] Mapping rate = 73.6319%

[2023-12-12 19:28:08.877] [jointLog] [info] finished quantifyLibrary()
[2023-12-12 19:28:08.877] [jointLog] [info] Starting optimizer
[2023-12-12 19:28:08.901] [jointLog] [info] Marked 0 weighted equivalence classes as degenerate
[2023-12-12 19:28:08.907] [jointLog] [info] iteration = 0 | max rel diff. = 7810.48
[2023-12-12 19:28:08.960] [jointLog] [info] iteration 11, adjusting effective lengths to account for biases
[2023-12-12 19:28:08.875] [fileLog] [info] 
At end of round 0
==================
Observed 42869203 total fragments (42869203 in most recent round)

[2023-12-12 19:28:14.747] [jointLog] [info] Computed expected counts (for bias correction)
[2023-12-12 19:28:14.747] [jointLog] [info] processed bias for 0.0% of the transcripts
[2023-12-12 19:28:15.245] [jointLog] [info] processed bias for 10.0% of the transcripts
[2023-12-12 19:28:15.788] [jointLog] [info] processed bias for 20.0% of the transcripts
[2023-12-12 19:28:16.336] [jointLog] [info] processed bias for 30.0% of the transcripts
[2023-12-12 19:28:16.913] [jointLog] [info] processed bias for 40.0% of the transcripts
[2023-12-12 19:28:17.455] [jointLog] [info] processed bias for 50.0% of the transcripts
[2023-12-12 19:28:17.983] [jointLog] [info] processed bias for 60.0% of the transcripts
[2023-12-12 19:28:18.487] [jointLog] [info] processed bias for 70.0% of the transcripts
[2023-12-12 19:28:19.041] [jointLog] [info] processed bias for 80.0% of the transcripts
[2023-12-12 19:28:19.557] [jointLog] [info] processed bias for 90.0% of the transcripts
[2023-12-12 19:28:20.020] [jointLog] [info] processed bias for 100.0% of the transcripts
[2023-12-12 19:28:20.021] [jointLog] [info] processed bias for 100.0% of the transcripts
[2023-12-12 19:28:20.504] [jointLog] [info] iteration = 100 | max rel diff. = 6.09037
[2023-12-12 19:28:21.036] [jointLog] [info] iteration = 200 | max rel diff. = 5.13962
[2023-12-12 19:28:21.568] [jointLog] [info] iteration = 300 | max rel diff. = 0.488584
[2023-12-12 19:28:22.100] [jointLog] [info] iteration = 400 | max rel diff. = 0.678135
[2023-12-12 19:28:22.631] [jointLog] [info] iteration = 500 | max rel diff. = 0.195876
[2023-12-12 19:28:23.163] [jointLog] [info] iteration = 600 | max rel diff. = 3.88268
[2023-12-12 19:28:23.692] [jointLog] [info] iteration = 700 | max rel diff. = 0.5731
[2023-12-12 19:28:24.223] [jointLog] [info] iteration = 800 | max rel diff. = 0.0381379
[2023-12-12 19:28:24.756] [jointLog] [info] iteration = 900 | max rel diff. = 0.35723
[2023-12-12 19:28:25.286] [jointLog] [info] iteration = 1,000 | max rel diff. = 0.0430801
[2023-12-12 19:28:25.414] [jointLog] [info] iteration = 1,025 | max rel diff. = 0.00974575
[2023-12-12 19:28:25.419] [jointLog] [info] Finished optimizer
[2023-12-12 19:28:25.419] [jointLog] [info] writing output 

