[2023-12-13 00:04:11.431] [jointLog] [info] setting maxHashResizeThreads to 10
[2023-12-13 00:04:11.431] [jointLog] [info] Fragment incompatibility prior below threshold.  Incompatible fragments will be ignored.
[2023-12-13 00:04:11.431] [jointLog] [info] Usage of --validateMappings implies use of minScoreFraction. Since not explicitly specified, it is being set to 0.65
[2023-12-13 00:04:11.431] [jointLog] [info] Setting consensusSlack to selective-alignment default of 0.35.
[2023-12-13 00:04:11.431] [jointLog] [info] parsing read library format
[2023-12-13 00:04:11.431] [jointLog] [info] There is 1 library.
[2023-12-13 00:04:11.431] [jointLog] [info] Loading pufferfish index
[2023-12-13 00:04:11.431] [jointLog] [info] Loading dense pufferfish index.
[2023-12-13 00:04:21.261] [jointLog] [info] done
[2023-12-13 00:04:21.279] [jointLog] [info] Index contained 147,865 targets
[2023-12-13 00:04:21.738] [jointLog] [info] Number of decoys : 61
[2023-12-13 00:04:21.738] [jointLog] [info] First decoy index : 147,765 
[2023-12-13 00:04:22.105] [jointLog] [info] Automatically detected most likely library type as ISR

[2023-12-13 00:08:33.534] [jointLog] [info] Thread saw mini-batch with a maximum of 4.00% zero probability fragments
[2023-12-13 00:08:33.534] [jointLog] [info] Thread saw mini-batch with a maximum of 4.06% zero probability fragments
[2023-12-13 00:08:33.558] [jointLog] [info] Thread saw mini-batch with a maximum of 4.00% zero probability fragments
[2023-12-13 00:08:33.569] [jointLog] [info] Thread saw mini-batch with a maximum of 4.00% zero probability fragments
[2023-12-13 00:08:33.601] [jointLog] [info] Thread saw mini-batch with a maximum of 4.12% zero probability fragments
[2023-12-13 00:08:33.608] [jointLog] [info] Thread saw mini-batch with a maximum of 4.12% zero probability fragments
[2023-12-13 00:08:33.640] [jointLog] [info] Thread saw mini-batch with a maximum of 3.98% zero probability fragments
[2023-12-13 00:08:33.671] [jointLog] [info] Thread saw mini-batch with a maximum of 4.06% zero probability fragments
[2023-12-13 00:08:33.705] [jointLog] [info] Thread saw mini-batch with a maximum of 4.06% zero probability fragments
[2023-12-13 00:08:33.727] [jointLog] [info] Thread saw mini-batch with a maximum of 4.02% zero probability fragments
[2023-12-13 00:08:33.792] [jointLog] [info] Computed 248,067 rich equivalence classes for further processing
[2023-12-13 00:08:33.792] [jointLog] [info] Counted 28,551,403 total reads in the equivalence classes 
[2023-12-13 00:08:33.794] [jointLog] [info] Number of mappings discarded because of alignment score : 12,271,116
[2023-12-13 00:08:33.794] [jointLog] [info] Number of fragments entirely discarded because of alignment score : 3,911,458
[2023-12-13 00:08:33.794] [jointLog] [info] Number of fragments discarded because they are best-mapped to decoys : 3,212,000
[2023-12-13 00:08:33.794] [jointLog] [info] Number of fragments discarded because they have only dovetail (discordant) mappings to valid targets : 343,098
[2023-12-13 00:08:33.794] [jointLog] [info] Mapping rate = 62.2549%

[2023-12-13 00:08:33.794] [jointLog] [info] finished quantifyLibrary()
[2023-12-13 00:08:33.794] [jointLog] [info] Starting optimizer
[2023-12-13 00:08:33.819] [jointLog] [info] Marked 0 weighted equivalence classes as degenerate
[2023-12-13 00:08:33.825] [jointLog] [info] iteration = 0 | max rel diff. = 8232.19
[2023-12-13 00:08:33.880] [jointLog] [info] iteration 11, adjusting effective lengths to account for biases
[2023-12-13 00:08:33.792] [fileLog] [info] 
At end of round 0
==================
Observed 45862099 total fragments (45862099 in most recent round)

[2023-12-13 00:08:40.286] [jointLog] [info] Computed expected counts (for bias correction)
[2023-12-13 00:08:40.286] [jointLog] [info] processed bias for 0.0% of the transcripts
[2023-12-13 00:08:40.838] [jointLog] [info] processed bias for 10.0% of the transcripts
[2023-12-13 00:08:41.435] [jointLog] [info] processed bias for 20.0% of the transcripts
[2023-12-13 00:08:42.050] [jointLog] [info] processed bias for 30.0% of the transcripts
[2023-12-13 00:08:42.628] [jointLog] [info] processed bias for 40.0% of the transcripts
[2023-12-13 00:08:43.232] [jointLog] [info] processed bias for 50.0% of the transcripts
[2023-12-13 00:08:43.796] [jointLog] [info] processed bias for 60.0% of the transcripts
[2023-12-13 00:08:44.325] [jointLog] [info] processed bias for 70.0% of the transcripts
[2023-12-13 00:08:44.908] [jointLog] [info] processed bias for 80.0% of the transcripts
[2023-12-13 00:08:45.487] [jointLog] [info] processed bias for 90.0% of the transcripts
[2023-12-13 00:08:46.107] [jointLog] [info] processed bias for 100.0% of the transcripts
[2023-12-13 00:08:46.602] [jointLog] [info] iteration = 100 | max rel diff. = 16.6823
[2023-12-13 00:08:47.146] [jointLog] [info] iteration = 200 | max rel diff. = 1.12204
[2023-12-13 00:08:47.694] [jointLog] [info] iteration = 300 | max rel diff. = 17.2954
[2023-12-13 00:08:48.242] [jointLog] [info] iteration = 400 | max rel diff. = 12.2474
[2023-12-13 00:08:48.787] [jointLog] [info] iteration = 500 | max rel diff. = 6.29427
[2023-12-13 00:08:49.329] [jointLog] [info] iteration = 600 | max rel diff. = 3.05245
[2023-12-13 00:08:49.872] [jointLog] [info] iteration = 700 | max rel diff. = 0.216331
[2023-12-13 00:08:50.417] [jointLog] [info] iteration = 800 | max rel diff. = 1.5427
[2023-12-13 00:08:50.962] [jointLog] [info] iteration = 900 | max rel diff. = 0.116117
[2023-12-13 00:08:51.504] [jointLog] [info] iteration = 1,000 | max rel diff. = 0.0776518
[2023-12-13 00:08:52.047] [jointLog] [info] iteration = 1,100 | max rel diff. = 0.0926906
[2023-12-13 00:08:52.590] [jointLog] [info] iteration = 1,200 | max rel diff. = 0.0164982
[2023-12-13 00:08:53.134] [jointLog] [info] iteration = 1,300 | max rel diff. = 0.106978
[2023-12-13 00:08:53.676] [jointLog] [info] iteration = 1,400 | max rel diff. = 0.0662685
[2023-12-13 00:08:53.763] [jointLog] [info] iteration = 1,417 | max rel diff. = 0.00884987
[2023-12-13 00:08:53.769] [jointLog] [info] Finished optimizer
[2023-12-13 00:08:53.769] [jointLog] [info] writing output 

