[2023-12-12 22:03:01.963] [jointLog] [info] setting maxHashResizeThreads to 10
[2023-12-12 22:03:01.963] [jointLog] [info] Fragment incompatibility prior below threshold.  Incompatible fragments will be ignored.
[2023-12-12 22:03:01.963] [jointLog] [info] Usage of --validateMappings implies use of minScoreFraction. Since not explicitly specified, it is being set to 0.65
[2023-12-12 22:03:01.963] [jointLog] [info] Setting consensusSlack to selective-alignment default of 0.35.
[2023-12-12 22:03:01.963] [jointLog] [info] parsing read library format
[2023-12-12 22:03:01.963] [jointLog] [info] There is 1 library.
[2023-12-12 22:03:01.963] [jointLog] [info] Loading pufferfish index
[2023-12-12 22:03:01.963] [jointLog] [info] Loading dense pufferfish index.
[2023-12-12 22:03:11.757] [jointLog] [info] done
[2023-12-12 22:03:11.774] [jointLog] [info] Index contained 147,865 targets
[2023-12-12 22:03:12.223] [jointLog] [info] Number of decoys : 61
[2023-12-12 22:03:12.223] [jointLog] [info] First decoy index : 147,765 
[2023-12-12 22:03:12.583] [jointLog] [info] Automatically detected most likely library type as ISR

[2023-12-12 22:06:38.128] [jointLog] [info] Thread saw mini-batch with a maximum of 3.72% zero probability fragments
[2023-12-12 22:06:38.128] [jointLog] [info] Thread saw mini-batch with a maximum of 3.84% zero probability fragments
[2023-12-12 22:06:38.129] [jointLog] [info] Thread saw mini-batch with a maximum of 3.72% zero probability fragments
[2023-12-12 22:06:38.130] [jointLog] [info] Thread saw mini-batch with a maximum of 4.00% zero probability fragments
[2023-12-12 22:06:38.158] [jointLog] [info] Thread saw mini-batch with a maximum of 3.80% zero probability fragments
[2023-12-12 22:06:38.181] [jointLog] [info] Thread saw mini-batch with a maximum of 4.00% zero probability fragments
[2023-12-12 22:06:38.195] [jointLog] [info] Thread saw mini-batch with a maximum of 3.84% zero probability fragments
[2023-12-12 22:06:38.241] [jointLog] [info] Thread saw mini-batch with a maximum of 3.66% zero probability fragments
[2023-12-12 22:06:38.265] [jointLog] [info] Thread saw mini-batch with a maximum of 3.90% zero probability fragments
[2023-12-12 22:06:38.276] [jointLog] [info] Thread saw mini-batch with a maximum of 3.96% zero probability fragments
[2023-12-12 22:06:38.342] [jointLog] [info] Computed 206,713 rich equivalence classes for further processing
[2023-12-12 22:06:38.342] [jointLog] [info] Counted 26,568,799 total reads in the equivalence classes 
[2023-12-12 22:06:38.345] [jointLog] [info] Number of mappings discarded because of alignment score : 10,213,644
[2023-12-12 22:06:38.345] [jointLog] [info] Number of fragments entirely discarded because of alignment score : 3,208,861
[2023-12-12 22:06:38.345] [jointLog] [info] Number of fragments discarded because they are best-mapped to decoys : 2,708,348
[2023-12-12 22:06:38.345] [jointLog] [info] Number of fragments discarded because they have only dovetail (discordant) mappings to valid targets : 112,919
[2023-12-12 22:06:38.345] [jointLog] [info] Mapping rate = 67.511%

[2023-12-12 22:06:38.345] [jointLog] [info] finished quantifyLibrary()
[2023-12-12 22:06:38.345] [jointLog] [info] Starting optimizer
[2023-12-12 22:06:38.377] [jointLog] [info] Marked 0 weighted equivalence classes as degenerate
[2023-12-12 22:06:38.383] [jointLog] [info] iteration = 0 | max rel diff. = 8421.85
[2023-12-12 22:06:38.436] [jointLog] [info] iteration 11, adjusting effective lengths to account for biases
[2023-12-12 22:06:38.343] [fileLog] [info] 
At end of round 0
==================
Observed 39354746 total fragments (39354746 in most recent round)

[2023-12-12 22:06:43.508] [jointLog] [info] Computed expected counts (for bias correction)
[2023-12-12 22:06:43.508] [jointLog] [info] processed bias for 0.0% of the transcripts
[2023-12-12 22:06:43.952] [jointLog] [info] processed bias for 10.0% of the transcripts
[2023-12-12 22:06:44.422] [jointLog] [info] processed bias for 20.0% of the transcripts
[2023-12-12 22:06:44.890] [jointLog] [info] processed bias for 30.0% of the transcripts
[2023-12-12 22:06:45.371] [jointLog] [info] processed bias for 40.0% of the transcripts
[2023-12-12 22:06:45.866] [jointLog] [info] processed bias for 50.0% of the transcripts
[2023-12-12 22:06:46.382] [jointLog] [info] processed bias for 60.0% of the transcripts
[2023-12-12 22:06:46.806] [jointLog] [info] processed bias for 70.0% of the transcripts
[2023-12-12 22:06:47.251] [jointLog] [info] processed bias for 80.0% of the transcripts
[2023-12-12 22:06:47.743] [jointLog] [info] processed bias for 90.0% of the transcripts
[2023-12-12 22:06:48.160] [jointLog] [info] processed bias for 100.0% of the transcripts
[2023-12-12 22:06:48.629] [jointLog] [info] iteration = 100 | max rel diff. = 11.5685
[2023-12-12 22:06:49.146] [jointLog] [info] iteration = 200 | max rel diff. = 3.86535
[2023-12-12 22:06:49.661] [jointLog] [info] iteration = 300 | max rel diff. = 3.43186
[2023-12-12 22:06:50.175] [jointLog] [info] iteration = 400 | max rel diff. = 7.47406
[2023-12-12 22:06:50.690] [jointLog] [info] iteration = 500 | max rel diff. = 0.139603
[2023-12-12 22:06:51.204] [jointLog] [info] iteration = 600 | max rel diff. = 1.52485
[2023-12-12 22:06:51.719] [jointLog] [info] iteration = 700 | max rel diff. = 0.505585
[2023-12-12 22:06:52.234] [jointLog] [info] iteration = 800 | max rel diff. = 2.04608
[2023-12-12 22:06:52.751] [jointLog] [info] iteration = 900 | max rel diff. = 0.0457699
[2023-12-12 22:06:53.266] [jointLog] [info] iteration = 1,000 | max rel diff. = 0.0262595
[2023-12-12 22:06:53.781] [jointLog] [info] iteration = 1,100 | max rel diff. = 0.0201971
[2023-12-12 22:06:54.297] [jointLog] [info] iteration = 1,200 | max rel diff. = 0.0228717
[2023-12-12 22:06:54.813] [jointLog] [info] iteration = 1,300 | max rel diff. = 1.32615
[2023-12-12 22:06:55.327] [jointLog] [info] iteration = 1,400 | max rel diff. = 0.157775
[2023-12-12 22:06:55.632] [jointLog] [info] iteration = 1,460 | max rel diff. = 0.00716152
[2023-12-12 22:06:55.638] [jointLog] [info] Finished optimizer
[2023-12-12 22:06:55.638] [jointLog] [info] writing output 

