[2023-12-12 20:18:25.773] [jointLog] [info] setting maxHashResizeThreads to 10
[2023-12-12 20:18:25.773] [jointLog] [info] Fragment incompatibility prior below threshold.  Incompatible fragments will be ignored.
[2023-12-12 20:18:25.773] [jointLog] [info] Usage of --validateMappings implies use of minScoreFraction. Since not explicitly specified, it is being set to 0.65
[2023-12-12 20:18:25.773] [jointLog] [info] Setting consensusSlack to selective-alignment default of 0.35.
[2023-12-12 20:18:25.773] [jointLog] [info] parsing read library format
[2023-12-12 20:18:25.773] [jointLog] [info] There is 1 library.
[2023-12-12 20:18:25.773] [jointLog] [info] Loading pufferfish index
[2023-12-12 20:18:25.773] [jointLog] [info] Loading dense pufferfish index.
[2023-12-12 20:18:35.559] [jointLog] [info] done
[2023-12-12 20:18:35.577] [jointLog] [info] Index contained 147,865 targets
[2023-12-12 20:18:36.033] [jointLog] [info] Number of decoys : 61
[2023-12-12 20:18:36.033] [jointLog] [info] First decoy index : 147,765 
[2023-12-12 20:18:36.354] [jointLog] [info] Automatically detected most likely library type as ISR

[2023-12-12 20:22:43.640] [jointLog] [info] Thread saw mini-batch with a maximum of 5.60% zero probability fragments
[2023-12-12 20:22:43.644] [jointLog] [info] Thread saw mini-batch with a maximum of 5.64% zero probability fragments
[2023-12-12 20:22:43.661] [jointLog] [info] Thread saw mini-batch with a maximum of 5.56% zero probability fragments
[2023-12-12 20:22:43.681] [jointLog] [info] Thread saw mini-batch with a maximum of 5.76% zero probability fragments
[2023-12-12 20:22:43.699] [jointLog] [info] Thread saw mini-batch with a maximum of 5.48% zero probability fragments
[2023-12-12 20:22:43.730] [jointLog] [info] Thread saw mini-batch with a maximum of 5.66% zero probability fragments
[2023-12-12 20:22:43.769] [jointLog] [info] Thread saw mini-batch with a maximum of 5.54% zero probability fragments
[2023-12-12 20:22:43.789] [jointLog] [info] Thread saw mini-batch with a maximum of 5.62% zero probability fragments
[2023-12-12 20:22:43.791] [jointLog] [info] Thread saw mini-batch with a maximum of 5.48% zero probability fragments
[2023-12-12 20:22:43.831] [jointLog] [info] Thread saw mini-batch with a maximum of 5.54% zero probability fragments
[2023-12-12 20:22:43.897] [jointLog] [info] Computed 228,812 rich equivalence classes for further processing
[2023-12-12 20:22:43.897] [jointLog] [info] Counted 31,762,681 total reads in the equivalence classes 
[2023-12-12 20:22:43.900] [jointLog] [info] Number of mappings discarded because of alignment score : 19,717,899
[2023-12-12 20:22:43.900] [jointLog] [info] Number of fragments entirely discarded because of alignment score : 3,755,255
[2023-12-12 20:22:43.900] [jointLog] [info] Number of fragments discarded because they are best-mapped to decoys : 3,015,000
[2023-12-12 20:22:43.900] [jointLog] [info] Number of fragments discarded because they have only dovetail (discordant) mappings to valid targets : 192,412
[2023-12-12 20:22:43.900] [jointLog] [info] Mapping rate = 68.5944%

[2023-12-12 20:22:43.900] [jointLog] [info] finished quantifyLibrary()
[2023-12-12 20:22:43.900] [jointLog] [info] Starting optimizer
[2023-12-12 20:22:43.897] [fileLog] [info] 
At end of round 0
==================
Observed 46305090 total fragments (46305090 in most recent round)

[2023-12-12 20:22:45.116] [jointLog] [info] Marked 0 weighted equivalence classes as degenerate
[2023-12-12 20:22:45.121] [jointLog] [info] iteration = 0 | max rel diff. = 7825.03
[2023-12-12 20:22:45.175] [jointLog] [info] iteration 11, adjusting effective lengths to account for biases
[2023-12-12 20:22:50.802] [jointLog] [info] Computed expected counts (for bias correction)
[2023-12-12 20:22:50.802] [jointLog] [info] processed bias for 0.0% of the transcripts
[2023-12-12 20:22:51.282] [jointLog] [info] processed bias for 10.0% of the transcripts
[2023-12-12 20:22:51.805] [jointLog] [info] processed bias for 20.0% of the transcripts
[2023-12-12 20:22:52.350] [jointLog] [info] processed bias for 30.0% of the transcripts
[2023-12-12 20:22:52.870] [jointLog] [info] processed bias for 40.0% of the transcripts
[2023-12-12 20:22:53.388] [jointLog] [info] processed bias for 50.0% of the transcripts
[2023-12-12 20:22:53.876] [jointLog] [info] processed bias for 60.0% of the transcripts
[2023-12-12 20:22:54.416] [jointLog] [info] processed bias for 70.0% of the transcripts
[2023-12-12 20:22:54.963] [jointLog] [info] processed bias for 80.0% of the transcripts
[2023-12-12 20:22:55.478] [jointLog] [info] processed bias for 90.0% of the transcripts
[2023-12-12 20:22:55.929] [jointLog] [info] processed bias for 100.0% of the transcripts
[2023-12-12 20:22:56.417] [jointLog] [info] iteration = 100 | max rel diff. = 11.5384
[2023-12-12 20:22:56.950] [jointLog] [info] iteration = 200 | max rel diff. = 17.0358
[2023-12-12 20:22:57.487] [jointLog] [info] iteration = 300 | max rel diff. = 8.1603
[2023-12-12 20:22:58.020] [jointLog] [info] iteration = 400 | max rel diff. = 0.208864
[2023-12-12 20:22:58.554] [jointLog] [info] iteration = 500 | max rel diff. = 13.5694
[2023-12-12 20:22:59.090] [jointLog] [info] iteration = 600 | max rel diff. = 0.236534
[2023-12-12 20:22:59.631] [jointLog] [info] iteration = 700 | max rel diff. = 0.140689
[2023-12-12 20:23:00.166] [jointLog] [info] iteration = 800 | max rel diff. = 0.115854
[2023-12-12 20:23:00.700] [jointLog] [info] iteration = 900 | max rel diff. = 0.462092
[2023-12-12 20:23:01.233] [jointLog] [info] iteration = 1,000 | max rel diff. = 0.241215
[2023-12-12 20:23:01.766] [jointLog] [info] iteration = 1,100 | max rel diff. = 0.0317887
[2023-12-12 20:23:02.300] [jointLog] [info] iteration = 1,200 | max rel diff. = 0.0383425
[2023-12-12 20:23:02.834] [jointLog] [info] iteration = 1,300 | max rel diff. = 0.103153
[2023-12-12 20:23:02.892] [jointLog] [info] iteration = 1,312 | max rel diff. = 0.00720525
[2023-12-12 20:23:02.898] [jointLog] [info] Finished optimizer
[2023-12-12 20:23:02.898] [jointLog] [info] writing output 

