[2024-12-12 16:29:27.016] [jointLog] [info] setting maxHashResizeThreads to 15
[2024-12-12 16:29:27.016] [jointLog] [info] Fragment incompatibility prior below threshold.  Incompatible fragments will be ignored.
[2024-12-12 16:29:27.016] [jointLog] [info] Usage of --validateMappings implies use of minScoreFraction. Since not explicitly specified, it is being set to 0.65
[2024-12-12 16:29:27.016] [jointLog] [info] Setting consensusSlack to selective-alignment default of 0.35.
[2024-12-12 16:29:27.016] [jointLog] [info] parsing read library format
[2024-12-12 16:29:27.016] [jointLog] [info] There is 1 library.
[2024-12-12 16:29:27.016] [jointLog] [info] Loading pufferfish index
[2024-12-12 16:29:27.016] [jointLog] [info] Loading dense pufferfish index.
[2024-12-12 16:29:36.578] [jointLog] [info] done
[2024-12-12 16:29:36.595] [jointLog] [info] Index contained 147,865 targets
[2024-12-12 16:29:37.119] [jointLog] [info] Number of decoys : 61
[2024-12-12 16:29:37.119] [jointLog] [info] First decoy index : 147,765 
[2024-12-12 16:30:36.365] [jointLog] [info] Thread saw mini-batch with a maximum of 0.84% zero probability fragments
[2024-12-12 16:30:36.370] [jointLog] [info] Thread saw mini-batch with a maximum of 1.06% zero probability fragments
[2024-12-12 16:30:36.372] [jointLog] [info] Thread saw mini-batch with a maximum of 0.84% zero probability fragments
[2024-12-12 16:30:36.386] [jointLog] [info] Thread saw mini-batch with a maximum of 0.86% zero probability fragments
[2024-12-12 16:30:36.390] [jointLog] [info] Thread saw mini-batch with a maximum of 0.96% zero probability fragments
[2024-12-12 16:30:36.391] [jointLog] [info] Thread saw mini-batch with a maximum of 0.82% zero probability fragments
[2024-12-12 16:30:36.410] [jointLog] [info] Thread saw mini-batch with a maximum of 0.92% zero probability fragments
[2024-12-12 16:30:36.416] [jointLog] [info] Thread saw mini-batch with a maximum of 0.84% zero probability fragments
[2024-12-12 16:30:36.433] [jointLog] [info] Thread saw mini-batch with a maximum of 0.84% zero probability fragments
[2024-12-12 16:30:36.454] [jointLog] [info] Thread saw mini-batch with a maximum of 0.88% zero probability fragments
[2024-12-12 16:30:36.456] [jointLog] [info] Thread saw mini-batch with a maximum of 0.92% zero probability fragments
[2024-12-12 16:30:36.470] [jointLog] [info] Thread saw mini-batch with a maximum of 0.78% zero probability fragments
[2024-12-12 16:30:36.473] [jointLog] [info] Thread saw mini-batch with a maximum of 0.84% zero probability fragments
[2024-12-12 16:30:36.486] [jointLog] [info] Thread saw mini-batch with a maximum of 0.92% zero probability fragments
[2024-12-12 16:30:36.507] [jointLog] [info] Thread saw mini-batch with a maximum of 0.88% zero probability fragments
[2024-12-12 16:30:36.581] [jointLog] [info] Computed 223,737 rich equivalence classes for further processing
[2024-12-12 16:30:36.581] [jointLog] [info] Counted 20,237,225 total reads in the equivalence classes 
[2024-12-12 16:30:36.586] [jointLog] [info] Number of mappings discarded because of alignment score : 9,161,890
[2024-12-12 16:30:36.586] [jointLog] [info] Number of fragments entirely discarded because of alignment score : 1,589,657
[2024-12-12 16:30:36.586] [jointLog] [info] Number of fragments discarded because they are best-mapped to decoys : 1,328,242
[2024-12-12 16:30:36.586] [jointLog] [info] Number of fragments discarded because they have only dovetail (discordant) mappings to valid targets : 528,240
[2024-12-12 16:30:36.586] [jointLog] [info] Mapping rate = 87.1176%

[2024-12-12 16:30:36.586] [jointLog] [info] finished quantifyLibrary()
[2024-12-12 16:30:36.586] [jointLog] [info] Starting optimizer
[2024-12-12 16:30:36.612] [jointLog] [info] Marked 0 weighted equivalence classes as degenerate
[2024-12-12 16:30:36.615] [jointLog] [info] iteration = 0 | max rel diff. = 7630.88
[2024-12-12 16:30:36.582] [fileLog] [info] 
At end of round 0
==================
Observed 23229775 total fragments (23229775 in most recent round)

[2024-12-12 16:30:36.646] [jointLog] [info] iteration 11, adjusting effective lengths to account for biases
[2024-12-12 16:30:40.353] [jointLog] [info] Computed expected counts (for bias correction)
[2024-12-12 16:30:40.353] [jointLog] [info] processed bias for 0.0% of the transcripts
[2024-12-12 16:30:40.618] [jointLog] [info] processed bias for 10.0% of the transcripts
[2024-12-12 16:30:40.893] [jointLog] [info] processed bias for 20.0% of the transcripts
[2024-12-12 16:30:41.159] [jointLog] [info] processed bias for 30.0% of the transcripts
[2024-12-12 16:30:41.441] [jointLog] [info] processed bias for 40.1% of the transcripts
[2024-12-12 16:30:41.740] [jointLog] [info] processed bias for 50.0% of the transcripts
[2024-12-12 16:30:42.035] [jointLog] [info] processed bias for 60.0% of the transcripts
[2024-12-12 16:30:42.312] [jointLog] [info] processed bias for 70.0% of the transcripts
[2024-12-12 16:30:42.602] [jointLog] [info] processed bias for 80.0% of the transcripts
[2024-12-12 16:30:42.910] [jointLog] [info] processed bias for 90.0% of the transcripts
[2024-12-12 16:30:43.182] [jointLog] [info] processed bias for 100.0% of the transcripts
[2024-12-12 16:30:43.183] [jointLog] [info] processed bias for 100.0% of the transcripts
[2024-12-12 16:30:43.434] [jointLog] [info] iteration = 100 | max rel diff. = 19.6135
[2024-12-12 16:30:43.708] [jointLog] [info] iteration = 200 | max rel diff. = 1.20716
[2024-12-12 16:30:43.979] [jointLog] [info] iteration = 300 | max rel diff. = 1.40376
[2024-12-12 16:30:44.251] [jointLog] [info] iteration = 400 | max rel diff. = 0.850473
[2024-12-12 16:30:44.521] [jointLog] [info] iteration = 500 | max rel diff. = 0.282504
[2024-12-12 16:30:44.791] [jointLog] [info] iteration = 600 | max rel diff. = 0.547946
[2024-12-12 16:30:45.060] [jointLog] [info] iteration = 700 | max rel diff. = 0.309806
[2024-12-12 16:30:45.329] [jointLog] [info] iteration = 800 | max rel diff. = 0.0985405
[2024-12-12 16:30:45.601] [jointLog] [info] iteration = 900 | max rel diff. = 0.0582975
[2024-12-12 16:30:45.866] [jointLog] [info] iteration = 1,000 | max rel diff. = 0.0212409
[2024-12-12 16:30:46.124] [jointLog] [info] iteration = 1,100 | max rel diff. = 0.127681
[2024-12-12 16:30:46.383] [jointLog] [info] iteration = 1,200 | max rel diff. = 0.044133
[2024-12-12 16:30:46.641] [jointLog] [info] iteration = 1,300 | max rel diff. = 0.292495
[2024-12-12 16:30:46.654] [jointLog] [info] iteration = 1,306 | max rel diff. = 0.00943337
[2024-12-12 16:30:46.656] [jointLog] [info] Finished optimizer
[2024-12-12 16:30:46.656] [jointLog] [info] writing output 

