[2024-12-12 16:22:22.060] [jointLog] [info] setting maxHashResizeThreads to 15
[2024-12-12 16:22:22.060] [jointLog] [info] Fragment incompatibility prior below threshold.  Incompatible fragments will be ignored.
[2024-12-12 16:22:22.060] [jointLog] [info] Usage of --validateMappings implies use of minScoreFraction. Since not explicitly specified, it is being set to 0.65
[2024-12-12 16:22:22.060] [jointLog] [info] Setting consensusSlack to selective-alignment default of 0.35.
[2024-12-12 16:22:22.060] [jointLog] [info] parsing read library format
[2024-12-12 16:22:22.060] [jointLog] [info] There is 1 library.
[2024-12-12 16:22:22.060] [jointLog] [info] Loading pufferfish index
[2024-12-12 16:22:22.060] [jointLog] [info] Loading dense pufferfish index.
[2024-12-12 16:22:41.599] [jointLog] [info] done
[2024-12-12 16:22:41.629] [jointLog] [info] Index contained 147,865 targets
[2024-12-12 16:22:42.229] [jointLog] [info] Number of decoys : 61
[2024-12-12 16:22:42.229] [jointLog] [info] First decoy index : 147,765 
[2024-12-12 16:23:24.732] [jointLog] [info] Thread saw mini-batch with a maximum of 1.46% zero probability fragments
[2024-12-12 16:23:24.732] [jointLog] [info] Thread saw mini-batch with a maximum of 1.40% zero probability fragments
[2024-12-12 16:23:24.732] [jointLog] [info] Thread saw mini-batch with a maximum of 1.42% zero probability fragments
[2024-12-12 16:23:24.733] [jointLog] [info] Thread saw mini-batch with a maximum of 1.46% zero probability fragments
[2024-12-12 16:23:24.733] [jointLog] [info] Thread saw mini-batch with a maximum of 1.40% zero probability fragments
[2024-12-12 16:23:24.755] [jointLog] [info] Thread saw mini-batch with a maximum of 1.60% zero probability fragments
[2024-12-12 16:23:24.758] [jointLog] [info] Thread saw mini-batch with a maximum of 1.52% zero probability fragments
[2024-12-12 16:23:24.765] [jointLog] [info] Thread saw mini-batch with a maximum of 1.22% zero probability fragments
[2024-12-12 16:23:24.773] [jointLog] [info] Thread saw mini-batch with a maximum of 1.42% zero probability fragments
[2024-12-12 16:23:24.775] [jointLog] [info] Thread saw mini-batch with a maximum of 1.40% zero probability fragments
[2024-12-12 16:23:24.787] [jointLog] [info] Thread saw mini-batch with a maximum of 1.32% zero probability fragments
[2024-12-12 16:23:24.794] [jointLog] [info] Thread saw mini-batch with a maximum of 1.30% zero probability fragments
[2024-12-12 16:23:24.804] [jointLog] [info] Thread saw mini-batch with a maximum of 1.54% zero probability fragments
[2024-12-12 16:23:24.808] [jointLog] [info] Thread saw mini-batch with a maximum of 1.44% zero probability fragments
[2024-12-12 16:23:24.820] [jointLog] [info] Thread saw mini-batch with a maximum of 1.32% zero probability fragments
[2024-12-12 16:23:24.918] [jointLog] [info] Computed 231,816 rich equivalence classes for further processing
[2024-12-12 16:23:24.918] [jointLog] [info] Counted 21,207,044 total reads in the equivalence classes 
[2024-12-12 16:23:24.925] [jointLog] [info] Number of mappings discarded because of alignment score : 4,778,614
[2024-12-12 16:23:24.925] [jointLog] [info] Number of fragments entirely discarded because of alignment score : 1,148,230
[2024-12-12 16:23:24.925] [jointLog] [info] Number of fragments discarded because they are best-mapped to decoys : 858,204
[2024-12-12 16:23:24.925] [jointLog] [info] Number of fragments discarded because they have only dovetail (discordant) mappings to valid targets : 584,811
[2024-12-12 16:23:24.925] [jointLog] [info] Mapping rate = 89.8059%

[2024-12-12 16:23:24.925] [jointLog] [info] finished quantifyLibrary()
[2024-12-12 16:23:24.926] [jointLog] [info] Starting optimizer
[2024-12-12 16:23:24.960] [jointLog] [info] Marked 0 weighted equivalence classes as degenerate
[2024-12-12 16:23:24.964] [jointLog] [info] iteration = 0 | max rel diff. = 8000.03
[2024-12-12 16:23:24.999] [jointLog] [info] iteration 11, adjusting effective lengths to account for biases
[2024-12-12 16:23:24.918] [fileLog] [info] 
At end of round 0
==================
Observed 23614310 total fragments (23614310 in most recent round)

[2024-12-12 16:23:29.902] [jointLog] [info] Computed expected counts (for bias correction)
[2024-12-12 16:23:29.902] [jointLog] [info] processed bias for 0.0% of the transcripts
[2024-12-12 16:23:30.389] [jointLog] [info] processed bias for 10.0% of the transcripts
[2024-12-12 16:23:30.897] [jointLog] [info] processed bias for 20.0% of the transcripts
[2024-12-12 16:23:31.440] [jointLog] [info] processed bias for 30.0% of the transcripts
[2024-12-12 16:23:31.956] [jointLog] [info] processed bias for 40.0% of the transcripts
[2024-12-12 16:23:32.488] [jointLog] [info] processed bias for 50.0% of the transcripts
[2024-12-12 16:23:32.940] [jointLog] [info] processed bias for 60.0% of the transcripts
[2024-12-12 16:23:33.270] [jointLog] [info] processed bias for 70.0% of the transcripts
[2024-12-12 16:23:33.624] [jointLog] [info] processed bias for 80.0% of the transcripts
[2024-12-12 16:23:33.981] [jointLog] [info] processed bias for 90.0% of the transcripts
[2024-12-12 16:23:34.420] [jointLog] [info] processed bias for 100.0% of the transcripts
[2024-12-12 16:23:34.421] [jointLog] [info] processed bias for 100.0% of the transcripts
[2024-12-12 16:23:34.702] [jointLog] [info] iteration = 100 | max rel diff. = 21.0806
[2024-12-12 16:23:35.006] [jointLog] [info] iteration = 200 | max rel diff. = 5.51025
[2024-12-12 16:23:35.299] [jointLog] [info] iteration = 300 | max rel diff. = 9.24457
[2024-12-12 16:23:35.583] [jointLog] [info] iteration = 400 | max rel diff. = 4.11256
[2024-12-12 16:23:35.881] [jointLog] [info] iteration = 500 | max rel diff. = 8.35136
[2024-12-12 16:23:36.182] [jointLog] [info] iteration = 600 | max rel diff. = 0.621918
[2024-12-12 16:23:36.491] [jointLog] [info] iteration = 700 | max rel diff. = 0.381587
[2024-12-12 16:23:36.787] [jointLog] [info] iteration = 800 | max rel diff. = 0.360305
[2024-12-12 16:23:37.090] [jointLog] [info] iteration = 900 | max rel diff. = 0.15837
[2024-12-12 16:23:37.389] [jointLog] [info] iteration = 1,000 | max rel diff. = 0.0147649
[2024-12-12 16:23:37.629] [jointLog] [info] iteration = 1,100 | max rel diff. = 1.27012
[2024-12-12 16:23:37.870] [jointLog] [info] iteration = 1,200 | max rel diff. = 0.0188147
[2024-12-12 16:23:38.126] [jointLog] [info] iteration = 1,300 | max rel diff. = 0.0571508
[2024-12-12 16:23:38.374] [jointLog] [info] iteration = 1,400 | max rel diff. = 0.046808
[2024-12-12 16:23:38.619] [jointLog] [info] iteration = 1,500 | max rel diff. = 0.081147
[2024-12-12 16:23:38.653] [jointLog] [info] iteration = 1,515 | max rel diff. = 0.00489349
[2024-12-12 16:23:38.656] [jointLog] [info] Finished optimizer
[2024-12-12 16:23:38.656] [jointLog] [info] writing output 

