[2023-12-12 16:06:51.479] [jointLog] [info] setting maxHashResizeThreads to 10
[2023-12-12 16:06:51.479] [jointLog] [info] Fragment incompatibility prior below threshold.  Incompatible fragments will be ignored.
[2023-12-12 16:06:51.479] [jointLog] [info] Usage of --validateMappings implies use of minScoreFraction. Since not explicitly specified, it is being set to 0.65
[2023-12-12 16:06:51.479] [jointLog] [info] Setting consensusSlack to selective-alignment default of 0.35.
[2023-12-12 16:06:51.479] [jointLog] [info] parsing read library format
[2023-12-12 16:06:51.479] [jointLog] [info] There is 1 library.
[2023-12-12 16:06:51.479] [jointLog] [info] Loading pufferfish index
[2023-12-12 16:06:51.479] [jointLog] [info] Loading dense pufferfish index.
[2023-12-12 16:07:01.161] [jointLog] [info] done
[2023-12-12 16:07:01.180] [jointLog] [info] Index contained 147,865 targets
[2023-12-12 16:07:01.639] [jointLog] [info] Number of decoys : 61
[2023-12-12 16:07:01.639] [jointLog] [info] First decoy index : 147,765 
[2023-12-12 16:07:01.916] [jointLog] [info] Automatically detected most likely library type as ISR

[2023-12-12 16:10:37.948] [jointLog] [info] Thread saw mini-batch with a maximum of 7.98% zero probability fragments
[2023-12-12 16:10:37.948] [jointLog] [info] Thread saw mini-batch with a maximum of 8.14% zero probability fragments
[2023-12-12 16:10:37.949] [jointLog] [info] Thread saw mini-batch with a maximum of 8.40% zero probability fragments
[2023-12-12 16:10:37.949] [jointLog] [info] Thread saw mini-batch with a maximum of 8.28% zero probability fragments
[2023-12-12 16:10:37.992] [jointLog] [info] Thread saw mini-batch with a maximum of 8.44% zero probability fragments
[2023-12-12 16:10:38.001] [jointLog] [info] Thread saw mini-batch with a maximum of 8.24% zero probability fragments
[2023-12-12 16:10:38.004] [jointLog] [info] Thread saw mini-batch with a maximum of 8.12% zero probability fragments
[2023-12-12 16:10:38.025] [jointLog] [info] Thread saw mini-batch with a maximum of 8.12% zero probability fragments
[2023-12-12 16:10:38.038] [jointLog] [info] Thread saw mini-batch with a maximum of 8.24% zero probability fragments
[2023-12-12 16:10:38.076] [jointLog] [info] Thread saw mini-batch with a maximum of 8.18% zero probability fragments
[2023-12-12 16:10:38.134] [jointLog] [info] Computed 197,588 rich equivalence classes for further processing
[2023-12-12 16:10:38.134] [jointLog] [info] Counted 36,145,987 total reads in the equivalence classes 
[2023-12-12 16:10:38.136] [jointLog] [info] Number of mappings discarded because of alignment score : 23,013,113
[2023-12-12 16:10:38.136] [jointLog] [info] Number of fragments entirely discarded because of alignment score : 2,813,703
[2023-12-12 16:10:38.136] [jointLog] [info] Number of fragments discarded because they are best-mapped to decoys : 2,298,870
[2023-12-12 16:10:38.136] [jointLog] [info] Number of fragments discarded because they have only dovetail (discordant) mappings to valid targets : 168,129
[2023-12-12 16:10:38.136] [jointLog] [info] Mapping rate = 79.7358%

[2023-12-12 16:10:38.136] [jointLog] [info] finished quantifyLibrary()
[2023-12-12 16:10:38.136] [jointLog] [info] Starting optimizer
[2023-12-12 16:10:38.160] [jointLog] [info] Marked 0 weighted equivalence classes as degenerate
[2023-12-12 16:10:38.165] [jointLog] [info] iteration = 0 | max rel diff. = 6659.8
[2023-12-12 16:10:38.134] [fileLog] [info] 
At end of round 0
==================
Observed 45332208 total fragments (45332208 in most recent round)

[2023-12-12 16:10:38.217] [jointLog] [info] iteration 11, adjusting effective lengths to account for biases
[2023-12-12 16:10:43.445] [jointLog] [info] Computed expected counts (for bias correction)
[2023-12-12 16:10:43.445] [jointLog] [info] processed bias for 0.0% of the transcripts
[2023-12-12 16:10:43.895] [jointLog] [info] processed bias for 10.0% of the transcripts
[2023-12-12 16:10:44.350] [jointLog] [info] processed bias for 20.0% of the transcripts
[2023-12-12 16:10:44.827] [jointLog] [info] processed bias for 30.0% of the transcripts
[2023-12-12 16:10:45.328] [jointLog] [info] processed bias for 40.0% of the transcripts
[2023-12-12 16:10:45.805] [jointLog] [info] processed bias for 50.0% of the transcripts
[2023-12-12 16:10:46.287] [jointLog] [info] processed bias for 60.0% of the transcripts
[2023-12-12 16:10:46.802] [jointLog] [info] processed bias for 70.0% of the transcripts
[2023-12-12 16:10:47.297] [jointLog] [info] processed bias for 80.0% of the transcripts
[2023-12-12 16:10:47.762] [jointLog] [info] processed bias for 90.0% of the transcripts
[2023-12-12 16:10:48.210] [jointLog] [info] processed bias for 100.0% of the transcripts
[2023-12-12 16:10:48.211] [jointLog] [info] processed bias for 100.0% of the transcripts
[2023-12-12 16:10:48.675] [jointLog] [info] iteration = 100 | max rel diff. = 15.3229
[2023-12-12 16:10:49.189] [jointLog] [info] iteration = 200 | max rel diff. = 2.49287
[2023-12-12 16:10:49.704] [jointLog] [info] iteration = 300 | max rel diff. = 2.328
[2023-12-12 16:10:50.216] [jointLog] [info] iteration = 400 | max rel diff. = 0.30925
[2023-12-12 16:10:50.729] [jointLog] [info] iteration = 500 | max rel diff. = 1.58592
[2023-12-12 16:10:51.241] [jointLog] [info] iteration = 600 | max rel diff. = 0.664525
[2023-12-12 16:10:51.753] [jointLog] [info] iteration = 700 | max rel diff. = 0.310141
[2023-12-12 16:10:52.266] [jointLog] [info] iteration = 800 | max rel diff. = 0.200541
[2023-12-12 16:10:52.779] [jointLog] [info] iteration = 900 | max rel diff. = 0.028318
[2023-12-12 16:10:53.108] [jointLog] [info] iteration = 965 | max rel diff. = 0.00813929
[2023-12-12 16:10:53.114] [jointLog] [info] Finished optimizer
[2023-12-12 16:10:53.114] [jointLog] [info] writing output 

