[2023-12-13 00:24:55.305] [jointLog] [info] setting maxHashResizeThreads to 10
[2023-12-13 00:24:55.305] [jointLog] [info] Fragment incompatibility prior below threshold.  Incompatible fragments will be ignored.
[2023-12-13 00:24:55.305] [jointLog] [info] Usage of --validateMappings implies use of minScoreFraction. Since not explicitly specified, it is being set to 0.65
[2023-12-13 00:24:55.305] [jointLog] [info] Setting consensusSlack to selective-alignment default of 0.35.
[2023-12-13 00:24:55.305] [jointLog] [info] parsing read library format
[2023-12-13 00:24:55.305] [jointLog] [info] There is 1 library.
[2023-12-13 00:24:55.305] [jointLog] [info] Loading pufferfish index
[2023-12-13 00:24:55.305] [jointLog] [info] Loading dense pufferfish index.
[2023-12-13 00:25:05.137] [jointLog] [info] done
[2023-12-13 00:25:05.154] [jointLog] [info] Index contained 147,865 targets
[2023-12-13 00:25:05.611] [jointLog] [info] Number of decoys : 61
[2023-12-13 00:25:05.611] [jointLog] [info] First decoy index : 147,765 
[2023-12-13 00:25:06.038] [jointLog] [info] Automatically detected most likely library type as ISR

[2023-12-13 00:29:28.521] [fileLog] [info] 
At end of round 0
==================
Observed 46972214 total fragments (46972214 in most recent round)

[2023-12-13 00:29:28.267] [jointLog] [info] Thread saw mini-batch with a maximum of 5.50% zero probability fragments
[2023-12-13 00:29:28.291] [jointLog] [info] Thread saw mini-batch with a maximum of 5.50% zero probability fragments
[2023-12-13 00:29:28.330] [jointLog] [info] Thread saw mini-batch with a maximum of 5.58% zero probability fragments
[2023-12-13 00:29:28.344] [jointLog] [info] Thread saw mini-batch with a maximum of 5.74% zero probability fragments
[2023-12-13 00:29:28.354] [jointLog] [info] Thread saw mini-batch with a maximum of 5.48% zero probability fragments
[2023-12-13 00:29:28.355] [jointLog] [info] Thread saw mini-batch with a maximum of 5.72% zero probability fragments
[2023-12-13 00:29:28.359] [jointLog] [info] Thread saw mini-batch with a maximum of 5.66% zero probability fragments
[2023-12-13 00:29:28.380] [jointLog] [info] Thread saw mini-batch with a maximum of 5.58% zero probability fragments
[2023-12-13 00:29:28.407] [jointLog] [info] Thread saw mini-batch with a maximum of 5.62% zero probability fragments
[2023-12-13 00:29:28.456] [jointLog] [info] Thread saw mini-batch with a maximum of 5.52% zero probability fragments
[2023-12-13 00:29:28.521] [jointLog] [info] Computed 234,618 rich equivalence classes for further processing
[2023-12-13 00:29:28.521] [jointLog] [info] Counted 24,714,648 total reads in the equivalence classes 
[2023-12-13 00:29:28.523] [jointLog] [info] Number of mappings discarded because of alignment score : 12,402,415
[2023-12-13 00:29:28.523] [jointLog] [info] Number of fragments entirely discarded because of alignment score : 3,817,394
[2023-12-13 00:29:28.523] [jointLog] [info] Number of fragments discarded because they are best-mapped to decoys : 3,169,612
[2023-12-13 00:29:28.523] [jointLog] [info] Number of fragments discarded because they have only dovetail (discordant) mappings to valid targets : 266,868
[2023-12-13 00:29:28.523] [jointLog] [info] Mapping rate = 52.6155%

[2023-12-13 00:29:28.523] [jointLog] [info] finished quantifyLibrary()
[2023-12-13 00:29:28.523] [jointLog] [info] Starting optimizer
[2023-12-13 00:29:28.548] [jointLog] [info] Marked 0 weighted equivalence classes as degenerate
[2023-12-13 00:29:28.554] [jointLog] [info] iteration = 0 | max rel diff. = 8269.94
[2023-12-13 00:29:28.608] [jointLog] [info] iteration 11, adjusting effective lengths to account for biases
[2023-12-13 00:29:34.707] [jointLog] [info] Computed expected counts (for bias correction)
[2023-12-13 00:29:34.707] [jointLog] [info] processed bias for 0.0% of the transcripts
[2023-12-13 00:29:35.248] [jointLog] [info] processed bias for 10.0% of the transcripts
[2023-12-13 00:29:35.816] [jointLog] [info] processed bias for 20.0% of the transcripts
[2023-12-13 00:29:36.361] [jointLog] [info] processed bias for 30.0% of the transcripts
[2023-12-13 00:29:36.935] [jointLog] [info] processed bias for 40.0% of the transcripts
[2023-12-13 00:29:37.530] [jointLog] [info] processed bias for 50.0% of the transcripts
[2023-12-13 00:29:38.036] [jointLog] [info] processed bias for 60.0% of the transcripts
[2023-12-13 00:29:38.588] [jointLog] [info] processed bias for 70.0% of the transcripts
[2023-12-13 00:29:39.103] [jointLog] [info] processed bias for 80.0% of the transcripts
[2023-12-13 00:29:39.655] [jointLog] [info] processed bias for 90.0% of the transcripts
[2023-12-13 00:29:40.236] [jointLog] [info] processed bias for 100.0% of the transcripts
[2023-12-13 00:29:40.724] [jointLog] [info] iteration = 100 | max rel diff. = 18.0017
[2023-12-13 00:29:41.263] [jointLog] [info] iteration = 200 | max rel diff. = 7.61255
[2023-12-13 00:29:41.801] [jointLog] [info] iteration = 300 | max rel diff. = 1.86137
[2023-12-13 00:29:42.338] [jointLog] [info] iteration = 400 | max rel diff. = 12.2414
[2023-12-13 00:29:42.876] [jointLog] [info] iteration = 500 | max rel diff. = 0.174613
[2023-12-13 00:29:43.414] [jointLog] [info] iteration = 600 | max rel diff. = 0.590518
[2023-12-13 00:29:43.955] [jointLog] [info] iteration = 700 | max rel diff. = 0.195515
[2023-12-13 00:29:44.492] [jointLog] [info] iteration = 800 | max rel diff. = 0.0689346
[2023-12-13 00:29:45.032] [jointLog] [info] iteration = 900 | max rel diff. = 0.0878127
[2023-12-13 00:29:45.570] [jointLog] [info] iteration = 1,000 | max rel diff. = 0.0357833
[2023-12-13 00:29:46.105] [jointLog] [info] iteration = 1,100 | max rel diff. = 0.267381
[2023-12-13 00:29:46.641] [jointLog] [info] iteration = 1,200 | max rel diff. = 0.125157
[2023-12-13 00:29:47.183] [jointLog] [info] iteration = 1,300 | max rel diff. = 0.0756186
[2023-12-13 00:29:47.722] [jointLog] [info] iteration = 1,400 | max rel diff. = 0.0389366
[2023-12-13 00:29:48.264] [jointLog] [info] iteration = 1,500 | max rel diff. = 0.164895
[2023-12-13 00:29:48.803] [jointLog] [info] iteration = 1,600 | max rel diff. = 0.0264871
[2023-12-13 00:29:49.347] [jointLog] [info] iteration = 1,700 | max rel diff. = 0.0147229
[2023-12-13 00:29:49.887] [jointLog] [info] iteration = 1,800 | max rel diff. = 0.0677433
[2023-12-13 00:29:50.340] [jointLog] [info] iteration = 1,885 | max rel diff. = 0.00660296
[2023-12-13 00:29:50.346] [jointLog] [info] Finished optimizer
[2023-12-13 00:29:50.346] [jointLog] [info] writing output 

