[2023-12-13 00:08:56.053] [jointLog] [info] setting maxHashResizeThreads to 10
[2023-12-13 00:08:56.053] [jointLog] [info] Fragment incompatibility prior below threshold.  Incompatible fragments will be ignored.
[2023-12-13 00:08:56.053] [jointLog] [info] Usage of --validateMappings implies use of minScoreFraction. Since not explicitly specified, it is being set to 0.65
[2023-12-13 00:08:56.053] [jointLog] [info] Setting consensusSlack to selective-alignment default of 0.35.
[2023-12-13 00:08:56.053] [jointLog] [info] parsing read library format
[2023-12-13 00:08:56.053] [jointLog] [info] There is 1 library.
[2023-12-13 00:08:56.053] [jointLog] [info] Loading pufferfish index
[2023-12-13 00:08:56.053] [jointLog] [info] Loading dense pufferfish index.
[2023-12-13 00:09:05.881] [jointLog] [info] done
[2023-12-13 00:09:05.899] [jointLog] [info] Index contained 147,865 targets
[2023-12-13 00:09:06.349] [jointLog] [info] Number of decoys : 61
[2023-12-13 00:09:06.349] [jointLog] [info] First decoy index : 147,765 
[2023-12-13 00:09:06.800] [jointLog] [info] Automatically detected most likely library type as ISR

[2023-12-13 00:12:40.784] [jointLog] [info] Thread saw mini-batch with a maximum of 3.70% zero probability fragments
[2023-12-13 00:12:40.784] [jointLog] [info] Thread saw mini-batch with a maximum of 3.64% zero probability fragments
[2023-12-13 00:12:40.812] [jointLog] [info] Thread saw mini-batch with a maximum of 3.50% zero probability fragments
[2023-12-13 00:12:40.822] [jointLog] [info] Thread saw mini-batch with a maximum of 3.62% zero probability fragments
[2023-12-13 00:12:40.848] [jointLog] [info] Thread saw mini-batch with a maximum of 3.58% zero probability fragments
[2023-12-13 00:12:40.873] [jointLog] [info] Thread saw mini-batch with a maximum of 3.62% zero probability fragments
[2023-12-13 00:12:40.897] [jointLog] [info] Thread saw mini-batch with a maximum of 3.50% zero probability fragments
[2023-12-13 00:12:40.935] [jointLog] [info] Thread saw mini-batch with a maximum of 3.42% zero probability fragments
[2023-12-13 00:12:40.949] [jointLog] [info] Thread saw mini-batch with a maximum of 3.78% zero probability fragments
[2023-12-13 00:12:40.975] [jointLog] [info] Thread saw mini-batch with a maximum of 3.62% zero probability fragments
[2023-12-13 00:12:41.038] [jointLog] [info] Computed 215,918 rich equivalence classes for further processing
[2023-12-13 00:12:41.038] [jointLog] [info] Counted 20,090,840 total reads in the equivalence classes 
[2023-12-13 00:12:41.041] [jointLog] [info] Number of mappings discarded because of alignment score : 9,285,389
[2023-12-13 00:12:41.041] [jointLog] [info] Number of fragments entirely discarded because of alignment score : 3,801,909
[2023-12-13 00:12:41.041] [jointLog] [info] Number of fragments discarded because they are best-mapped to decoys : 3,200,555
[2023-12-13 00:12:41.041] [jointLog] [info] Number of fragments discarded because they have only dovetail (discordant) mappings to valid targets : 263,120
[2023-12-13 00:12:41.041] [jointLog] [info] Mapping rate = 53.2876%

[2023-12-13 00:12:41.041] [jointLog] [info] finished quantifyLibrary()
[2023-12-13 00:12:41.041] [jointLog] [info] Starting optimizer
[2023-12-13 00:12:41.066] [jointLog] [info] Marked 0 weighted equivalence classes as degenerate
[2023-12-13 00:12:41.071] [jointLog] [info] iteration = 0 | max rel diff. = 8010.43
[2023-12-13 00:12:41.125] [jointLog] [info] iteration 11, adjusting effective lengths to account for biases
[2023-12-13 00:12:41.039] [fileLog] [info] 
At end of round 0
==================
Observed 37702669 total fragments (37702669 in most recent round)

[2023-12-13 00:12:47.527] [jointLog] [info] Computed expected counts (for bias correction)
[2023-12-13 00:12:47.527] [jointLog] [info] processed bias for 0.0% of the transcripts
[2023-12-13 00:12:48.064] [jointLog] [info] processed bias for 10.0% of the transcripts
[2023-12-13 00:12:48.670] [jointLog] [info] processed bias for 20.0% of the transcripts
[2023-12-13 00:12:49.253] [jointLog] [info] processed bias for 30.0% of the transcripts
[2023-12-13 00:12:49.870] [jointLog] [info] processed bias for 40.0% of the transcripts
[2023-12-13 00:12:50.489] [jointLog] [info] processed bias for 50.0% of the transcripts
[2023-12-13 00:12:51.094] [jointLog] [info] processed bias for 60.0% of the transcripts
[2023-12-13 00:12:51.669] [jointLog] [info] processed bias for 70.0% of the transcripts
[2023-12-13 00:12:52.231] [jointLog] [info] processed bias for 80.0% of the transcripts
[2023-12-13 00:12:52.783] [jointLog] [info] processed bias for 90.0% of the transcripts
[2023-12-13 00:12:53.360] [jointLog] [info] processed bias for 100.0% of the transcripts
[2023-12-13 00:12:53.362] [jointLog] [info] processed bias for 100.0% of the transcripts
[2023-12-13 00:12:53.839] [jointLog] [info] iteration = 100 | max rel diff. = 14.0863
[2023-12-13 00:12:54.367] [jointLog] [info] iteration = 200 | max rel diff. = 2.63283
[2023-12-13 00:12:54.891] [jointLog] [info] iteration = 300 | max rel diff. = 1.2536
[2023-12-13 00:12:55.418] [jointLog] [info] iteration = 400 | max rel diff. = 0.166381
[2023-12-13 00:12:55.943] [jointLog] [info] iteration = 500 | max rel diff. = 0.123678
[2023-12-13 00:12:56.470] [jointLog] [info] iteration = 600 | max rel diff. = 0.0654337
[2023-12-13 00:12:56.995] [jointLog] [info] iteration = 700 | max rel diff. = 0.108455
[2023-12-13 00:12:57.523] [jointLog] [info] iteration = 800 | max rel diff. = 0.0668219
[2023-12-13 00:12:58.047] [jointLog] [info] iteration = 900 | max rel diff. = 0.311619
[2023-12-13 00:12:58.572] [jointLog] [info] iteration = 1,000 | max rel diff. = 0.0158021
[2023-12-13 00:12:59.095] [jointLog] [info] iteration = 1,100 | max rel diff. = 0.0822259
[2023-12-13 00:12:59.625] [jointLog] [info] iteration = 1,200 | max rel diff. = 0.0671882
[2023-12-13 00:13:00.150] [jointLog] [info] iteration = 1,300 | max rel diff. = 0.278468
[2023-12-13 00:13:00.676] [jointLog] [info] iteration = 1,400 | max rel diff. = 10.889
[2023-12-13 00:13:00.953] [jointLog] [info] iteration = 1,454 | max rel diff. = 0.00569298
[2023-12-13 00:13:00.959] [jointLog] [info] Finished optimizer
[2023-12-13 00:13:00.959] [jointLog] [info] writing output 

