[2023-12-12 19:20:07.860] [jointLog] [info] setting maxHashResizeThreads to 10
[2023-12-12 19:20:07.860] [jointLog] [info] Fragment incompatibility prior below threshold.  Incompatible fragments will be ignored.
[2023-12-12 19:20:07.860] [jointLog] [info] Usage of --validateMappings implies use of minScoreFraction. Since not explicitly specified, it is being set to 0.65
[2023-12-12 19:20:07.861] [jointLog] [info] Setting consensusSlack to selective-alignment default of 0.35.
[2023-12-12 19:20:07.861] [jointLog] [info] parsing read library format
[2023-12-12 19:20:07.861] [jointLog] [info] There is 1 library.
[2023-12-12 19:20:07.861] [jointLog] [info] Loading pufferfish index
[2023-12-12 19:20:07.861] [jointLog] [info] Loading dense pufferfish index.
[2023-12-12 19:20:17.625] [jointLog] [info] done
[2023-12-12 19:20:17.644] [jointLog] [info] Index contained 147,865 targets
[2023-12-12 19:20:18.104] [jointLog] [info] Number of decoys : 61
[2023-12-12 19:20:18.104] [jointLog] [info] First decoy index : 147,765 
[2023-12-12 19:20:18.396] [jointLog] [info] Automatically detected most likely library type as ISR

[2023-12-12 19:23:58.106] [jointLog] [info] Thread saw mini-batch with a maximum of 5.66% zero probability fragments
[2023-12-12 19:23:58.107] [jointLog] [info] Thread saw mini-batch with a maximum of 5.70% zero probability fragments
[2023-12-12 19:23:58.108] [jointLog] [info] Thread saw mini-batch with a maximum of 5.72% zero probability fragments
[2023-12-12 19:23:58.122] [jointLog] [info] Thread saw mini-batch with a maximum of 5.88% zero probability fragments
[2023-12-12 19:23:58.138] [jointLog] [info] Thread saw mini-batch with a maximum of 5.96% zero probability fragments
[2023-12-12 19:23:58.159] [jointLog] [info] Thread saw mini-batch with a maximum of 5.64% zero probability fragments
[2023-12-12 19:23:58.163] [jointLog] [info] Thread saw mini-batch with a maximum of 5.58% zero probability fragments
[2023-12-12 19:23:58.185] [jointLog] [info] Thread saw mini-batch with a maximum of 5.74% zero probability fragments
[2023-12-12 19:23:58.206] [jointLog] [info] Thread saw mini-batch with a maximum of 5.80% zero probability fragments
[2023-12-12 19:23:58.241] [jointLog] [info] Thread saw mini-batch with a maximum of 5.64% zero probability fragments
[2023-12-12 19:23:58.300] [jointLog] [info] Computed 251,118 rich equivalence classes for further processing
[2023-12-12 19:23:58.300] [jointLog] [info] Counted 37,414,227 total reads in the equivalence classes 
[2023-12-12 19:23:58.303] [jointLog] [info] Number of mappings discarded because of alignment score : 18,079,482
[2023-12-12 19:23:58.303] [jointLog] [info] Number of fragments entirely discarded because of alignment score : 2,302,901
[2023-12-12 19:23:58.303] [jointLog] [info] Number of fragments discarded because they are best-mapped to decoys : 1,767,108
[2023-12-12 19:23:58.303] [jointLog] [info] Number of fragments discarded because they have only dovetail (discordant) mappings to valid targets : 189,045
[2023-12-12 19:23:58.303] [jointLog] [info] Mapping rate = 82.4717%

[2023-12-12 19:23:58.303] [jointLog] [info] finished quantifyLibrary()
[2023-12-12 19:23:58.303] [jointLog] [info] Starting optimizer
[2023-12-12 19:23:58.328] [jointLog] [info] Marked 0 weighted equivalence classes as degenerate
[2023-12-12 19:23:58.334] [jointLog] [info] iteration = 0 | max rel diff. = 6366.71
[2023-12-12 19:23:58.389] [jointLog] [info] iteration 11, adjusting effective lengths to account for biases
[2023-12-12 19:23:58.300] [fileLog] [info] 
At end of round 0
==================
Observed 45366150 total fragments (45366150 in most recent round)

[2023-12-12 19:24:04.324] [jointLog] [info] Computed expected counts (for bias correction)
[2023-12-12 19:24:04.324] [jointLog] [info] processed bias for 0.0% of the transcripts
[2023-12-12 19:24:04.849] [jointLog] [info] processed bias for 10.0% of the transcripts
[2023-12-12 19:24:05.405] [jointLog] [info] processed bias for 20.0% of the transcripts
[2023-12-12 19:24:05.966] [jointLog] [info] processed bias for 30.0% of the transcripts
[2023-12-12 19:24:06.522] [jointLog] [info] processed bias for 40.0% of the transcripts
[2023-12-12 19:24:07.041] [jointLog] [info] processed bias for 50.0% of the transcripts
[2023-12-12 19:24:07.630] [jointLog] [info] processed bias for 60.0% of the transcripts
[2023-12-12 19:24:08.178] [jointLog] [info] processed bias for 70.0% of the transcripts
[2023-12-12 19:24:08.694] [jointLog] [info] processed bias for 80.0% of the transcripts
[2023-12-12 19:24:09.238] [jointLog] [info] processed bias for 90.0% of the transcripts
[2023-12-12 19:24:09.721] [jointLog] [info] processed bias for 100.0% of the transcripts
[2023-12-12 19:24:10.213] [jointLog] [info] iteration = 100 | max rel diff. = 7.87629
[2023-12-12 19:24:10.759] [jointLog] [info] iteration = 200 | max rel diff. = 2.26868
[2023-12-12 19:24:11.307] [jointLog] [info] iteration = 300 | max rel diff. = 4.63055
[2023-12-12 19:24:11.854] [jointLog] [info] iteration = 400 | max rel diff. = 19.0327
[2023-12-12 19:24:12.398] [jointLog] [info] iteration = 500 | max rel diff. = 0.0918126
[2023-12-12 19:24:12.942] [jointLog] [info] iteration = 600 | max rel diff. = 2.11024
[2023-12-12 19:24:13.486] [jointLog] [info] iteration = 700 | max rel diff. = 0.513149
[2023-12-12 19:24:14.030] [jointLog] [info] iteration = 800 | max rel diff. = 0.0197211
[2023-12-12 19:24:14.574] [jointLog] [info] iteration = 900 | max rel diff. = 17.9244
[2023-12-12 19:24:15.120] [jointLog] [info] iteration = 1,000 | max rel diff. = 0.149597
[2023-12-12 19:24:15.669] [jointLog] [info] iteration = 1,100 | max rel diff. = 0.0597806
[2023-12-12 19:24:16.054] [jointLog] [info] iteration = 1,172 | max rel diff. = 0.00898904
[2023-12-12 19:24:16.060] [jointLog] [info] Finished optimizer
[2023-12-12 19:24:16.060] [jointLog] [info] writing output 

