[2023-12-12 20:52:56.138] [jointLog] [info] setting maxHashResizeThreads to 10
[2023-12-12 20:52:56.138] [jointLog] [info] Fragment incompatibility prior below threshold.  Incompatible fragments will be ignored.
[2023-12-12 20:52:56.138] [jointLog] [info] Usage of --validateMappings implies use of minScoreFraction. Since not explicitly specified, it is being set to 0.65
[2023-12-12 20:52:56.138] [jointLog] [info] Setting consensusSlack to selective-alignment default of 0.35.
[2023-12-12 20:52:56.138] [jointLog] [info] parsing read library format
[2023-12-12 20:52:56.138] [jointLog] [info] There is 1 library.
[2023-12-12 20:52:56.138] [jointLog] [info] Loading pufferfish index
[2023-12-12 20:52:56.138] [jointLog] [info] Loading dense pufferfish index.
[2023-12-12 20:53:05.958] [jointLog] [info] done
[2023-12-12 20:53:05.976] [jointLog] [info] Index contained 147,865 targets
[2023-12-12 20:53:06.436] [jointLog] [info] Number of decoys : 61
[2023-12-12 20:53:06.436] [jointLog] [info] First decoy index : 147,765 
[2023-12-12 20:53:06.728] [jointLog] [info] Automatically detected most likely library type as ISR

[2023-12-12 20:57:32.867] [fileLog] [info] 
At end of round 0
==================
Observed 53222333 total fragments (53222333 in most recent round)

[2023-12-12 20:57:32.664] [jointLog] [info] Thread saw mini-batch with a maximum of 5.90% zero probability fragments
[2023-12-12 20:57:32.664] [jointLog] [info] Thread saw mini-batch with a maximum of 6.12% zero probability fragments
[2023-12-12 20:57:32.665] [jointLog] [info] Thread saw mini-batch with a maximum of 5.72% zero probability fragments
[2023-12-12 20:57:32.690] [jointLog] [info] Thread saw mini-batch with a maximum of 5.82% zero probability fragments
[2023-12-12 20:57:32.706] [jointLog] [info] Thread saw mini-batch with a maximum of 6.30% zero probability fragments
[2023-12-12 20:57:32.730] [jointLog] [info] Thread saw mini-batch with a maximum of 6.00% zero probability fragments
[2023-12-12 20:57:32.733] [jointLog] [info] Thread saw mini-batch with a maximum of 5.88% zero probability fragments
[2023-12-12 20:57:32.755] [jointLog] [info] Thread saw mini-batch with a maximum of 6.22% zero probability fragments
[2023-12-12 20:57:32.757] [jointLog] [info] Thread saw mini-batch with a maximum of 5.92% zero probability fragments
[2023-12-12 20:57:32.802] [jointLog] [info] Thread saw mini-batch with a maximum of 5.80% zero probability fragments
[2023-12-12 20:57:32.866] [jointLog] [info] Computed 249,485 rich equivalence classes for further processing
[2023-12-12 20:57:32.866] [jointLog] [info] Counted 39,088,544 total reads in the equivalence classes 
[2023-12-12 20:57:32.869] [jointLog] [info] Number of mappings discarded because of alignment score : 22,241,344
[2023-12-12 20:57:32.869] [jointLog] [info] Number of fragments entirely discarded because of alignment score : 3,372,209
[2023-12-12 20:57:32.869] [jointLog] [info] Number of fragments discarded because they are best-mapped to decoys : 2,511,908
[2023-12-12 20:57:32.869] [jointLog] [info] Number of fragments discarded because they have only dovetail (discordant) mappings to valid targets : 278,036
[2023-12-12 20:57:32.869] [jointLog] [info] Mapping rate = 73.4439%

[2023-12-12 20:57:32.869] [jointLog] [info] finished quantifyLibrary()
[2023-12-12 20:57:32.869] [jointLog] [info] Starting optimizer
[2023-12-12 20:57:32.896] [jointLog] [info] Marked 0 weighted equivalence classes as degenerate
[2023-12-12 20:57:32.902] [jointLog] [info] iteration = 0 | max rel diff. = 5752.1
[2023-12-12 20:57:32.960] [jointLog] [info] iteration 11, adjusting effective lengths to account for biases
[2023-12-12 20:57:38.880] [jointLog] [info] Computed expected counts (for bias correction)
[2023-12-12 20:57:38.880] [jointLog] [info] processed bias for 0.0% of the transcripts
[2023-12-12 20:57:39.391] [jointLog] [info] processed bias for 10.0% of the transcripts
[2023-12-12 20:57:39.937] [jointLog] [info] processed bias for 20.0% of the transcripts
[2023-12-12 20:57:40.501] [jointLog] [info] processed bias for 30.0% of the transcripts
[2023-12-12 20:57:41.049] [jointLog] [info] processed bias for 40.0% of the transcripts
[2023-12-12 20:57:41.596] [jointLog] [info] processed bias for 50.0% of the transcripts
[2023-12-12 20:57:42.133] [jointLog] [info] processed bias for 60.0% of the transcripts
[2023-12-12 20:57:42.644] [jointLog] [info] processed bias for 70.0% of the transcripts
[2023-12-12 20:57:43.183] [jointLog] [info] processed bias for 80.0% of the transcripts
[2023-12-12 20:57:43.691] [jointLog] [info] processed bias for 90.0% of the transcripts
[2023-12-12 20:57:44.210] [jointLog] [info] processed bias for 100.0% of the transcripts
[2023-12-12 20:57:44.210] [jointLog] [info] processed bias for 100.0% of the transcripts
[2023-12-12 20:57:44.706] [jointLog] [info] iteration = 100 | max rel diff. = 7.45951
[2023-12-12 20:57:45.253] [jointLog] [info] iteration = 200 | max rel diff. = 0.737033
[2023-12-12 20:57:45.802] [jointLog] [info] iteration = 300 | max rel diff. = 1.42361
[2023-12-12 20:57:46.349] [jointLog] [info] iteration = 400 | max rel diff. = 3.36922
[2023-12-12 20:57:46.895] [jointLog] [info] iteration = 500 | max rel diff. = 1.11742
[2023-12-12 20:57:47.440] [jointLog] [info] iteration = 600 | max rel diff. = 0.196648
[2023-12-12 20:57:47.988] [jointLog] [info] iteration = 700 | max rel diff. = 0.591661
[2023-12-12 20:57:48.538] [jointLog] [info] iteration = 800 | max rel diff. = 0.253643
[2023-12-12 20:57:49.085] [jointLog] [info] iteration = 900 | max rel diff. = 1.30561
[2023-12-12 20:57:49.632] [jointLog] [info] iteration = 1,000 | max rel diff. = 0.054039
[2023-12-12 20:57:50.177] [jointLog] [info] iteration = 1,100 | max rel diff. = 0.025645
[2023-12-12 20:57:50.723] [jointLog] [info] iteration = 1,200 | max rel diff. = 0.234817
[2023-12-12 20:57:51.269] [jointLog] [info] iteration = 1,300 | max rel diff. = 0.037325
[2023-12-12 20:57:51.818] [jointLog] [info] iteration = 1,400 | max rel diff. = 0.0293285
[2023-12-12 20:57:52.010] [jointLog] [info] iteration = 1,436 | max rel diff. = 0.00575808
[2023-12-12 20:57:52.015] [jointLog] [info] Finished optimizer
[2023-12-12 20:57:52.015] [jointLog] [info] writing output 

