[2023-12-13 00:51:51.857] [jointLog] [info] setting maxHashResizeThreads to 10
[2023-12-13 00:51:51.857] [jointLog] [info] Fragment incompatibility prior below threshold.  Incompatible fragments will be ignored.
[2023-12-13 00:51:51.857] [jointLog] [info] Usage of --validateMappings implies use of minScoreFraction. Since not explicitly specified, it is being set to 0.65
[2023-12-13 00:51:51.857] [jointLog] [info] Setting consensusSlack to selective-alignment default of 0.35.
[2023-12-13 00:51:51.857] [jointLog] [info] parsing read library format
[2023-12-13 00:51:51.857] [jointLog] [info] There is 1 library.
[2023-12-13 00:51:51.857] [jointLog] [info] Loading pufferfish index
[2023-12-13 00:51:51.857] [jointLog] [info] Loading dense pufferfish index.
[2023-12-13 00:52:01.654] [jointLog] [info] done
[2023-12-13 00:52:01.672] [jointLog] [info] Index contained 147,865 targets
[2023-12-13 00:52:02.121] [jointLog] [info] Number of decoys : 61
[2023-12-13 00:52:02.121] [jointLog] [info] First decoy index : 147,765 
[2023-12-13 00:52:02.659] [jointLog] [info] Automatically detected most likely library type as ISR

[2023-12-13 00:55:51.456] [jointLog] [info] Thread saw mini-batch with a maximum of 5.10% zero probability fragments
[2023-12-13 00:55:51.470] [jointLog] [info] Thread saw mini-batch with a maximum of 5.14% zero probability fragments
[2023-12-13 00:55:51.501] [jointLog] [info] Thread saw mini-batch with a maximum of 5.02% zero probability fragments
[2023-12-13 00:55:51.557] [jointLog] [info] Thread saw mini-batch with a maximum of 5.12% zero probability fragments
[2023-12-13 00:55:51.586] [jointLog] [info] Thread saw mini-batch with a maximum of 5.22% zero probability fragments
[2023-12-13 00:55:51.591] [jointLog] [info] Thread saw mini-batch with a maximum of 5.08% zero probability fragments
[2023-12-13 00:55:51.616] [jointLog] [info] Thread saw mini-batch with a maximum of 5.36% zero probability fragments
[2023-12-13 00:55:51.647] [jointLog] [info] Thread saw mini-batch with a maximum of 5.04% zero probability fragments
[2023-12-13 00:55:51.651] [jointLog] [info] Thread saw mini-batch with a maximum of 5.30% zero probability fragments
[2023-12-13 00:55:51.672] [jointLog] [info] Thread saw mini-batch with a maximum of 5.10% zero probability fragments
[2023-12-13 00:55:51.741] [jointLog] [info] Computed 222,189 rich equivalence classes for further processing
[2023-12-13 00:55:51.741] [jointLog] [info] Counted 19,929,531 total reads in the equivalence classes 
[2023-12-13 00:55:51.743] [jointLog] [info] Number of mappings discarded because of alignment score : 12,346,882
[2023-12-13 00:55:51.743] [jointLog] [info] Number of fragments entirely discarded because of alignment score : 3,598,376
[2023-12-13 00:55:51.743] [jointLog] [info] Number of fragments discarded because they are best-mapped to decoys : 2,944,661
[2023-12-13 00:55:51.743] [jointLog] [info] Number of fragments discarded because they have only dovetail (discordant) mappings to valid targets : 255,963
[2023-12-13 00:55:51.743] [jointLog] [info] Mapping rate = 50.4309%

[2023-12-13 00:55:51.743] [jointLog] [info] finished quantifyLibrary()
[2023-12-13 00:55:51.743] [jointLog] [info] Starting optimizer
[2023-12-13 00:55:51.770] [jointLog] [info] Marked 0 weighted equivalence classes as degenerate
[2023-12-13 00:55:51.776] [jointLog] [info] iteration = 0 | max rel diff. = 8055.83
[2023-12-13 00:55:51.829] [jointLog] [info] iteration 11, adjusting effective lengths to account for biases
[2023-12-13 00:55:51.741] [fileLog] [info] 
At end of round 0
==================
Observed 39518486 total fragments (39518486 in most recent round)

[2023-12-13 00:55:57.631] [jointLog] [info] Computed expected counts (for bias correction)
[2023-12-13 00:55:57.632] [jointLog] [info] processed bias for 0.0% of the transcripts
[2023-12-13 00:55:58.132] [jointLog] [info] processed bias for 10.0% of the transcripts
[2023-12-13 00:55:58.684] [jointLog] [info] processed bias for 20.0% of the transcripts
[2023-12-13 00:55:59.267] [jointLog] [info] processed bias for 30.0% of the transcripts
[2023-12-13 00:55:59.799] [jointLog] [info] processed bias for 40.0% of the transcripts
[2023-12-13 00:56:00.348] [jointLog] [info] processed bias for 50.0% of the transcripts
[2023-12-13 00:56:00.882] [jointLog] [info] processed bias for 60.0% of the transcripts
[2023-12-13 00:56:01.418] [jointLog] [info] processed bias for 70.0% of the transcripts
[2023-12-13 00:56:01.933] [jointLog] [info] processed bias for 80.0% of the transcripts
[2023-12-13 00:56:02.433] [jointLog] [info] processed bias for 90.0% of the transcripts
[2023-12-13 00:56:02.904] [jointLog] [info] processed bias for 100.0% of the transcripts
[2023-12-13 00:56:02.905] [jointLog] [info] processed bias for 100.0% of the transcripts
[2023-12-13 00:56:03.387] [jointLog] [info] iteration = 100 | max rel diff. = 5.01746
[2023-12-13 00:56:03.920] [jointLog] [info] iteration = 200 | max rel diff. = 2.11877
[2023-12-13 00:56:04.462] [jointLog] [info] iteration = 300 | max rel diff. = 2.62148
[2023-12-13 00:56:04.997] [jointLog] [info] iteration = 400 | max rel diff. = 2.95533
[2023-12-13 00:56:05.530] [jointLog] [info] iteration = 500 | max rel diff. = 0.698007
[2023-12-13 00:56:06.067] [jointLog] [info] iteration = 600 | max rel diff. = 0.36645
[2023-12-13 00:56:06.603] [jointLog] [info] iteration = 700 | max rel diff. = 1.22305
[2023-12-13 00:56:07.138] [jointLog] [info] iteration = 800 | max rel diff. = 0.0556284
[2023-12-13 00:56:07.675] [jointLog] [info] iteration = 900 | max rel diff. = 0.0642018
[2023-12-13 00:56:08.210] [jointLog] [info] iteration = 1,000 | max rel diff. = 0.136487
[2023-12-13 00:56:08.747] [jointLog] [info] iteration = 1,100 | max rel diff. = 0.0264696
[2023-12-13 00:56:09.285] [jointLog] [info] iteration = 1,200 | max rel diff. = 0.352485
[2023-12-13 00:56:09.818] [jointLog] [info] iteration = 1,300 | max rel diff. = 0.0885738
[2023-12-13 00:56:10.091] [jointLog] [info] iteration = 1,352 | max rel diff. = 0.00596087
[2023-12-13 00:56:10.097] [jointLog] [info] Finished optimizer
[2023-12-13 00:56:10.097] [jointLog] [info] writing output 

