[2023-12-12 15:42:33.507] [jointLog] [info] setting maxHashResizeThreads to 10
[2023-12-12 15:42:33.507] [jointLog] [info] Fragment incompatibility prior below threshold.  Incompatible fragments will be ignored.
[2023-12-12 15:42:33.507] [jointLog] [info] Usage of --validateMappings implies use of minScoreFraction. Since not explicitly specified, it is being set to 0.65
[2023-12-12 15:42:33.507] [jointLog] [info] Setting consensusSlack to selective-alignment default of 0.35.
[2023-12-12 15:42:33.507] [jointLog] [info] parsing read library format
[2023-12-12 15:42:33.507] [jointLog] [info] There is 1 library.
[2023-12-12 15:42:33.507] [jointLog] [info] Loading pufferfish index
[2023-12-12 15:42:33.507] [jointLog] [info] Loading dense pufferfish index.
[2023-12-12 15:42:43.088] [jointLog] [info] done
[2023-12-12 15:42:43.106] [jointLog] [info] Index contained 147,865 targets
[2023-12-12 15:42:43.555] [jointLog] [info] Number of decoys : 61
[2023-12-12 15:42:43.555] [jointLog] [info] First decoy index : 147,765 
[2023-12-12 15:42:44.040] [jointLog] [info] Automatically detected most likely library type as ISR

[2023-12-12 15:46:48.605] [jointLog] [info] Thread saw mini-batch with a maximum of 4.00% zero probability fragments
[2023-12-12 15:46:48.605] [jointLog] [info] Thread saw mini-batch with a maximum of 3.92% zero probability fragments
[2023-12-12 15:46:48.605] [jointLog] [info] Thread saw mini-batch with a maximum of 3.74% zero probability fragments
[2023-12-12 15:46:48.657] [jointLog] [info] Thread saw mini-batch with a maximum of 3.80% zero probability fragments
[2023-12-12 15:46:48.683] [jointLog] [info] Thread saw mini-batch with a maximum of 3.88% zero probability fragments
[2023-12-12 15:46:48.695] [jointLog] [info] Thread saw mini-batch with a maximum of 3.98% zero probability fragments
[2023-12-12 15:46:48.758] [jointLog] [info] Thread saw mini-batch with a maximum of 4.14% zero probability fragments
[2023-12-12 15:46:48.773] [jointLog] [info] Thread saw mini-batch with a maximum of 3.62% zero probability fragments
[2023-12-12 15:46:48.779] [jointLog] [info] Thread saw mini-batch with a maximum of 3.86% zero probability fragments
[2023-12-12 15:46:48.798] [jointLog] [info] Thread saw mini-batch with a maximum of 3.76% zero probability fragments
[2023-12-12 15:46:48.852] [jointLog] [info] Computed 239,720 rich equivalence classes for further processing
[2023-12-12 15:46:48.852] [jointLog] [info] Counted 20,153,423 total reads in the equivalence classes 
[2023-12-12 15:46:48.854] [jointLog] [info] Number of mappings discarded because of alignment score : 10,450,377
[2023-12-12 15:46:48.854] [jointLog] [info] Number of fragments entirely discarded because of alignment score : 5,641,882
[2023-12-12 15:46:48.854] [jointLog] [info] Number of fragments discarded because they are best-mapped to decoys : 4,778,054
[2023-12-12 15:46:48.854] [jointLog] [info] Number of fragments discarded because they have only dovetail (discordant) mappings to valid targets : 269,037
[2023-12-12 15:46:48.854] [jointLog] [info] Mapping rate = 46.821%

[2023-12-12 15:46:48.854] [jointLog] [info] finished quantifyLibrary()
[2023-12-12 15:46:48.854] [jointLog] [info] Starting optimizer
[2023-12-12 15:46:48.879] [jointLog] [info] Marked 0 weighted equivalence classes as degenerate
[2023-12-12 15:46:48.884] [jointLog] [info] iteration = 0 | max rel diff. = 8044.47
[2023-12-12 15:46:48.938] [jointLog] [info] iteration 11, adjusting effective lengths to account for biases
[2023-12-12 15:46:48.852] [fileLog] [info] 
At end of round 0
==================
Observed 43043549 total fragments (43043549 in most recent round)

[2023-12-12 15:46:55.343] [jointLog] [info] Computed expected counts (for bias correction)
[2023-12-12 15:46:55.343] [jointLog] [info] processed bias for 0.0% of the transcripts
[2023-12-12 15:46:55.907] [jointLog] [info] processed bias for 10.0% of the transcripts
[2023-12-12 15:46:56.528] [jointLog] [info] processed bias for 20.0% of the transcripts
[2023-12-12 15:46:57.147] [jointLog] [info] processed bias for 30.0% of the transcripts
[2023-12-12 15:46:57.750] [jointLog] [info] processed bias for 40.0% of the transcripts
[2023-12-12 15:46:58.347] [jointLog] [info] processed bias for 50.0% of the transcripts
[2023-12-12 15:46:58.937] [jointLog] [info] processed bias for 60.0% of the transcripts
[2023-12-12 15:46:59.524] [jointLog] [info] processed bias for 70.0% of the transcripts
[2023-12-12 15:47:00.087] [jointLog] [info] processed bias for 80.0% of the transcripts
[2023-12-12 15:47:00.588] [jointLog] [info] processed bias for 90.0% of the transcripts
[2023-12-12 15:47:01.194] [jointLog] [info] processed bias for 100.0% of the transcripts
[2023-12-12 15:47:01.682] [jointLog] [info] iteration = 100 | max rel diff. = 14.8284
[2023-12-12 15:47:02.220] [jointLog] [info] iteration = 200 | max rel diff. = 5.22903
[2023-12-12 15:47:02.759] [jointLog] [info] iteration = 300 | max rel diff. = 1.17359
[2023-12-12 15:47:03.300] [jointLog] [info] iteration = 400 | max rel diff. = 0.464098
[2023-12-12 15:47:03.839] [jointLog] [info] iteration = 500 | max rel diff. = 0.202417
[2023-12-12 15:47:04.381] [jointLog] [info] iteration = 600 | max rel diff. = 0.528381
[2023-12-12 15:47:04.918] [jointLog] [info] iteration = 700 | max rel diff. = 0.107279
[2023-12-12 15:47:05.458] [jointLog] [info] iteration = 800 | max rel diff. = 0.244441
[2023-12-12 15:47:05.998] [jointLog] [info] iteration = 900 | max rel diff. = 0.0334664
[2023-12-12 15:47:06.543] [jointLog] [info] iteration = 1,000 | max rel diff. = 0.0603906
[2023-12-12 15:47:07.084] [jointLog] [info] iteration = 1,100 | max rel diff. = 0.493485
[2023-12-12 15:47:07.563] [jointLog] [info] iteration = 1,189 | max rel diff. = 0.00743523
[2023-12-12 15:47:07.569] [jointLog] [info] Finished optimizer
[2023-12-12 15:47:07.569] [jointLog] [info] writing output 

