[2024-12-12 16:28:13.871] [jointLog] [info] setting maxHashResizeThreads to 15
[2024-12-12 16:28:13.871] [jointLog] [info] Fragment incompatibility prior below threshold.  Incompatible fragments will be ignored.
[2024-12-12 16:28:13.871] [jointLog] [info] Usage of --validateMappings implies use of minScoreFraction. Since not explicitly specified, it is being set to 0.65
[2024-12-12 16:28:13.871] [jointLog] [info] Setting consensusSlack to selective-alignment default of 0.35.
[2024-12-12 16:28:13.871] [jointLog] [info] parsing read library format
[2024-12-12 16:28:13.871] [jointLog] [info] There is 1 library.
[2024-12-12 16:28:13.871] [jointLog] [info] Loading pufferfish index
[2024-12-12 16:28:13.871] [jointLog] [info] Loading dense pufferfish index.
[2024-12-12 16:28:23.850] [jointLog] [info] done
[2024-12-12 16:28:23.867] [jointLog] [info] Index contained 147,865 targets
[2024-12-12 16:28:24.420] [jointLog] [info] Number of decoys : 61
[2024-12-12 16:28:24.420] [jointLog] [info] First decoy index : 147,765 
[2024-12-12 16:29:14.903] [jointLog] [info] Thread saw mini-batch with a maximum of 0.56% zero probability fragments
[2024-12-12 16:29:14.906] [jointLog] [info] Thread saw mini-batch with a maximum of 0.54% zero probability fragments
[2024-12-12 16:29:14.907] [jointLog] [info] Thread saw mini-batch with a maximum of 0.64% zero probability fragments
[2024-12-12 16:29:14.916] [jointLog] [info] Thread saw mini-batch with a maximum of 0.52% zero probability fragments
[2024-12-12 16:29:14.923] [jointLog] [info] Thread saw mini-batch with a maximum of 0.64% zero probability fragments
[2024-12-12 16:29:14.931] [jointLog] [info] Thread saw mini-batch with a maximum of 0.56% zero probability fragments
[2024-12-12 16:29:14.942] [jointLog] [info] Thread saw mini-batch with a maximum of 0.58% zero probability fragments
[2024-12-12 16:29:14.943] [jointLog] [info] Thread saw mini-batch with a maximum of 0.56% zero probability fragments
[2024-12-12 16:29:14.944] [jointLog] [info] Thread saw mini-batch with a maximum of 0.66% zero probability fragments
[2024-12-12 16:29:14.956] [jointLog] [info] Thread saw mini-batch with a maximum of 0.62% zero probability fragments
[2024-12-12 16:29:14.973] [jointLog] [info] Thread saw mini-batch with a maximum of 0.68% zero probability fragments
[2024-12-12 16:29:14.978] [jointLog] [info] Thread saw mini-batch with a maximum of 0.54% zero probability fragments
[2024-12-12 16:29:14.983] [jointLog] [info] Thread saw mini-batch with a maximum of 0.64% zero probability fragments
[2024-12-12 16:29:14.990] [jointLog] [info] Thread saw mini-batch with a maximum of 0.60% zero probability fragments
[2024-12-12 16:29:14.991] [jointLog] [info] Thread saw mini-batch with a maximum of 0.58% zero probability fragments
[2024-12-12 16:29:15.058] [jointLog] [info] Computed 242,691 rich equivalence classes for further processing
[2024-12-12 16:29:15.058] [jointLog] [info] Counted 20,607,459 total reads in the equivalence classes 
[2024-12-12 16:29:15.063] [jointLog] [info] Number of mappings discarded because of alignment score : 10,949,689
[2024-12-12 16:29:15.063] [jointLog] [info] Number of fragments entirely discarded because of alignment score : 986,090
[2024-12-12 16:29:15.063] [jointLog] [info] Number of fragments discarded because they are best-mapped to decoys : 715,893
[2024-12-12 16:29:15.063] [jointLog] [info] Number of fragments discarded because they have only dovetail (discordant) mappings to valid targets : 551,396
[2024-12-12 16:29:15.063] [jointLog] [info] Mapping rate = 90.5355%

[2024-12-12 16:29:15.063] [jointLog] [info] finished quantifyLibrary()
[2024-12-12 16:29:15.063] [jointLog] [info] Starting optimizer
[2024-12-12 16:29:15.089] [jointLog] [info] Marked 0 weighted equivalence classes as degenerate
[2024-12-12 16:29:15.092] [jointLog] [info] iteration = 0 | max rel diff. = 8039.89
[2024-12-12 16:29:15.129] [jointLog] [info] iteration 11, adjusting effective lengths to account for biases
[2024-12-12 16:29:15.058] [fileLog] [info] 
At end of round 0
==================
Observed 22761754 total fragments (22761754 in most recent round)

[2024-12-12 16:29:19.180] [jointLog] [info] Computed expected counts (for bias correction)
[2024-12-12 16:29:19.180] [jointLog] [info] processed bias for 0.0% of the transcripts
[2024-12-12 16:29:19.445] [jointLog] [info] processed bias for 10.0% of the transcripts
[2024-12-12 16:29:19.730] [jointLog] [info] processed bias for 20.0% of the transcripts
[2024-12-12 16:29:20.010] [jointLog] [info] processed bias for 30.0% of the transcripts
[2024-12-12 16:29:20.311] [jointLog] [info] processed bias for 40.0% of the transcripts
[2024-12-12 16:29:20.598] [jointLog] [info] processed bias for 50.0% of the transcripts
[2024-12-12 16:29:20.887] [jointLog] [info] processed bias for 60.0% of the transcripts
[2024-12-12 16:29:21.178] [jointLog] [info] processed bias for 70.0% of the transcripts
[2024-12-12 16:29:21.444] [jointLog] [info] processed bias for 80.0% of the transcripts
[2024-12-12 16:29:21.720] [jointLog] [info] processed bias for 90.2% of the transcripts
[2024-12-12 16:29:21.975] [jointLog] [info] processed bias for 100.0% of the transcripts
[2024-12-12 16:29:22.271] [jointLog] [info] iteration = 100 | max rel diff. = 17.0246
[2024-12-12 16:29:22.592] [jointLog] [info] iteration = 200 | max rel diff. = 18.5244
[2024-12-12 16:29:22.913] [jointLog] [info] iteration = 300 | max rel diff. = 0.782903
[2024-12-12 16:29:23.231] [jointLog] [info] iteration = 400 | max rel diff. = 15.0615
[2024-12-12 16:29:23.552] [jointLog] [info] iteration = 500 | max rel diff. = 0.152484
[2024-12-12 16:29:23.867] [jointLog] [info] iteration = 600 | max rel diff. = 0.0905622
[2024-12-12 16:29:24.183] [jointLog] [info] iteration = 700 | max rel diff. = 0.170311
[2024-12-12 16:29:24.499] [jointLog] [info] iteration = 800 | max rel diff. = 0.114394
[2024-12-12 16:29:24.815] [jointLog] [info] iteration = 900 | max rel diff. = 0.11627
[2024-12-12 16:29:25.129] [jointLog] [info] iteration = 1,000 | max rel diff. = 0.266248
[2024-12-12 16:29:25.442] [jointLog] [info] iteration = 1,100 | max rel diff. = 0.144544
[2024-12-12 16:29:25.754] [jointLog] [info] iteration = 1,200 | max rel diff. = 0.336105
[2024-12-12 16:29:26.057] [jointLog] [info] iteration = 1,297 | max rel diff. = 0.00919698
[2024-12-12 16:29:26.059] [jointLog] [info] Finished optimizer
[2024-12-12 16:29:26.059] [jointLog] [info] writing output 

