[2023-12-12 19:33:20.560] [jointLog] [info] setting maxHashResizeThreads to 10
[2023-12-12 19:33:20.560] [jointLog] [info] Fragment incompatibility prior below threshold.  Incompatible fragments will be ignored.
[2023-12-12 19:33:20.560] [jointLog] [info] Usage of --validateMappings implies use of minScoreFraction. Since not explicitly specified, it is being set to 0.65
[2023-12-12 19:33:20.560] [jointLog] [info] Setting consensusSlack to selective-alignment default of 0.35.
[2023-12-12 19:33:20.560] [jointLog] [info] parsing read library format
[2023-12-12 19:33:20.560] [jointLog] [info] There is 1 library.
[2023-12-12 19:33:20.560] [jointLog] [info] Loading pufferfish index
[2023-12-12 19:33:20.561] [jointLog] [info] Loading dense pufferfish index.
[2023-12-12 19:33:30.295] [jointLog] [info] done
[2023-12-12 19:33:30.313] [jointLog] [info] Index contained 147,865 targets
[2023-12-12 19:33:30.765] [jointLog] [info] Number of decoys : 61
[2023-12-12 19:33:30.765] [jointLog] [info] First decoy index : 147,765 
[2023-12-12 19:33:31.066] [jointLog] [info] Automatically detected most likely library type as ISR

[2023-12-12 19:37:20.574] [jointLog] [info] Thread saw mini-batch with a maximum of 4.44% zero probability fragments
[2023-12-12 19:37:20.574] [jointLog] [info] Thread saw mini-batch with a maximum of 4.56% zero probability fragments
[2023-12-12 19:37:20.577] [jointLog] [info] Thread saw mini-batch with a maximum of 5.32% zero probability fragments
[2023-12-12 19:37:20.581] [jointLog] [info] Thread saw mini-batch with a maximum of 4.60% zero probability fragments
[2023-12-12 19:37:20.599] [jointLog] [info] Thread saw mini-batch with a maximum of 4.64% zero probability fragments
[2023-12-12 19:37:20.627] [jointLog] [info] Thread saw mini-batch with a maximum of 4.74% zero probability fragments
[2023-12-12 19:37:20.630] [jointLog] [info] Thread saw mini-batch with a maximum of 4.56% zero probability fragments
[2023-12-12 19:37:20.658] [jointLog] [info] Thread saw mini-batch with a maximum of 4.58% zero probability fragments
[2023-12-12 19:37:20.684] [jointLog] [info] Thread saw mini-batch with a maximum of 4.72% zero probability fragments
[2023-12-12 19:37:20.717] [jointLog] [info] Thread saw mini-batch with a maximum of 4.56% zero probability fragments
[2023-12-12 19:37:20.783] [fileLog] [info] 
At end of round 0
==================
Observed 47520094 total fragments (47520094 in most recent round)

[2023-12-12 19:37:20.782] [jointLog] [info] Computed 239,800 rich equivalence classes for further processing
[2023-12-12 19:37:20.782] [jointLog] [info] Counted 39,110,234 total reads in the equivalence classes 
[2023-12-12 19:37:20.785] [jointLog] [info] Number of mappings discarded because of alignment score : 17,193,896
[2023-12-12 19:37:20.785] [jointLog] [info] Number of fragments entirely discarded because of alignment score : 2,536,244
[2023-12-12 19:37:20.785] [jointLog] [info] Number of fragments discarded because they are best-mapped to decoys : 1,990,151
[2023-12-12 19:37:20.785] [jointLog] [info] Number of fragments discarded because they have only dovetail (discordant) mappings to valid targets : 171,418
[2023-12-12 19:37:20.785] [jointLog] [info] Mapping rate = 82.3025%

[2023-12-12 19:37:20.785] [jointLog] [info] finished quantifyLibrary()
[2023-12-12 19:37:20.785] [jointLog] [info] Starting optimizer
[2023-12-12 19:37:20.810] [jointLog] [info] Marked 0 weighted equivalence classes as degenerate
[2023-12-12 19:37:20.815] [jointLog] [info] iteration = 0 | max rel diff. = 5733.57
[2023-12-12 19:37:20.869] [jointLog] [info] iteration 11, adjusting effective lengths to account for biases
[2023-12-12 19:37:26.516] [jointLog] [info] Computed expected counts (for bias correction)
[2023-12-12 19:37:26.516] [jointLog] [info] processed bias for 0.0% of the transcripts
[2023-12-12 19:37:27.003] [jointLog] [info] processed bias for 10.0% of the transcripts
[2023-12-12 19:37:27.509] [jointLog] [info] processed bias for 20.0% of the transcripts
[2023-12-12 19:37:28.051] [jointLog] [info] processed bias for 30.0% of the transcripts
[2023-12-12 19:37:28.527] [jointLog] [info] processed bias for 40.0% of the transcripts
[2023-12-12 19:37:29.038] [jointLog] [info] processed bias for 50.0% of the transcripts
[2023-12-12 19:37:29.541] [jointLog] [info] processed bias for 60.0% of the transcripts
[2023-12-12 19:37:30.064] [jointLog] [info] processed bias for 70.0% of the transcripts
[2023-12-12 19:37:30.593] [jointLog] [info] processed bias for 80.0% of the transcripts
[2023-12-12 19:37:31.139] [jointLog] [info] processed bias for 90.0% of the transcripts
[2023-12-12 19:37:31.688] [jointLog] [info] processed bias for 100.0% of the transcripts
[2023-12-12 19:37:32.173] [jointLog] [info] iteration = 100 | max rel diff. = 8.94377
[2023-12-12 19:37:32.713] [jointLog] [info] iteration = 200 | max rel diff. = 7.9159
[2023-12-12 19:37:33.249] [jointLog] [info] iteration = 300 | max rel diff. = 0.47818
[2023-12-12 19:37:33.790] [jointLog] [info] iteration = 400 | max rel diff. = 0.423669
[2023-12-12 19:37:34.327] [jointLog] [info] iteration = 500 | max rel diff. = 0.0689062
[2023-12-12 19:37:34.865] [jointLog] [info] iteration = 600 | max rel diff. = 0.144274
[2023-12-12 19:37:35.403] [jointLog] [info] iteration = 700 | max rel diff. = 1.65908
[2023-12-12 19:37:35.938] [jointLog] [info] iteration = 800 | max rel diff. = 0.939679
[2023-12-12 19:37:36.474] [jointLog] [info] iteration = 900 | max rel diff. = 0.0172888
[2023-12-12 19:37:37.016] [jointLog] [info] iteration = 1,000 | max rel diff. = 3.69836
[2023-12-12 19:37:37.135] [jointLog] [info] iteration = 1,023 | max rel diff. = 0.00930813
[2023-12-12 19:37:37.141] [jointLog] [info] Finished optimizer
[2023-12-12 19:37:37.141] [jointLog] [info] writing output 

