[2023-12-12 15:52:14.564] [jointLog] [info] setting maxHashResizeThreads to 10
[2023-12-12 15:52:14.564] [jointLog] [info] Fragment incompatibility prior below threshold.  Incompatible fragments will be ignored.
[2023-12-12 15:52:14.564] [jointLog] [info] Usage of --validateMappings implies use of minScoreFraction. Since not explicitly specified, it is being set to 0.65
[2023-12-12 15:52:14.564] [jointLog] [info] Setting consensusSlack to selective-alignment default of 0.35.
[2023-12-12 15:52:14.564] [jointLog] [info] parsing read library format
[2023-12-12 15:52:14.564] [jointLog] [info] There is 1 library.
[2023-12-12 15:52:14.564] [jointLog] [info] Loading pufferfish index
[2023-12-12 15:52:14.564] [jointLog] [info] Loading dense pufferfish index.
[2023-12-12 15:52:24.225] [jointLog] [info] done
[2023-12-12 15:52:24.242] [jointLog] [info] Index contained 147,865 targets
[2023-12-12 15:52:24.695] [jointLog] [info] Number of decoys : 61
[2023-12-12 15:52:24.695] [jointLog] [info] First decoy index : 147,765 
[2023-12-12 15:52:24.997] [jointLog] [info] Automatically detected most likely library type as ISR

[2023-12-12 15:57:44.731] [jointLog] [info] Thread saw mini-batch with a maximum of 6.28% zero probability fragments
[2023-12-12 15:57:44.731] [jointLog] [info] Thread saw mini-batch with a maximum of 6.32% zero probability fragments
[2023-12-12 15:57:44.732] [jointLog] [info] Thread saw mini-batch with a maximum of 6.50% zero probability fragments
[2023-12-12 15:57:44.750] [jointLog] [info] Thread saw mini-batch with a maximum of 6.52% zero probability fragments
[2023-12-12 15:57:44.779] [jointLog] [info] Thread saw mini-batch with a maximum of 6.60% zero probability fragments
[2023-12-12 15:57:44.797] [jointLog] [info] Thread saw mini-batch with a maximum of 6.42% zero probability fragments
[2023-12-12 15:57:44.803] [jointLog] [info] Thread saw mini-batch with a maximum of 6.40% zero probability fragments
[2023-12-12 15:57:44.825] [jointLog] [info] Thread saw mini-batch with a maximum of 6.12% zero probability fragments
[2023-12-12 15:57:44.835] [jointLog] [info] Thread saw mini-batch with a maximum of 6.32% zero probability fragments
[2023-12-12 15:57:44.853] [jointLog] [info] Thread saw mini-batch with a maximum of 6.34% zero probability fragments
[2023-12-12 15:57:44.910] [jointLog] [info] Computed 249,878 rich equivalence classes for further processing
[2023-12-12 15:57:44.910] [jointLog] [info] Counted 48,699,250 total reads in the equivalence classes 
[2023-12-12 15:57:44.913] [jointLog] [info] Number of mappings discarded because of alignment score : 27,980,027
[2023-12-12 15:57:44.913] [jointLog] [info] Number of fragments entirely discarded because of alignment score : 4,660,122
[2023-12-12 15:57:44.913] [jointLog] [info] Number of fragments discarded because they are best-mapped to decoys : 3,542,194
[2023-12-12 15:57:44.913] [jointLog] [info] Number of fragments discarded because they have only dovetail (discordant) mappings to valid targets : 236,677
[2023-12-12 15:57:44.913] [jointLog] [info] Mapping rate = 75.4419%

[2023-12-12 15:57:44.913] [jointLog] [info] finished quantifyLibrary()
[2023-12-12 15:57:44.913] [jointLog] [info] Starting optimizer
[2023-12-12 15:57:44.939] [jointLog] [info] Marked 0 weighted equivalence classes as degenerate
[2023-12-12 15:57:44.944] [jointLog] [info] iteration = 0 | max rel diff. = 852.267
[2023-12-12 15:57:44.999] [jointLog] [info] iteration 11, adjusting effective lengths to account for biases
[2023-12-12 15:57:44.911] [fileLog] [info] 
At end of round 0
==================
Observed 64551953 total fragments (64551953 in most recent round)

[2023-12-12 15:57:50.634] [jointLog] [info] Computed expected counts (for bias correction)
[2023-12-12 15:57:50.634] [jointLog] [info] processed bias for 0.0% of the transcripts
[2023-12-12 15:57:51.116] [jointLog] [info] processed bias for 10.0% of the transcripts
[2023-12-12 15:57:51.651] [jointLog] [info] processed bias for 20.0% of the transcripts
[2023-12-12 15:57:52.211] [jointLog] [info] processed bias for 30.0% of the transcripts
[2023-12-12 15:57:52.724] [jointLog] [info] processed bias for 40.0% of the transcripts
[2023-12-12 15:57:53.272] [jointLog] [info] processed bias for 50.0% of the transcripts
[2023-12-12 15:57:53.787] [jointLog] [info] processed bias for 60.0% of the transcripts
[2023-12-12 15:57:54.287] [jointLog] [info] processed bias for 70.0% of the transcripts
[2023-12-12 15:57:54.775] [jointLog] [info] processed bias for 80.0% of the transcripts
[2023-12-12 15:57:55.270] [jointLog] [info] processed bias for 90.0% of the transcripts
[2023-12-12 15:57:55.762] [jointLog] [info] processed bias for 100.0% of the transcripts
[2023-12-12 15:57:56.262] [jointLog] [info] iteration = 100 | max rel diff. = 7.5511
[2023-12-12 15:57:56.811] [jointLog] [info] iteration = 200 | max rel diff. = 2.60017
[2023-12-12 15:57:57.360] [jointLog] [info] iteration = 300 | max rel diff. = 0.186642
[2023-12-12 15:57:57.912] [jointLog] [info] iteration = 400 | max rel diff. = 0.449097
[2023-12-12 15:57:58.458] [jointLog] [info] iteration = 500 | max rel diff. = 0.31233
[2023-12-12 15:57:59.005] [jointLog] [info] iteration = 600 | max rel diff. = 17.6978
[2023-12-12 15:57:59.554] [jointLog] [info] iteration = 700 | max rel diff. = 0.0916979
[2023-12-12 15:58:00.101] [jointLog] [info] iteration = 800 | max rel diff. = 0.0537318
[2023-12-12 15:58:00.649] [jointLog] [info] iteration = 900 | max rel diff. = 0.0750417
[2023-12-12 15:58:01.194] [jointLog] [info] iteration = 1,000 | max rel diff. = 0.0768423
[2023-12-12 15:58:01.527] [jointLog] [info] iteration = 1,062 | max rel diff. = 0.00581719
[2023-12-12 15:58:01.533] [jointLog] [info] Finished optimizer
[2023-12-12 15:58:01.533] [jointLog] [info] writing output 

