[2023-12-12 22:12:17.278] [jointLog] [info] setting maxHashResizeThreads to 10
[2023-12-12 22:12:17.278] [jointLog] [info] Fragment incompatibility prior below threshold.  Incompatible fragments will be ignored.
[2023-12-12 22:12:17.278] [jointLog] [info] Usage of --validateMappings implies use of minScoreFraction. Since not explicitly specified, it is being set to 0.65
[2023-12-12 22:12:17.278] [jointLog] [info] Setting consensusSlack to selective-alignment default of 0.35.
[2023-12-12 22:12:17.278] [jointLog] [info] parsing read library format
[2023-12-12 22:12:17.278] [jointLog] [info] There is 1 library.
[2023-12-12 22:12:17.278] [jointLog] [info] Loading pufferfish index
[2023-12-12 22:12:17.278] [jointLog] [info] Loading dense pufferfish index.
[2023-12-12 22:12:27.114] [jointLog] [info] done
[2023-12-12 22:12:27.131] [jointLog] [info] Index contained 147,865 targets
[2023-12-12 22:12:27.581] [jointLog] [info] Number of decoys : 61
[2023-12-12 22:12:27.581] [jointLog] [info] First decoy index : 147,765 
[2023-12-12 22:12:27.926] [jointLog] [info] Automatically detected most likely library type as ISR

[2023-12-12 22:17:01.407] [fileLog] [info] 
At end of round 0
==================
Observed 53164238 total fragments (53164238 in most recent round)

[2023-12-12 22:17:01.194] [jointLog] [info] Thread saw mini-batch with a maximum of 3.94% zero probability fragments
[2023-12-12 22:17:01.194] [jointLog] [info] Thread saw mini-batch with a maximum of 3.78% zero probability fragments
[2023-12-12 22:17:01.202] [jointLog] [info] Thread saw mini-batch with a maximum of 3.96% zero probability fragments
[2023-12-12 22:17:01.214] [jointLog] [info] Thread saw mini-batch with a maximum of 3.84% zero probability fragments
[2023-12-12 22:17:01.234] [jointLog] [info] Thread saw mini-batch with a maximum of 3.90% zero probability fragments
[2023-12-12 22:17:01.254] [jointLog] [info] Thread saw mini-batch with a maximum of 3.86% zero probability fragments
[2023-12-12 22:17:01.277] [jointLog] [info] Thread saw mini-batch with a maximum of 4.10% zero probability fragments
[2023-12-12 22:17:01.309] [jointLog] [info] Thread saw mini-batch with a maximum of 3.96% zero probability fragments
[2023-12-12 22:17:01.321] [jointLog] [info] Thread saw mini-batch with a maximum of 3.84% zero probability fragments
[2023-12-12 22:17:01.345] [jointLog] [info] Thread saw mini-batch with a maximum of 3.90% zero probability fragments
[2023-12-12 22:17:01.407] [jointLog] [info] Computed 219,369 rich equivalence classes for further processing
[2023-12-12 22:17:01.407] [jointLog] [info] Counted 34,613,339 total reads in the equivalence classes 
[2023-12-12 22:17:01.409] [jointLog] [info] Number of mappings discarded because of alignment score : 13,849,765
[2023-12-12 22:17:01.409] [jointLog] [info] Number of fragments entirely discarded because of alignment score : 4,104,238
[2023-12-12 22:17:01.409] [jointLog] [info] Number of fragments discarded because they are best-mapped to decoys : 3,368,036
[2023-12-12 22:17:01.409] [jointLog] [info] Number of fragments discarded because they have only dovetail (discordant) mappings to valid targets : 146,130
[2023-12-12 22:17:01.409] [jointLog] [info] Mapping rate = 65.1064%

[2023-12-12 22:17:01.409] [jointLog] [info] finished quantifyLibrary()
[2023-12-12 22:17:01.409] [jointLog] [info] Starting optimizer
[2023-12-12 22:17:02.487] [jointLog] [info] Marked 0 weighted equivalence classes as degenerate
[2023-12-12 22:17:02.492] [jointLog] [info] iteration = 0 | max rel diff. = 7147.53
[2023-12-12 22:17:02.544] [jointLog] [info] iteration 11, adjusting effective lengths to account for biases
[2023-12-12 22:17:07.743] [jointLog] [info] Computed expected counts (for bias correction)
[2023-12-12 22:17:07.743] [jointLog] [info] processed bias for 0.0% of the transcripts
[2023-12-12 22:17:08.196] [jointLog] [info] processed bias for 10.0% of the transcripts
[2023-12-12 22:17:08.688] [jointLog] [info] processed bias for 20.0% of the transcripts
[2023-12-12 22:17:09.159] [jointLog] [info] processed bias for 30.0% of the transcripts
[2023-12-12 22:17:09.649] [jointLog] [info] processed bias for 40.0% of the transcripts
[2023-12-12 22:17:10.091] [jointLog] [info] processed bias for 50.0% of the transcripts
[2023-12-12 22:17:10.572] [jointLog] [info] processed bias for 60.0% of the transcripts
[2023-12-12 22:17:11.044] [jointLog] [info] processed bias for 70.0% of the transcripts
[2023-12-12 22:17:11.510] [jointLog] [info] processed bias for 80.0% of the transcripts
[2023-12-12 22:17:11.981] [jointLog] [info] processed bias for 90.0% of the transcripts
[2023-12-12 22:17:12.511] [jointLog] [info] processed bias for 100.0% of the transcripts
[2023-12-12 22:17:12.515] [jointLog] [info] processed bias for 100.0% of the transcripts
[2023-12-12 22:17:12.988] [jointLog] [info] iteration = 100 | max rel diff. = 19.9936
[2023-12-12 22:17:13.510] [jointLog] [info] iteration = 200 | max rel diff. = 3.44947
[2023-12-12 22:17:14.034] [jointLog] [info] iteration = 300 | max rel diff. = 3.32381
[2023-12-12 22:17:14.559] [jointLog] [info] iteration = 400 | max rel diff. = 7.7739
[2023-12-12 22:17:15.082] [jointLog] [info] iteration = 500 | max rel diff. = 0.352382
[2023-12-12 22:17:15.607] [jointLog] [info] iteration = 600 | max rel diff. = 0.0744733
[2023-12-12 22:17:16.129] [jointLog] [info] iteration = 700 | max rel diff. = 0.264414
[2023-12-12 22:17:16.650] [jointLog] [info] iteration = 800 | max rel diff. = 0.401704
[2023-12-12 22:17:17.173] [jointLog] [info] iteration = 900 | max rel diff. = 0.0629898
[2023-12-12 22:17:17.695] [jointLog] [info] iteration = 1,000 | max rel diff. = 0.546574
[2023-12-12 22:17:18.217] [jointLog] [info] iteration = 1,100 | max rel diff. = 0.0360575
[2023-12-12 22:17:18.739] [jointLog] [info] iteration = 1,200 | max rel diff. = 2.69478
[2023-12-12 22:17:19.262] [jointLog] [info] iteration = 1,300 | max rel diff. = 0.0572032
[2023-12-12 22:17:19.784] [jointLog] [info] iteration = 1,400 | max rel diff. = 1.58142
[2023-12-12 22:17:20.151] [jointLog] [info] iteration = 1,471 | max rel diff. = 0.00676206
[2023-12-12 22:17:20.157] [jointLog] [info] Finished optimizer
[2023-12-12 22:17:20.157] [jointLog] [info] writing output 

