[2023-12-12 16:02:44.393] [jointLog] [info] setting maxHashResizeThreads to 10
[2023-12-12 16:02:44.393] [jointLog] [info] Fragment incompatibility prior below threshold.  Incompatible fragments will be ignored.
[2023-12-12 16:02:44.393] [jointLog] [info] Usage of --validateMappings implies use of minScoreFraction. Since not explicitly specified, it is being set to 0.65
[2023-12-12 16:02:44.393] [jointLog] [info] Setting consensusSlack to selective-alignment default of 0.35.
[2023-12-12 16:02:44.393] [jointLog] [info] parsing read library format
[2023-12-12 16:02:44.393] [jointLog] [info] There is 1 library.
[2023-12-12 16:02:44.394] [jointLog] [info] Loading pufferfish index
[2023-12-12 16:02:44.394] [jointLog] [info] Loading dense pufferfish index.
[2023-12-12 16:02:54.071] [jointLog] [info] done
[2023-12-12 16:02:54.088] [jointLog] [info] Index contained 147,865 targets
[2023-12-12 16:02:54.537] [jointLog] [info] Number of decoys : 61
[2023-12-12 16:02:54.537] [jointLog] [info] First decoy index : 147,765 
[2023-12-12 16:02:54.817] [jointLog] [info] Automatically detected most likely library type as ISR

[2023-12-12 16:06:34.002] [jointLog] [info] Thread saw mini-batch with a maximum of 6.62% zero probability fragments
[2023-12-12 16:06:34.002] [jointLog] [info] Thread saw mini-batch with a maximum of 6.64% zero probability fragments
[2023-12-12 16:06:34.002] [jointLog] [info] Thread saw mini-batch with a maximum of 6.54% zero probability fragments
[2023-12-12 16:06:34.003] [jointLog] [info] Thread saw mini-batch with a maximum of 6.58% zero probability fragments
[2023-12-12 16:06:34.023] [jointLog] [info] Thread saw mini-batch with a maximum of 6.70% zero probability fragments
[2023-12-12 16:06:34.053] [jointLog] [info] Thread saw mini-batch with a maximum of 6.50% zero probability fragments
[2023-12-12 16:06:34.062] [jointLog] [info] Thread saw mini-batch with a maximum of 6.46% zero probability fragments
[2023-12-12 16:06:34.072] [jointLog] [info] Thread saw mini-batch with a maximum of 6.52% zero probability fragments
[2023-12-12 16:06:34.083] [jointLog] [info] Thread saw mini-batch with a maximum of 6.64% zero probability fragments
[2023-12-12 16:06:34.127] [jointLog] [info] Thread saw mini-batch with a maximum of 6.42% zero probability fragments
[2023-12-12 16:06:34.190] [jointLog] [info] Computed 197,805 rich equivalence classes for further processing
[2023-12-12 16:06:34.190] [jointLog] [info] Counted 34,594,604 total reads in the equivalence classes 
[2023-12-12 16:06:34.192] [jointLog] [info] Number of mappings discarded because of alignment score : 20,835,864
[2023-12-12 16:06:34.192] [jointLog] [info] Number of fragments entirely discarded because of alignment score : 3,093,197
[2023-12-12 16:06:34.192] [jointLog] [info] Number of fragments discarded because they are best-mapped to decoys : 2,398,924
[2023-12-12 16:06:34.192] [jointLog] [info] Number of fragments discarded because they have only dovetail (discordant) mappings to valid targets : 169,559
[2023-12-12 16:06:34.192] [jointLog] [info] Mapping rate = 77.1558%

[2023-12-12 16:06:34.192] [jointLog] [info] finished quantifyLibrary()
[2023-12-12 16:06:34.192] [jointLog] [info] Starting optimizer
[2023-12-12 16:06:34.215] [jointLog] [info] Marked 0 weighted equivalence classes as degenerate
[2023-12-12 16:06:34.220] [jointLog] [info] iteration = 0 | max rel diff. = 7209.07
[2023-12-12 16:06:34.272] [jointLog] [info] iteration 11, adjusting effective lengths to account for biases
[2023-12-12 16:06:34.190] [fileLog] [info] 
At end of round 0
==================
Observed 44837327 total fragments (44837327 in most recent round)

[2023-12-12 16:06:39.508] [jointLog] [info] Computed expected counts (for bias correction)
[2023-12-12 16:06:39.508] [jointLog] [info] processed bias for 0.0% of the transcripts
[2023-12-12 16:06:39.944] [jointLog] [info] processed bias for 10.0% of the transcripts
[2023-12-12 16:06:40.452] [jointLog] [info] processed bias for 20.0% of the transcripts
[2023-12-12 16:06:40.962] [jointLog] [info] processed bias for 30.0% of the transcripts
[2023-12-12 16:06:41.450] [jointLog] [info] processed bias for 40.0% of the transcripts
[2023-12-12 16:06:41.948] [jointLog] [info] processed bias for 50.0% of the transcripts
[2023-12-12 16:06:42.396] [jointLog] [info] processed bias for 60.0% of the transcripts
[2023-12-12 16:06:42.891] [jointLog] [info] processed bias for 70.0% of the transcripts
[2023-12-12 16:06:43.344] [jointLog] [info] processed bias for 80.0% of the transcripts
[2023-12-12 16:06:43.831] [jointLog] [info] processed bias for 90.0% of the transcripts
[2023-12-12 16:06:44.290] [jointLog] [info] processed bias for 100.0% of the transcripts
[2023-12-12 16:06:44.291] [jointLog] [info] processed bias for 100.0% of the transcripts
[2023-12-12 16:06:44.759] [jointLog] [info] iteration = 100 | max rel diff. = 7.38669
[2023-12-12 16:06:45.274] [jointLog] [info] iteration = 200 | max rel diff. = 4.49271
[2023-12-12 16:06:45.788] [jointLog] [info] iteration = 300 | max rel diff. = 10.9427
[2023-12-12 16:06:46.301] [jointLog] [info] iteration = 400 | max rel diff. = 0.954
[2023-12-12 16:06:46.814] [jointLog] [info] iteration = 500 | max rel diff. = 0.070306
[2023-12-12 16:06:47.327] [jointLog] [info] iteration = 600 | max rel diff. = 2.83039
[2023-12-12 16:06:47.840] [jointLog] [info] iteration = 700 | max rel diff. = 0.308676
[2023-12-12 16:06:48.357] [jointLog] [info] iteration = 800 | max rel diff. = 0.0606634
[2023-12-12 16:06:48.870] [jointLog] [info] iteration = 900 | max rel diff. = 14.2367
[2023-12-12 16:06:49.386] [jointLog] [info] iteration = 1,000 | max rel diff. = 0.179756
[2023-12-12 16:06:49.904] [jointLog] [info] iteration = 1,100 | max rel diff. = 0.0722844
[2023-12-12 16:06:49.982] [jointLog] [info] iteration = 1,116 | max rel diff. = 0.00649609
[2023-12-12 16:06:49.988] [jointLog] [info] Finished optimizer
[2023-12-12 16:06:49.988] [jointLog] [info] writing output 

