[2023-12-12 17:59:47.313] [jointLog] [info] setting maxHashResizeThreads to 10
[2023-12-12 17:59:47.313] [jointLog] [info] Fragment incompatibility prior below threshold.  Incompatible fragments will be ignored.
[2023-12-12 17:59:47.313] [jointLog] [info] Usage of --validateMappings implies use of minScoreFraction. Since not explicitly specified, it is being set to 0.65
[2023-12-12 17:59:47.313] [jointLog] [info] Setting consensusSlack to selective-alignment default of 0.35.
[2023-12-12 17:59:47.313] [jointLog] [info] parsing read library format
[2023-12-12 17:59:47.313] [jointLog] [info] There is 1 library.
[2023-12-12 17:59:47.313] [jointLog] [info] Loading pufferfish index
[2023-12-12 17:59:47.313] [jointLog] [info] Loading dense pufferfish index.
[2023-12-12 17:59:57.034] [jointLog] [info] done
[2023-12-12 17:59:57.052] [jointLog] [info] Index contained 147,865 targets
[2023-12-12 17:59:57.512] [jointLog] [info] Number of decoys : 61
[2023-12-12 17:59:57.512] [jointLog] [info] First decoy index : 147,765 
[2023-12-12 17:59:57.937] [jointLog] [info] Automatically detected most likely library type as ISR

[2023-12-12 18:03:49.991] [jointLog] [info] Thread saw mini-batch with a maximum of 4.66% zero probability fragments
[2023-12-12 18:03:50.003] [jointLog] [info] Thread saw mini-batch with a maximum of 4.98% zero probability fragments
[2023-12-12 18:03:50.017] [jointLog] [info] Thread saw mini-batch with a maximum of 4.74% zero probability fragments
[2023-12-12 18:03:50.029] [jointLog] [info] Thread saw mini-batch with a maximum of 4.64% zero probability fragments
[2023-12-12 18:03:50.055] [jointLog] [info] Thread saw mini-batch with a maximum of 4.76% zero probability fragments
[2023-12-12 18:03:50.096] [jointLog] [info] Thread saw mini-batch with a maximum of 4.54% zero probability fragments
[2023-12-12 18:03:50.101] [jointLog] [info] Thread saw mini-batch with a maximum of 4.66% zero probability fragments
[2023-12-12 18:03:50.123] [jointLog] [info] Thread saw mini-batch with a maximum of 4.88% zero probability fragments
[2023-12-12 18:03:50.145] [jointLog] [info] Thread saw mini-batch with a maximum of 4.76% zero probability fragments
[2023-12-12 18:03:50.190] [jointLog] [info] Thread saw mini-batch with a maximum of 4.62% zero probability fragments
[2023-12-12 18:03:50.250] [jointLog] [info] Computed 232,319 rich equivalence classes for further processing
[2023-12-12 18:03:50.250] [jointLog] [info] Counted 23,084,780 total reads in the equivalence classes 
[2023-12-12 18:03:50.252] [jointLog] [info] Number of mappings discarded because of alignment score : 11,830,804
[2023-12-12 18:03:50.252] [jointLog] [info] Number of fragments entirely discarded because of alignment score : 4,382,466
[2023-12-12 18:03:50.252] [jointLog] [info] Number of fragments discarded because they are best-mapped to decoys : 3,584,560
[2023-12-12 18:03:50.252] [jointLog] [info] Number of fragments discarded because they have only dovetail (discordant) mappings to valid targets : 224,771
[2023-12-12 18:03:50.252] [jointLog] [info] Mapping rate = 55.9684%

[2023-12-12 18:03:50.252] [jointLog] [info] finished quantifyLibrary()
[2023-12-12 18:03:50.252] [jointLog] [info] Starting optimizer
[2023-12-12 18:03:50.277] [jointLog] [info] Marked 0 weighted equivalence classes as degenerate
[2023-12-12 18:03:50.282] [jointLog] [info] iteration = 0 | max rel diff. = 8375.22
[2023-12-12 18:03:50.336] [jointLog] [info] iteration 11, adjusting effective lengths to account for biases
[2023-12-12 18:03:50.250] [fileLog] [info] 
At end of round 0
==================
Observed 41246099 total fragments (41246099 in most recent round)

[2023-12-12 18:03:56.681] [jointLog] [info] Computed expected counts (for bias correction)
[2023-12-12 18:03:56.681] [jointLog] [info] processed bias for 0.0% of the transcripts
[2023-12-12 18:03:57.253] [jointLog] [info] processed bias for 10.0% of the transcripts
[2023-12-12 18:03:57.863] [jointLog] [info] processed bias for 20.0% of the transcripts
[2023-12-12 18:03:58.461] [jointLog] [info] processed bias for 30.0% of the transcripts
[2023-12-12 18:03:59.037] [jointLog] [info] processed bias for 40.0% of the transcripts
[2023-12-12 18:03:59.648] [jointLog] [info] processed bias for 50.0% of the transcripts
[2023-12-12 18:04:00.249] [jointLog] [info] processed bias for 60.0% of the transcripts
[2023-12-12 18:04:00.818] [jointLog] [info] processed bias for 70.0% of the transcripts
[2023-12-12 18:04:01.394] [jointLog] [info] processed bias for 80.0% of the transcripts
[2023-12-12 18:04:01.906] [jointLog] [info] processed bias for 90.0% of the transcripts
[2023-12-12 18:04:02.478] [jointLog] [info] processed bias for 100.0% of the transcripts
[2023-12-12 18:04:02.478] [jointLog] [info] processed bias for 100.0% of the transcripts
[2023-12-12 18:04:02.964] [jointLog] [info] iteration = 100 | max rel diff. = 17.7752
[2023-12-12 18:04:03.496] [jointLog] [info] iteration = 200 | max rel diff. = 6.60384
[2023-12-12 18:04:04.033] [jointLog] [info] iteration = 300 | max rel diff. = 7.71375
[2023-12-12 18:04:04.566] [jointLog] [info] iteration = 400 | max rel diff. = 1.34591
[2023-12-12 18:04:05.106] [jointLog] [info] iteration = 500 | max rel diff. = 0.376487
[2023-12-12 18:04:05.641] [jointLog] [info] iteration = 600 | max rel diff. = 0.329341
[2023-12-12 18:04:06.172] [jointLog] [info] iteration = 700 | max rel diff. = 0.121678
[2023-12-12 18:04:06.705] [jointLog] [info] iteration = 800 | max rel diff. = 0.274017
[2023-12-12 18:04:07.236] [jointLog] [info] iteration = 900 | max rel diff. = 0.790574
[2023-12-12 18:04:07.769] [jointLog] [info] iteration = 1,000 | max rel diff. = 0.0462109
[2023-12-12 18:04:08.295] [jointLog] [info] iteration = 1,100 | max rel diff. = 0.00929555
[2023-12-12 18:04:08.301] [jointLog] [info] Finished optimizer
[2023-12-12 18:04:08.301] [jointLog] [info] writing output 

