[2023-12-12 15:58:03.302] [jointLog] [info] setting maxHashResizeThreads to 10
[2023-12-12 15:58:03.302] [jointLog] [info] Fragment incompatibility prior below threshold.  Incompatible fragments will be ignored.
[2023-12-12 15:58:03.302] [jointLog] [info] Usage of --validateMappings implies use of minScoreFraction. Since not explicitly specified, it is being set to 0.65
[2023-12-12 15:58:03.302] [jointLog] [info] Setting consensusSlack to selective-alignment default of 0.35.
[2023-12-12 15:58:03.302] [jointLog] [info] parsing read library format
[2023-12-12 15:58:03.302] [jointLog] [info] There is 1 library.
[2023-12-12 15:58:03.302] [jointLog] [info] Loading pufferfish index
[2023-12-12 15:58:03.302] [jointLog] [info] Loading dense pufferfish index.
[2023-12-12 15:58:12.993] [jointLog] [info] done
[2023-12-12 15:58:13.011] [jointLog] [info] Index contained 147,865 targets
[2023-12-12 15:58:13.469] [jointLog] [info] Number of decoys : 61
[2023-12-12 15:58:13.469] [jointLog] [info] First decoy index : 147,765 
[2023-12-12 15:58:13.781] [jointLog] [info] Automatically detected most likely library type as ISR

[2023-12-12 16:02:26.367] [jointLog] [info] Thread saw mini-batch with a maximum of 6.78% zero probability fragments
[2023-12-12 16:02:26.368] [jointLog] [info] Thread saw mini-batch with a maximum of 6.78% zero probability fragments
[2023-12-12 16:02:26.368] [jointLog] [info] Thread saw mini-batch with a maximum of 6.80% zero probability fragments
[2023-12-12 16:02:26.381] [jointLog] [info] Thread saw mini-batch with a maximum of 7.18% zero probability fragments
[2023-12-12 16:02:26.396] [jointLog] [info] Thread saw mini-batch with a maximum of 6.94% zero probability fragments
[2023-12-12 16:02:26.407] [jointLog] [info] Thread saw mini-batch with a maximum of 6.86% zero probability fragments
[2023-12-12 16:02:26.439] [jointLog] [info] Thread saw mini-batch with a maximum of 6.88% zero probability fragments
[2023-12-12 16:02:26.451] [jointLog] [info] Thread saw mini-batch with a maximum of 7.02% zero probability fragments
[2023-12-12 16:02:26.473] [jointLog] [info] Thread saw mini-batch with a maximum of 6.78% zero probability fragments
[2023-12-12 16:02:26.490] [jointLog] [info] Thread saw mini-batch with a maximum of 7.26% zero probability fragments
[2023-12-12 16:02:26.556] [jointLog] [info] Computed 210,234 rich equivalence classes for further processing
[2023-12-12 16:02:26.556] [jointLog] [info] Counted 40,185,479 total reads in the equivalence classes 
[2023-12-12 16:02:26.559] [jointLog] [info] Number of mappings discarded because of alignment score : 24,090,900
[2023-12-12 16:02:26.559] [jointLog] [info] Number of fragments entirely discarded because of alignment score : 3,600,716
[2023-12-12 16:02:26.559] [jointLog] [info] Number of fragments discarded because they are best-mapped to decoys : 2,827,258
[2023-12-12 16:02:26.559] [jointLog] [info] Number of fragments discarded because they have only dovetail (discordant) mappings to valid targets : 180,324
[2023-12-12 16:02:26.559] [jointLog] [info] Mapping rate = 77.4307%

[2023-12-12 16:02:26.559] [jointLog] [info] finished quantifyLibrary()
[2023-12-12 16:02:26.559] [jointLog] [info] Starting optimizer
[2023-12-12 16:02:26.582] [jointLog] [info] Marked 0 weighted equivalence classes as degenerate
[2023-12-12 16:02:26.588] [jointLog] [info] iteration = 0 | max rel diff. = 5288.79
[2023-12-12 16:02:26.641] [jointLog] [info] iteration 11, adjusting effective lengths to account for biases
[2023-12-12 16:02:26.556] [fileLog] [info] 
At end of round 0
==================
Observed 51898671 total fragments (51898671 in most recent round)

[2023-12-12 16:02:32.159] [jointLog] [info] Computed expected counts (for bias correction)
[2023-12-12 16:02:32.159] [jointLog] [info] processed bias for 0.0% of the transcripts
[2023-12-12 16:02:32.617] [jointLog] [info] processed bias for 10.0% of the transcripts
[2023-12-12 16:02:33.112] [jointLog] [info] processed bias for 20.0% of the transcripts
[2023-12-12 16:02:33.643] [jointLog] [info] processed bias for 30.0% of the transcripts
[2023-12-12 16:02:34.108] [jointLog] [info] processed bias for 40.0% of the transcripts
[2023-12-12 16:02:34.603] [jointLog] [info] processed bias for 50.0% of the transcripts
[2023-12-12 16:02:35.149] [jointLog] [info] processed bias for 60.0% of the transcripts
[2023-12-12 16:02:35.662] [jointLog] [info] processed bias for 70.0% of the transcripts
[2023-12-12 16:02:36.183] [jointLog] [info] processed bias for 80.0% of the transcripts
[2023-12-12 16:02:36.711] [jointLog] [info] processed bias for 90.0% of the transcripts
[2023-12-12 16:02:37.168] [jointLog] [info] processed bias for 100.0% of the transcripts
[2023-12-12 16:02:37.639] [jointLog] [info] iteration = 100 | max rel diff. = 15.6922
[2023-12-12 16:02:38.164] [jointLog] [info] iteration = 200 | max rel diff. = 2.40865
[2023-12-12 16:02:38.688] [jointLog] [info] iteration = 300 | max rel diff. = 1.88128
[2023-12-12 16:02:39.209] [jointLog] [info] iteration = 400 | max rel diff. = 1.19259
[2023-12-12 16:02:39.729] [jointLog] [info] iteration = 500 | max rel diff. = 1.55458
[2023-12-12 16:02:40.250] [jointLog] [info] iteration = 600 | max rel diff. = 0.485345
[2023-12-12 16:02:40.770] [jointLog] [info] iteration = 700 | max rel diff. = 0.126984
[2023-12-12 16:02:41.295] [jointLog] [info] iteration = 800 | max rel diff. = 0.2118
[2023-12-12 16:02:41.817] [jointLog] [info] iteration = 900 | max rel diff. = 0.0809218
[2023-12-12 16:02:42.337] [jointLog] [info] iteration = 1,000 | max rel diff. = 0.0445081
[2023-12-12 16:02:42.758] [jointLog] [info] iteration = 1,082 | max rel diff. = 0.00333745
[2023-12-12 16:02:42.764] [jointLog] [info] Finished optimizer
[2023-12-12 16:02:42.764] [jointLog] [info] writing output 

