[2023-12-12 23:12:23.729] [jointLog] [info] setting maxHashResizeThreads to 10
[2023-12-12 23:12:23.729] [jointLog] [info] Fragment incompatibility prior below threshold.  Incompatible fragments will be ignored.
[2023-12-12 23:12:23.729] [jointLog] [info] Usage of --validateMappings implies use of minScoreFraction. Since not explicitly specified, it is being set to 0.65
[2023-12-12 23:12:23.729] [jointLog] [info] Setting consensusSlack to selective-alignment default of 0.35.
[2023-12-12 23:12:23.729] [jointLog] [info] parsing read library format
[2023-12-12 23:12:23.729] [jointLog] [info] There is 1 library.
[2023-12-12 23:12:23.730] [jointLog] [info] Loading pufferfish index
[2023-12-12 23:12:23.730] [jointLog] [info] Loading dense pufferfish index.
[2023-12-12 23:12:33.544] [jointLog] [info] done
[2023-12-12 23:12:33.562] [jointLog] [info] Index contained 147,865 targets
[2023-12-12 23:12:34.012] [jointLog] [info] Number of decoys : 61
[2023-12-12 23:12:34.012] [jointLog] [info] First decoy index : 147,765 
[2023-12-12 23:12:34.278] [jointLog] [info] Automatically detected most likely library type as ISR

[2023-12-12 23:16:58.287] [jointLog] [info] Thread saw mini-batch with a maximum of 4.12% zero probability fragments
[2023-12-12 23:16:58.288] [jointLog] [info] Thread saw mini-batch with a maximum of 4.16% zero probability fragments
[2023-12-12 23:16:58.288] [jointLog] [info] Thread saw mini-batch with a maximum of 4.20% zero probability fragments
[2023-12-12 23:16:58.293] [jointLog] [info] Thread saw mini-batch with a maximum of 4.04% zero probability fragments
[2023-12-12 23:16:58.301] [jointLog] [info] Thread saw mini-batch with a maximum of 4.04% zero probability fragments
[2023-12-12 23:16:58.313] [jointLog] [info] Thread saw mini-batch with a maximum of 4.12% zero probability fragments
[2023-12-12 23:16:58.350] [jointLog] [info] Thread saw mini-batch with a maximum of 4.22% zero probability fragments
[2023-12-12 23:16:58.367] [jointLog] [info] Thread saw mini-batch with a maximum of 4.26% zero probability fragments
[2023-12-12 23:16:58.392] [jointLog] [info] Thread saw mini-batch with a maximum of 4.18% zero probability fragments
[2023-12-12 23:16:58.429] [jointLog] [info] Thread saw mini-batch with a maximum of 4.08% zero probability fragments
[2023-12-12 23:16:58.484] [jointLog] [info] Computed 219,756 rich equivalence classes for further processing
[2023-12-12 23:16:58.484] [jointLog] [info] Counted 42,251,910 total reads in the equivalence classes 
[2023-12-12 23:16:58.487] [jointLog] [info] Number of mappings discarded because of alignment score : 20,502,630
[2023-12-12 23:16:58.487] [jointLog] [info] Number of fragments entirely discarded because of alignment score : 2,402,948
[2023-12-12 23:16:58.487] [jointLog] [info] Number of fragments discarded because they are best-mapped to decoys : 1,757,070
[2023-12-12 23:16:58.487] [jointLog] [info] Number of fragments discarded because they have only dovetail (discordant) mappings to valid targets : 148,141
[2023-12-12 23:16:58.487] [jointLog] [info] Mapping rate = 78.2291%

[2023-12-12 23:16:58.487] [jointLog] [info] finished quantifyLibrary()
[2023-12-12 23:16:58.487] [jointLog] [info] Starting optimizer
[2023-12-12 23:16:58.511] [jointLog] [info] Marked 0 weighted equivalence classes as degenerate
[2023-12-12 23:16:58.516] [jointLog] [info] iteration = 0 | max rel diff. = 4426.78
[2023-12-12 23:16:58.571] [jointLog] [info] iteration 11, adjusting effective lengths to account for biases
[2023-12-12 23:16:58.484] [fileLog] [info] 
At end of round 0
==================
Observed 54010460 total fragments (54010460 in most recent round)

[2023-12-12 23:17:03.554] [jointLog] [info] Computed expected counts (for bias correction)
[2023-12-12 23:17:03.554] [jointLog] [info] processed bias for 0.0% of the transcripts
[2023-12-12 23:17:03.999] [jointLog] [info] processed bias for 10.0% of the transcripts
[2023-12-12 23:17:04.489] [jointLog] [info] processed bias for 20.0% of the transcripts
[2023-12-12 23:17:04.980] [jointLog] [info] processed bias for 30.0% of the transcripts
[2023-12-12 23:17:05.459] [jointLog] [info] processed bias for 40.0% of the transcripts
[2023-12-12 23:17:05.966] [jointLog] [info] processed bias for 50.0% of the transcripts
[2023-12-12 23:17:06.420] [jointLog] [info] processed bias for 60.0% of the transcripts
[2023-12-12 23:17:06.783] [jointLog] [info] processed bias for 70.0% of the transcripts
[2023-12-12 23:17:07.207] [jointLog] [info] processed bias for 80.0% of the transcripts
[2023-12-12 23:17:07.636] [jointLog] [info] processed bias for 90.0% of the transcripts
[2023-12-12 23:17:08.106] [jointLog] [info] processed bias for 100.0% of the transcripts
[2023-12-12 23:17:08.598] [jointLog] [info] iteration = 100 | max rel diff. = 19.5815
[2023-12-12 23:17:09.141] [jointLog] [info] iteration = 200 | max rel diff. = 4.99813
[2023-12-12 23:17:09.681] [jointLog] [info] iteration = 300 | max rel diff. = 0.582464
[2023-12-12 23:17:10.221] [jointLog] [info] iteration = 400 | max rel diff. = 1.84681
[2023-12-12 23:17:10.762] [jointLog] [info] iteration = 500 | max rel diff. = 9.88607
[2023-12-12 23:17:11.304] [jointLog] [info] iteration = 600 | max rel diff. = 7.8036
[2023-12-12 23:17:11.845] [jointLog] [info] iteration = 700 | max rel diff. = 0.337916
[2023-12-12 23:17:12.385] [jointLog] [info] iteration = 800 | max rel diff. = 0.111792
[2023-12-12 23:17:12.926] [jointLog] [info] iteration = 900 | max rel diff. = 0.19978
[2023-12-12 23:17:13.311] [jointLog] [info] iteration = 972 | max rel diff. = 0.00766456
[2023-12-12 23:17:13.317] [jointLog] [info] Finished optimizer
[2023-12-12 23:17:13.317] [jointLog] [info] writing output 

