[2023-12-12 23:36:34.962] [jointLog] [info] setting maxHashResizeThreads to 10
[2023-12-12 23:36:34.962] [jointLog] [info] Fragment incompatibility prior below threshold.  Incompatible fragments will be ignored.
[2023-12-12 23:36:34.962] [jointLog] [info] Usage of --validateMappings implies use of minScoreFraction. Since not explicitly specified, it is being set to 0.65
[2023-12-12 23:36:34.962] [jointLog] [info] Setting consensusSlack to selective-alignment default of 0.35.
[2023-12-12 23:36:34.962] [jointLog] [info] parsing read library format
[2023-12-12 23:36:34.962] [jointLog] [info] There is 1 library.
[2023-12-12 23:36:34.962] [jointLog] [info] Loading pufferfish index
[2023-12-12 23:36:34.962] [jointLog] [info] Loading dense pufferfish index.
[2023-12-12 23:36:44.773] [jointLog] [info] done
[2023-12-12 23:36:44.791] [jointLog] [info] Index contained 147,865 targets
[2023-12-12 23:36:45.251] [jointLog] [info] Number of decoys : 61
[2023-12-12 23:36:45.251] [jointLog] [info] First decoy index : 147,765 
[2023-12-12 23:36:45.699] [jointLog] [info] Automatically detected most likely library type as ISR

[2023-12-12 23:41:26.374] [jointLog] [info] Thread saw mini-batch with a maximum of 4.10% zero probability fragments
[2023-12-12 23:41:26.397] [jointLog] [info] Thread saw mini-batch with a maximum of 3.98% zero probability fragments
[2023-12-12 23:41:26.412] [jointLog] [info] Thread saw mini-batch with a maximum of 4.12% zero probability fragments
[2023-12-12 23:41:26.414] [jointLog] [info] Thread saw mini-batch with a maximum of 4.06% zero probability fragments
[2023-12-12 23:41:26.427] [jointLog] [info] Thread saw mini-batch with a maximum of 4.14% zero probability fragments
[2023-12-12 23:41:26.465] [jointLog] [info] Thread saw mini-batch with a maximum of 4.12% zero probability fragments
[2023-12-12 23:41:26.513] [jointLog] [info] Thread saw mini-batch with a maximum of 4.20% zero probability fragments
[2023-12-12 23:41:26.513] [jointLog] [info] Thread saw mini-batch with a maximum of 4.32% zero probability fragments
[2023-12-12 23:41:26.523] [jointLog] [info] Thread saw mini-batch with a maximum of 4.06% zero probability fragments
[2023-12-12 23:41:26.571] [jointLog] [info] Thread saw mini-batch with a maximum of 4.06% zero probability fragments
[2023-12-12 23:41:26.635] [jointLog] [info] Computed 248,400 rich equivalence classes for further processing
[2023-12-12 23:41:26.635] [jointLog] [info] Counted 27,350,439 total reads in the equivalence classes 
[2023-12-12 23:41:26.638] [jointLog] [info] Number of mappings discarded because of alignment score : 12,000,927
[2023-12-12 23:41:26.638] [jointLog] [info] Number of fragments entirely discarded because of alignment score : 5,126,446
[2023-12-12 23:41:26.638] [jointLog] [info] Number of fragments discarded because they are best-mapped to decoys : 4,403,708
[2023-12-12 23:41:26.638] [jointLog] [info] Number of fragments discarded because they have only dovetail (discordant) mappings to valid targets : 351,985
[2023-12-12 23:41:26.638] [jointLog] [info] Mapping rate = 54.7632%

[2023-12-12 23:41:26.638] [jointLog] [info] finished quantifyLibrary()
[2023-12-12 23:41:26.638] [jointLog] [info] Starting optimizer
[2023-12-12 23:41:26.663] [jointLog] [info] Marked 0 weighted equivalence classes as degenerate
[2023-12-12 23:41:26.669] [jointLog] [info] iteration = 0 | max rel diff. = 8212.33
[2023-12-12 23:41:26.636] [fileLog] [info] 
At end of round 0
==================
Observed 49943067 total fragments (49943067 in most recent round)

[2023-12-12 23:41:26.723] [jointLog] [info] iteration 11, adjusting effective lengths to account for biases
[2023-12-12 23:41:33.339] [jointLog] [info] Computed expected counts (for bias correction)
[2023-12-12 23:41:33.339] [jointLog] [info] processed bias for 0.0% of the transcripts
[2023-12-12 23:41:33.911] [jointLog] [info] processed bias for 10.0% of the transcripts
[2023-12-12 23:41:34.490] [jointLog] [info] processed bias for 20.0% of the transcripts
[2023-12-12 23:41:35.137] [jointLog] [info] processed bias for 30.0% of the transcripts
[2023-12-12 23:41:35.736] [jointLog] [info] processed bias for 40.0% of the transcripts
[2023-12-12 23:41:36.365] [jointLog] [info] processed bias for 50.0% of the transcripts
[2023-12-12 23:41:36.999] [jointLog] [info] processed bias for 60.0% of the transcripts
[2023-12-12 23:41:37.603] [jointLog] [info] processed bias for 70.0% of the transcripts
[2023-12-12 23:41:38.145] [jointLog] [info] processed bias for 80.0% of the transcripts
[2023-12-12 23:41:38.729] [jointLog] [info] processed bias for 90.0% of the transcripts
[2023-12-12 23:41:39.378] [jointLog] [info] processed bias for 100.0% of the transcripts
[2023-12-12 23:41:39.380] [jointLog] [info] processed bias for 100.0% of the transcripts
[2023-12-12 23:41:39.873] [jointLog] [info] iteration = 100 | max rel diff. = 15.5835
[2023-12-12 23:41:40.415] [jointLog] [info] iteration = 200 | max rel diff. = 8.77063
[2023-12-12 23:41:40.959] [jointLog] [info] iteration = 300 | max rel diff. = 3.74977
[2023-12-12 23:41:41.501] [jointLog] [info] iteration = 400 | max rel diff. = 0.149521
[2023-12-12 23:41:42.043] [jointLog] [info] iteration = 500 | max rel diff. = 4.28425
[2023-12-12 23:41:42.584] [jointLog] [info] iteration = 600 | max rel diff. = 0.128322
[2023-12-12 23:41:43.127] [jointLog] [info] iteration = 700 | max rel diff. = 4.39192
[2023-12-12 23:41:43.670] [jointLog] [info] iteration = 800 | max rel diff. = 0.594007
[2023-12-12 23:41:44.214] [jointLog] [info] iteration = 900 | max rel diff. = 0.152922
[2023-12-12 23:41:44.758] [jointLog] [info] iteration = 1,000 | max rel diff. = 0.117768
[2023-12-12 23:41:45.302] [jointLog] [info] iteration = 1,100 | max rel diff. = 0.197928
[2023-12-12 23:41:45.847] [jointLog] [info] iteration = 1,200 | max rel diff. = 0.0444045
[2023-12-12 23:41:46.390] [jointLog] [info] iteration = 1,300 | max rel diff. = 0.0607461
[2023-12-12 23:41:46.613] [jointLog] [info] iteration = 1,342 | max rel diff. = 0.00808639
[2023-12-12 23:41:46.619] [jointLog] [info] Finished optimizer
[2023-12-12 23:41:46.619] [jointLog] [info] writing output 

