[2024-12-12 16:26:52.910] [jointLog] [info] setting maxHashResizeThreads to 15
[2024-12-12 16:26:52.910] [jointLog] [info] Fragment incompatibility prior below threshold.  Incompatible fragments will be ignored.
[2024-12-12 16:26:52.910] [jointLog] [info] Usage of --validateMappings implies use of minScoreFraction. Since not explicitly specified, it is being set to 0.65
[2024-12-12 16:26:52.910] [jointLog] [info] Setting consensusSlack to selective-alignment default of 0.35.
[2024-12-12 16:26:52.910] [jointLog] [info] parsing read library format
[2024-12-12 16:26:52.910] [jointLog] [info] There is 1 library.
[2024-12-12 16:26:52.910] [jointLog] [info] Loading pufferfish index
[2024-12-12 16:26:52.910] [jointLog] [info] Loading dense pufferfish index.
[2024-12-12 16:27:05.854] [jointLog] [info] done
[2024-12-12 16:27:05.870] [jointLog] [info] Index contained 147,865 targets
[2024-12-12 16:27:06.351] [jointLog] [info] Number of decoys : 61
[2024-12-12 16:27:06.351] [jointLog] [info] First decoy index : 147,765 
[2024-12-12 16:27:47.974] [jointLog] [info] Thread saw mini-batch with a maximum of 2.12% zero probability fragments
[2024-12-12 16:27:47.975] [jointLog] [info] Thread saw mini-batch with a maximum of 2.08% zero probability fragments
[2024-12-12 16:27:47.975] [jointLog] [info] Thread saw mini-batch with a maximum of 2.10% zero probability fragments
[2024-12-12 16:27:47.975] [jointLog] [info] Thread saw mini-batch with a maximum of 2.00% zero probability fragments
[2024-12-12 16:27:47.975] [jointLog] [info] Thread saw mini-batch with a maximum of 2.38% zero probability fragments
[2024-12-12 16:27:47.980] [jointLog] [info] Thread saw mini-batch with a maximum of 1.90% zero probability fragments
[2024-12-12 16:27:47.994] [jointLog] [info] Thread saw mini-batch with a maximum of 2.08% zero probability fragments
[2024-12-12 16:27:47.998] [jointLog] [info] Thread saw mini-batch with a maximum of 1.98% zero probability fragments
[2024-12-12 16:27:48.005] [jointLog] [info] Thread saw mini-batch with a maximum of 2.04% zero probability fragments
[2024-12-12 16:27:48.021] [jointLog] [info] Thread saw mini-batch with a maximum of 2.06% zero probability fragments
[2024-12-12 16:27:48.042] [jointLog] [info] Thread saw mini-batch with a maximum of 2.04% zero probability fragments
[2024-12-12 16:27:48.043] [jointLog] [info] Thread saw mini-batch with a maximum of 1.98% zero probability fragments
[2024-12-12 16:27:48.060] [jointLog] [info] Thread saw mini-batch with a maximum of 2.04% zero probability fragments
[2024-12-12 16:27:48.061] [jointLog] [info] Thread saw mini-batch with a maximum of 1.96% zero probability fragments
[2024-12-12 16:27:48.064] [jointLog] [info] Thread saw mini-batch with a maximum of 1.92% zero probability fragments
[2024-12-12 16:27:48.163] [jointLog] [info] Computed 222,919 rich equivalence classes for further processing
[2024-12-12 16:27:48.163] [jointLog] [info] Counted 21,229,283 total reads in the equivalence classes 
[2024-12-12 16:27:48.171] [jointLog] [info] Number of mappings discarded because of alignment score : 4,407,672
[2024-12-12 16:27:48.171] [jointLog] [info] Number of fragments entirely discarded because of alignment score : 1,181,945
[2024-12-12 16:27:48.171] [jointLog] [info] Number of fragments discarded because they are best-mapped to decoys : 968,980
[2024-12-12 16:27:48.171] [jointLog] [info] Number of fragments discarded because they have only dovetail (discordant) mappings to valid targets : 432,346
[2024-12-12 16:27:48.171] [jointLog] [info] Mapping rate = 90.1068%

[2024-12-12 16:27:48.171] [jointLog] [info] finished quantifyLibrary()
[2024-12-12 16:27:48.171] [jointLog] [info] Starting optimizer
[2024-12-12 16:27:48.210] [jointLog] [info] Marked 0 weighted equivalence classes as degenerate
[2024-12-12 16:27:48.213] [jointLog] [info] iteration = 0 | max rel diff. = 8250.44
[2024-12-12 16:27:48.248] [jointLog] [info] iteration 11, adjusting effective lengths to account for biases
[2024-12-12 16:27:48.163] [fileLog] [info] 
At end of round 0
==================
Observed 23560122 total fragments (23560122 in most recent round)

[2024-12-12 16:27:53.583] [jointLog] [info] Computed expected counts (for bias correction)
[2024-12-12 16:27:53.583] [jointLog] [info] processed bias for 0.0% of the transcripts
[2024-12-12 16:27:54.028] [jointLog] [info] processed bias for 10.0% of the transcripts
[2024-12-12 16:27:54.446] [jointLog] [info] processed bias for 20.0% of the transcripts
[2024-12-12 16:27:54.936] [jointLog] [info] processed bias for 30.0% of the transcripts
[2024-12-12 16:27:55.395] [jointLog] [info] processed bias for 40.0% of the transcripts
[2024-12-12 16:27:55.852] [jointLog] [info] processed bias for 50.0% of the transcripts
[2024-12-12 16:27:56.333] [jointLog] [info] processed bias for 60.0% of the transcripts
[2024-12-12 16:27:56.729] [jointLog] [info] processed bias for 70.0% of the transcripts
[2024-12-12 16:27:57.179] [jointLog] [info] processed bias for 80.0% of the transcripts
[2024-12-12 16:27:57.647] [jointLog] [info] processed bias for 90.0% of the transcripts
[2024-12-12 16:27:58.067] [jointLog] [info] processed bias for 100.0% of the transcripts
[2024-12-12 16:27:58.381] [jointLog] [info] iteration = 100 | max rel diff. = 11.7403
[2024-12-12 16:27:58.729] [jointLog] [info] iteration = 200 | max rel diff. = 16.8992
[2024-12-12 16:27:59.078] [jointLog] [info] iteration = 300 | max rel diff. = 1.76105
[2024-12-12 16:27:59.422] [jointLog] [info] iteration = 400 | max rel diff. = 1.14945
[2024-12-12 16:27:59.769] [jointLog] [info] iteration = 500 | max rel diff. = 2.05282
[2024-12-12 16:28:00.112] [jointLog] [info] iteration = 600 | max rel diff. = 5.59018
[2024-12-12 16:28:00.455] [jointLog] [info] iteration = 700 | max rel diff. = 0.262457
[2024-12-12 16:28:00.799] [jointLog] [info] iteration = 800 | max rel diff. = 18.6654
[2024-12-12 16:28:01.142] [jointLog] [info] iteration = 900 | max rel diff. = 2.7499
[2024-12-12 16:28:01.486] [jointLog] [info] iteration = 1,000 | max rel diff. = 0.161715
[2024-12-12 16:28:01.829] [jointLog] [info] iteration = 1,100 | max rel diff. = 14.5259
[2024-12-12 16:28:02.165] [jointLog] [info] iteration = 1,200 | max rel diff. = 9.01357
[2024-12-12 16:28:02.438] [jointLog] [info] iteration = 1,300 | max rel diff. = 2.68455
[2024-12-12 16:28:02.730] [jointLog] [info] iteration = 1,400 | max rel diff. = 0.0446697
[2024-12-12 16:28:02.893] [jointLog] [info] iteration = 1,457 | max rel diff. = 0.00916357
[2024-12-12 16:28:02.896] [jointLog] [info] Finished optimizer
[2024-12-12 16:28:02.896] [jointLog] [info] writing output 

