[2023-12-12 20:47:29.195] [jointLog] [info] setting maxHashResizeThreads to 10
[2023-12-12 20:47:29.195] [jointLog] [info] Fragment incompatibility prior below threshold.  Incompatible fragments will be ignored.
[2023-12-12 20:47:29.195] [jointLog] [info] Usage of --validateMappings implies use of minScoreFraction. Since not explicitly specified, it is being set to 0.65
[2023-12-12 20:47:29.195] [jointLog] [info] Setting consensusSlack to selective-alignment default of 0.35.
[2023-12-12 20:47:29.195] [jointLog] [info] parsing read library format
[2023-12-12 20:47:29.195] [jointLog] [info] There is 1 library.
[2023-12-12 20:47:29.195] [jointLog] [info] Loading pufferfish index
[2023-12-12 20:47:29.195] [jointLog] [info] Loading dense pufferfish index.
[2023-12-12 20:47:38.970] [jointLog] [info] done
[2023-12-12 20:47:38.987] [jointLog] [info] Index contained 147,865 targets
[2023-12-12 20:47:39.447] [jointLog] [info] Number of decoys : 61
[2023-12-12 20:47:39.447] [jointLog] [info] First decoy index : 147,765 
[2023-12-12 20:47:39.806] [jointLog] [info] Automatically detected most likely library type as ISR

[2023-12-12 20:52:35.306] [jointLog] [info] Thread saw mini-batch with a maximum of 5.32% zero probability fragments
[2023-12-12 20:52:35.306] [jointLog] [info] Thread saw mini-batch with a maximum of 5.18% zero probability fragments
[2023-12-12 20:52:35.326] [jointLog] [info] Thread saw mini-batch with a maximum of 5.24% zero probability fragments
[2023-12-12 20:52:35.356] [jointLog] [info] Thread saw mini-batch with a maximum of 5.42% zero probability fragments
[2023-12-12 20:52:35.363] [jointLog] [info] Thread saw mini-batch with a maximum of 5.30% zero probability fragments
[2023-12-12 20:52:35.371] [jointLog] [info] Thread saw mini-batch with a maximum of 5.34% zero probability fragments
[2023-12-12 20:52:35.411] [jointLog] [info] Thread saw mini-batch with a maximum of 5.18% zero probability fragments
[2023-12-12 20:52:35.443] [jointLog] [info] Thread saw mini-batch with a maximum of 5.12% zero probability fragments
[2023-12-12 20:52:35.444] [jointLog] [info] Thread saw mini-batch with a maximum of 5.26% zero probability fragments
[2023-12-12 20:52:35.445] [jointLog] [info] Thread saw mini-batch with a maximum of 5.18% zero probability fragments
[2023-12-12 20:52:35.503] [jointLog] [info] Computed 257,812 rich equivalence classes for further processing
[2023-12-12 20:52:35.503] [jointLog] [info] Counted 41,371,708 total reads in the equivalence classes 
[2023-12-12 20:52:35.506] [jointLog] [info] Number of mappings discarded because of alignment score : 23,114,581
[2023-12-12 20:52:35.506] [jointLog] [info] Number of fragments entirely discarded because of alignment score : 4,216,229
[2023-12-12 20:52:35.506] [jointLog] [info] Number of fragments discarded because they are best-mapped to decoys : 3,332,339
[2023-12-12 20:52:35.506] [jointLog] [info] Number of fragments discarded because they have only dovetail (discordant) mappings to valid targets : 299,935
[2023-12-12 20:52:35.506] [jointLog] [info] Mapping rate = 73.8001%

[2023-12-12 20:52:35.506] [jointLog] [info] finished quantifyLibrary()
[2023-12-12 20:52:35.506] [jointLog] [info] Starting optimizer
[2023-12-12 20:52:35.532] [jointLog] [info] Marked 0 weighted equivalence classes as degenerate
[2023-12-12 20:52:35.537] [jointLog] [info] iteration = 0 | max rel diff. = 4770.26
[2023-12-12 20:52:35.593] [jointLog] [info] iteration 11, adjusting effective lengths to account for biases
[2023-12-12 20:52:35.504] [fileLog] [info] 
At end of round 0
==================
Observed 56059186 total fragments (56059186 in most recent round)

[2023-12-12 20:52:41.444] [jointLog] [info] Computed expected counts (for bias correction)
[2023-12-12 20:52:41.444] [jointLog] [info] processed bias for 0.0% of the transcripts
[2023-12-12 20:52:41.930] [jointLog] [info] processed bias for 10.0% of the transcripts
[2023-12-12 20:52:42.470] [jointLog] [info] processed bias for 20.0% of the transcripts
[2023-12-12 20:52:43.023] [jointLog] [info] processed bias for 30.0% of the transcripts
[2023-12-12 20:52:43.602] [jointLog] [info] processed bias for 40.0% of the transcripts
[2023-12-12 20:52:44.180] [jointLog] [info] processed bias for 50.0% of the transcripts
[2023-12-12 20:52:44.744] [jointLog] [info] processed bias for 60.0% of the transcripts
[2023-12-12 20:52:45.244] [jointLog] [info] processed bias for 70.0% of the transcripts
[2023-12-12 20:52:45.709] [jointLog] [info] processed bias for 80.0% of the transcripts
[2023-12-12 20:52:46.174] [jointLog] [info] processed bias for 90.0% of the transcripts
[2023-12-12 20:52:46.736] [jointLog] [info] processed bias for 100.0% of the transcripts
[2023-12-12 20:52:47.234] [jointLog] [info] iteration = 100 | max rel diff. = 13.4403
[2023-12-12 20:52:47.784] [jointLog] [info] iteration = 200 | max rel diff. = 11.0462
[2023-12-12 20:52:48.332] [jointLog] [info] iteration = 300 | max rel diff. = 2.5057
[2023-12-12 20:52:48.881] [jointLog] [info] iteration = 400 | max rel diff. = 7.66529
[2023-12-12 20:52:49.428] [jointLog] [info] iteration = 500 | max rel diff. = 0.352856
[2023-12-12 20:52:49.978] [jointLog] [info] iteration = 600 | max rel diff. = 0.700379
[2023-12-12 20:52:50.525] [jointLog] [info] iteration = 700 | max rel diff. = 0.380677
[2023-12-12 20:52:51.073] [jointLog] [info] iteration = 800 | max rel diff. = 0.627466
[2023-12-12 20:52:51.621] [jointLog] [info] iteration = 900 | max rel diff. = 1.19525
[2023-12-12 20:52:52.168] [jointLog] [info] iteration = 1,000 | max rel diff. = 0.0589638
[2023-12-12 20:52:52.715] [jointLog] [info] iteration = 1,100 | max rel diff. = 0.292148
[2023-12-12 20:52:53.266] [jointLog] [info] iteration = 1,200 | max rel diff. = 0.0262885
[2023-12-12 20:52:53.813] [jointLog] [info] iteration = 1,300 | max rel diff. = 0.0278815
[2023-12-12 20:52:54.157] [jointLog] [info] iteration = 1,364 | max rel diff. = 0.00840263
[2023-12-12 20:52:54.163] [jointLog] [info] Finished optimizer
[2023-12-12 20:52:54.163] [jointLog] [info] writing output 

