[2024-12-12 16:24:43.883] [jointLog] [info] setting maxHashResizeThreads to 15
[2024-12-12 16:24:43.883] [jointLog] [info] Fragment incompatibility prior below threshold.  Incompatible fragments will be ignored.
[2024-12-12 16:24:43.883] [jointLog] [info] Usage of --validateMappings implies use of minScoreFraction. Since not explicitly specified, it is being set to 0.65
[2024-12-12 16:24:43.883] [jointLog] [info] Setting consensusSlack to selective-alignment default of 0.35.
[2024-12-12 16:24:43.883] [jointLog] [info] parsing read library format
[2024-12-12 16:24:43.883] [jointLog] [info] There is 1 library.
[2024-12-12 16:24:43.883] [jointLog] [info] Loading pufferfish index
[2024-12-12 16:24:43.883] [jointLog] [info] Loading dense pufferfish index.
[2024-12-12 16:24:53.281] [jointLog] [info] done
[2024-12-12 16:24:53.297] [jointLog] [info] Index contained 147,865 targets
[2024-12-12 16:24:53.771] [jointLog] [info] Number of decoys : 61
[2024-12-12 16:24:53.771] [jointLog] [info] First decoy index : 147,765 
[2024-12-12 16:25:34.619] [jointLog] [info] Thread saw mini-batch with a maximum of 1.50% zero probability fragments
[2024-12-12 16:25:34.619] [jointLog] [info] Thread saw mini-batch with a maximum of 1.68% zero probability fragments
[2024-12-12 16:25:34.626] [jointLog] [info] Thread saw mini-batch with a maximum of 1.60% zero probability fragments
[2024-12-12 16:25:34.628] [jointLog] [info] Thread saw mini-batch with a maximum of 1.58% zero probability fragments
[2024-12-12 16:25:34.630] [jointLog] [info] Thread saw mini-batch with a maximum of 1.60% zero probability fragments
[2024-12-12 16:25:34.631] [jointLog] [info] Thread saw mini-batch with a maximum of 1.76% zero probability fragments
[2024-12-12 16:25:34.664] [jointLog] [info] Thread saw mini-batch with a maximum of 1.76% zero probability fragments
[2024-12-12 16:25:34.666] [jointLog] [info] Thread saw mini-batch with a maximum of 1.58% zero probability fragments
[2024-12-12 16:25:34.676] [jointLog] [info] Thread saw mini-batch with a maximum of 1.72% zero probability fragments
[2024-12-12 16:25:34.679] [jointLog] [info] Thread saw mini-batch with a maximum of 1.58% zero probability fragments
[2024-12-12 16:25:34.687] [jointLog] [info] Thread saw mini-batch with a maximum of 1.62% zero probability fragments
[2024-12-12 16:25:34.694] [jointLog] [info] Thread saw mini-batch with a maximum of 1.54% zero probability fragments
[2024-12-12 16:25:34.700] [jointLog] [info] Thread saw mini-batch with a maximum of 1.60% zero probability fragments
[2024-12-12 16:25:34.703] [jointLog] [info] Thread saw mini-batch with a maximum of 1.72% zero probability fragments
[2024-12-12 16:25:34.704] [jointLog] [info] Thread saw mini-batch with a maximum of 1.64% zero probability fragments
[2024-12-12 16:25:34.793] [jointLog] [info] Computed 327,842 rich equivalence classes for further processing
[2024-12-12 16:25:34.793] [jointLog] [info] Counted 20,378,215 total reads in the equivalence classes 
[2024-12-12 16:25:34.799] [jointLog] [info] Number of mappings discarded because of alignment score : 4,623,540
[2024-12-12 16:25:34.799] [jointLog] [info] Number of fragments entirely discarded because of alignment score : 1,222,990
[2024-12-12 16:25:34.799] [jointLog] [info] Number of fragments discarded because they are best-mapped to decoys : 965,148
[2024-12-12 16:25:34.799] [jointLog] [info] Number of fragments discarded because they have only dovetail (discordant) mappings to valid targets : 457,691
[2024-12-12 16:25:34.799] [jointLog] [info] Mapping rate = 88.7066%

[2024-12-12 16:25:34.799] [jointLog] [info] finished quantifyLibrary()
[2024-12-12 16:25:34.799] [jointLog] [info] Starting optimizer
[2024-12-12 16:25:34.836] [jointLog] [info] Marked 0 weighted equivalence classes as degenerate
[2024-12-12 16:25:34.841] [jointLog] [info] iteration = 0 | max rel diff. = 8164.65
[2024-12-12 16:25:34.887] [jointLog] [info] iteration 11, adjusting effective lengths to account for biases
[2024-12-12 16:25:34.793] [fileLog] [info] 
At end of round 0
==================
Observed 22972611 total fragments (22972611 in most recent round)

[2024-12-12 16:25:39.202] [jointLog] [info] Computed expected counts (for bias correction)
[2024-12-12 16:25:39.202] [jointLog] [info] processed bias for 0.1% of the transcripts
[2024-12-12 16:25:39.556] [jointLog] [info] processed bias for 10.0% of the transcripts
[2024-12-12 16:25:39.927] [jointLog] [info] processed bias for 20.0% of the transcripts
[2024-12-12 16:25:40.321] [jointLog] [info] processed bias for 30.0% of the transcripts
[2024-12-12 16:25:40.743] [jointLog] [info] processed bias for 40.0% of the transcripts
[2024-12-12 16:25:41.144] [jointLog] [info] processed bias for 50.0% of the transcripts
[2024-12-12 16:25:41.495] [jointLog] [info] processed bias for 60.0% of the transcripts
[2024-12-12 16:25:41.900] [jointLog] [info] processed bias for 70.0% of the transcripts
[2024-12-12 16:25:42.229] [jointLog] [info] processed bias for 80.0% of the transcripts
[2024-12-12 16:25:42.611] [jointLog] [info] processed bias for 90.0% of the transcripts
[2024-12-12 16:25:42.981] [jointLog] [info] processed bias for 100.0% of the transcripts
[2024-12-12 16:25:42.983] [jointLog] [info] processed bias for 100.0% of the transcripts
[2024-12-12 16:25:43.383] [jointLog] [info] iteration = 100 | max rel diff. = 19.1759
[2024-12-12 16:25:43.825] [jointLog] [info] iteration = 200 | max rel diff. = 14.5464
[2024-12-12 16:25:44.267] [jointLog] [info] iteration = 300 | max rel diff. = 16.9755
[2024-12-12 16:25:44.710] [jointLog] [info] iteration = 400 | max rel diff. = 0.43765
[2024-12-12 16:25:45.103] [jointLog] [info] iteration = 500 | max rel diff. = 1.46465
[2024-12-12 16:25:45.479] [jointLog] [info] iteration = 600 | max rel diff. = 0.123378
[2024-12-12 16:25:45.857] [jointLog] [info] iteration = 700 | max rel diff. = 8.48618
[2024-12-12 16:25:46.220] [jointLog] [info] iteration = 800 | max rel diff. = 0.0514252
[2024-12-12 16:25:46.583] [jointLog] [info] iteration = 900 | max rel diff. = 0.298893
[2024-12-12 16:25:46.955] [jointLog] [info] iteration = 1,000 | max rel diff. = 0.339888
[2024-12-12 16:25:47.335] [jointLog] [info] iteration = 1,100 | max rel diff. = 0.0823657
[2024-12-12 16:25:47.715] [jointLog] [info] iteration = 1,200 | max rel diff. = 0.016514
[2024-12-12 16:25:48.094] [jointLog] [info] iteration = 1,300 | max rel diff. = 0.0464028
[2024-12-12 16:25:48.348] [jointLog] [info] iteration = 1,368 | max rel diff. = 0.00575028
[2024-12-12 16:25:48.350] [jointLog] [info] Finished optimizer
[2024-12-12 16:25:48.350] [jointLog] [info] writing output 

