[2023-12-12 23:32:29.455] [jointLog] [info] setting maxHashResizeThreads to 10
[2023-12-12 23:32:29.455] [jointLog] [info] Fragment incompatibility prior below threshold.  Incompatible fragments will be ignored.
[2023-12-12 23:32:29.455] [jointLog] [info] Usage of --validateMappings implies use of minScoreFraction. Since not explicitly specified, it is being set to 0.65
[2023-12-12 23:32:29.455] [jointLog] [info] Setting consensusSlack to selective-alignment default of 0.35.
[2023-12-12 23:32:29.455] [jointLog] [info] parsing read library format
[2023-12-12 23:32:29.455] [jointLog] [info] There is 1 library.
[2023-12-12 23:32:29.455] [jointLog] [info] Loading pufferfish index
[2023-12-12 23:32:29.455] [jointLog] [info] Loading dense pufferfish index.
[2023-12-12 23:32:39.266] [jointLog] [info] done
[2023-12-12 23:32:39.283] [jointLog] [info] Index contained 147,865 targets
[2023-12-12 23:32:39.732] [jointLog] [info] Number of decoys : 61
[2023-12-12 23:32:39.732] [jointLog] [info] First decoy index : 147,765 
[2023-12-12 23:32:40.200] [jointLog] [info] Automatically detected most likely library type as ISR

[2023-12-12 23:36:13.401] [jointLog] [info] Thread saw mini-batch with a maximum of 4.00% zero probability fragments
[2023-12-12 23:36:13.449] [jointLog] [info] Thread saw mini-batch with a maximum of 4.02% zero probability fragments
[2023-12-12 23:36:13.466] [jointLog] [info] Thread saw mini-batch with a maximum of 3.88% zero probability fragments
[2023-12-12 23:36:13.478] [jointLog] [info] Thread saw mini-batch with a maximum of 4.18% zero probability fragments
[2023-12-12 23:36:13.486] [jointLog] [info] Thread saw mini-batch with a maximum of 4.14% zero probability fragments
[2023-12-12 23:36:13.520] [jointLog] [info] Thread saw mini-batch with a maximum of 4.14% zero probability fragments
[2023-12-12 23:36:13.526] [jointLog] [info] Thread saw mini-batch with a maximum of 4.12% zero probability fragments
[2023-12-12 23:36:13.546] [jointLog] [info] Thread saw mini-batch with a maximum of 3.90% zero probability fragments
[2023-12-12 23:36:13.549] [jointLog] [info] Thread saw mini-batch with a maximum of 3.98% zero probability fragments
[2023-12-12 23:36:13.590] [jointLog] [info] Thread saw mini-batch with a maximum of 4.20% zero probability fragments
[2023-12-12 23:36:13.646] [jointLog] [info] Computed 214,294 rich equivalence classes for further processing
[2023-12-12 23:36:13.646] [jointLog] [info] Counted 19,424,233 total reads in the equivalence classes 
[2023-12-12 23:36:13.649] [jointLog] [info] Number of mappings discarded because of alignment score : 9,166,173
[2023-12-12 23:36:13.649] [jointLog] [info] Number of fragments entirely discarded because of alignment score : 3,837,044
[2023-12-12 23:36:13.649] [jointLog] [info] Number of fragments discarded because they are best-mapped to decoys : 3,290,278
[2023-12-12 23:36:13.649] [jointLog] [info] Number of fragments discarded because they have only dovetail (discordant) mappings to valid targets : 241,271
[2023-12-12 23:36:13.649] [jointLog] [info] Mapping rate = 51.4392%

[2023-12-12 23:36:13.649] [jointLog] [info] finished quantifyLibrary()
[2023-12-12 23:36:13.649] [jointLog] [info] Starting optimizer
[2023-12-12 23:36:13.674] [jointLog] [info] Marked 0 weighted equivalence classes as degenerate
[2023-12-12 23:36:13.647] [fileLog] [info] 
At end of round 0
==================
Observed 37761551 total fragments (37761551 in most recent round)

[2023-12-12 23:36:13.680] [jointLog] [info] iteration = 0 | max rel diff. = 8030.36
[2023-12-12 23:36:13.733] [jointLog] [info] iteration 11, adjusting effective lengths to account for biases
[2023-12-12 23:36:20.023] [jointLog] [info] Computed expected counts (for bias correction)
[2023-12-12 23:36:20.023] [jointLog] [info] processed bias for 0.0% of the transcripts
[2023-12-12 23:36:20.571] [jointLog] [info] processed bias for 10.0% of the transcripts
[2023-12-12 23:36:21.171] [jointLog] [info] processed bias for 20.0% of the transcripts
[2023-12-12 23:36:21.785] [jointLog] [info] processed bias for 30.0% of the transcripts
[2023-12-12 23:36:22.353] [jointLog] [info] processed bias for 40.0% of the transcripts
[2023-12-12 23:36:22.973] [jointLog] [info] processed bias for 50.0% of the transcripts
[2023-12-12 23:36:23.601] [jointLog] [info] processed bias for 60.0% of the transcripts
[2023-12-12 23:36:24.157] [jointLog] [info] processed bias for 70.0% of the transcripts
[2023-12-12 23:36:24.704] [jointLog] [info] processed bias for 80.0% of the transcripts
[2023-12-12 23:36:25.242] [jointLog] [info] processed bias for 90.0% of the transcripts
[2023-12-12 23:36:25.766] [jointLog] [info] processed bias for 100.0% of the transcripts
[2023-12-12 23:36:26.243] [jointLog] [info] iteration = 100 | max rel diff. = 18.7335
[2023-12-12 23:36:26.768] [jointLog] [info] iteration = 200 | max rel diff. = 1.61042
[2023-12-12 23:36:27.294] [jointLog] [info] iteration = 300 | max rel diff. = 5.46654
[2023-12-12 23:36:27.819] [jointLog] [info] iteration = 400 | max rel diff. = 5.51373
[2023-12-12 23:36:28.343] [jointLog] [info] iteration = 500 | max rel diff. = 0.475211
[2023-12-12 23:36:28.867] [jointLog] [info] iteration = 600 | max rel diff. = 1.34841
[2023-12-12 23:36:29.390] [jointLog] [info] iteration = 700 | max rel diff. = 0.350351
[2023-12-12 23:36:29.913] [jointLog] [info] iteration = 800 | max rel diff. = 0.518383
[2023-12-12 23:36:30.437] [jointLog] [info] iteration = 900 | max rel diff. = 0.247341
[2023-12-12 23:36:30.962] [jointLog] [info] iteration = 1,000 | max rel diff. = 0.454349
[2023-12-12 23:36:31.486] [jointLog] [info] iteration = 1,100 | max rel diff. = 0.0240849
[2023-12-12 23:36:32.013] [jointLog] [info] iteration = 1,200 | max rel diff. = 0.103492
[2023-12-12 23:36:32.537] [jointLog] [info] iteration = 1,300 | max rel diff. = 0.0762933
[2023-12-12 23:36:32.763] [jointLog] [info] iteration = 1,344 | max rel diff. = 0.00649655
[2023-12-12 23:36:32.769] [jointLog] [info] Finished optimizer
[2023-12-12 23:36:32.769] [jointLog] [info] writing output 

